Using pre-set license
Built from '2021.3/staging' branch; Version is '2021.3.6f1 (7da38d85baf6) revision 8233869'; Using compiler version '192829333'; Build Type 'Release'
OS: 'Windows 10  (10.0.19045) 64bit Professional' Language: 'en' Physical Memory: 16231 MB
BatchMode: 1, IsHumanControllingUs: 0, StartBugReporterOnCrash: 0, Is64bit: 1, IsPro: 1

COMMAND LINE ARGUMENTS:
C:\Program Files\Unity\Hub\Editor\2021.3.6f1\Editor\Unity.exe
-adb2
-batchMode
-noUpm
-name
AssetImportWorker3
-projectPath
C:/Users/Angel/Documents/Game-Base-Mobile
-logFile
Logs/AssetImportWorker3.log
-srvPort
56812
Successfully changed project path to: C:/Users/Angel/Documents/Game-Base-Mobile
C:/Users/Angel/Documents/Game-Base-Mobile
[UnityMemory] Configuration Parameters - Can be set up in boot.config
    "memorysetup-bucket-allocator-granularity=16"
    "memorysetup-bucket-allocator-bucket-count=8"
    "memorysetup-bucket-allocator-block-size=33554432"
    "memorysetup-bucket-allocator-block-count=8"
    "memorysetup-main-allocator-block-size=16777216"
    "memorysetup-thread-allocator-block-size=16777216"
    "memorysetup-gfx-main-allocator-block-size=16777216"
    "memorysetup-gfx-thread-allocator-block-size=16777216"
    "memorysetup-cache-allocator-block-size=4194304"
    "memorysetup-typetree-allocator-block-size=2097152"
    "memorysetup-profiler-bucket-allocator-granularity=16"
    "memorysetup-profiler-bucket-allocator-bucket-count=8"
    "memorysetup-profiler-bucket-allocator-block-size=33554432"
    "memorysetup-profiler-bucket-allocator-block-count=8"
    "memorysetup-profiler-allocator-block-size=16777216"
    "memorysetup-profiler-editor-allocator-block-size=1048576"
    "memorysetup-temp-allocator-size-main=16777216"
    "memorysetup-job-temp-allocator-block-size=2097152"
    "memorysetup-job-temp-allocator-block-size-background=1048576"
    "memorysetup-job-temp-allocator-reduction-small-platforms=262144"
    "memorysetup-temp-allocator-size-background-worker=32768"
    "memorysetup-temp-allocator-size-job-worker=262144"
    "memorysetup-temp-allocator-size-preload-manager=33554432"
    "memorysetup-temp-allocator-size-nav-mesh-worker=65536"
    "memorysetup-temp-allocator-size-audio-worker=65536"
    "memorysetup-temp-allocator-size-cloud-worker=32768"
    "memorysetup-temp-allocator-size-gi-baking-worker=262144"
    "memorysetup-temp-allocator-size-gfx=262144"
Refreshing native plugins compatible for Editor in 117.89 ms, found 2 plugins.
Preloading 0 native plugins for Editor in 0.00 ms.
Initialize engine version: 2021.3.6f1 (7da38d85baf6)
[Subsystems] Discovering subsystems at path C:/Program Files/Unity/Hub/Editor/2021.3.6f1/Editor/Data/Resources/UnitySubsystems
[Subsystems] Discovering subsystems at path C:/Users/Angel/Documents/Game-Base-Mobile/Assets
GfxDevice: creating device client; threaded=0; jobified=0
Direct3D:
    Version:  Direct3D 11.0 [level 11.1]
    Renderer: NVIDIA GeForce GTX 1050 Ti (ID=0x1c8c)
    Vendor:   NVIDIA
    VRAM:     4017 MB
    Driver:   31.0.15.2892
Shader 'MysticArsenal/MysticHSV': fallback shader 'Particles/Additive' not found
Shader 'MysticArsenal/MysticHSVSoft': fallback shader 'Particles/Additive' not found
Initialize mono
Mono path[0] = 'C:/Program Files/Unity/Hub/Editor/2021.3.6f1/Editor/Data/Managed'
Mono path[1] = 'C:/Program Files/Unity/Hub/Editor/2021.3.6f1/Editor/Data/MonoBleedingEdge/lib/mono/unityjit-win32'
Mono config path = 'C:/Program Files/Unity/Hub/Editor/2021.3.6f1/Editor/Data/MonoBleedingEdge/etc'
Using monoOptions --debugger-agent=transport=dt_socket,embedding=1,server=y,suspend=n,address=127.0.0.1:56948
Begin MonoManager ReloadAssembly
Registering precompiled unity dll's ...
Register platform support module: C:/Program Files/Unity/Hub/Editor/2021.3.6f1/Editor/Data/PlaybackEngines/WebGLSupport/UnityEditor.WebGL.Extensions.dll
Register platform support module: C:/Program Files/Unity/Hub/Editor/2021.3.6f1/Editor/Data/PlaybackEngines/WindowsStandaloneSupport/UnityEditor.WindowsStandalone.Extensions.dll
Registered in 0.009964 seconds.
Native extension for WindowsStandalone target not found
Native extension for WebGL target not found
Refreshing native plugins compatible for Editor in 87.00 ms, found 2 plugins.
Preloading 0 native plugins for Editor in 0.00 ms.
Mono: successfully reloaded assembly
- Completed reload, in  0.808 seconds
Domain Reload Profiling:
	ReloadAssembly (809ms)
		BeginReloadAssembly (91ms)
			ExecutionOrderSort (0ms)
			DisableScriptedObjects (0ms)
			BackupInstance (0ms)
			ReleaseScriptingObjects (0ms)
			CreateAndSetChildDomain (1ms)
		EndReloadAssembly (568ms)
			LoadAssemblies (87ms)
			RebuildTransferFunctionScriptingTraits (0ms)
			SetupTypeCache (132ms)
			ReleaseScriptCaches (0ms)
			RebuildScriptCaches (30ms)
			SetupLoadedEditorAssemblies (343ms)
				LogAssemblyErrors (0ms)
				InitializePlatformSupportModulesInManaged (11ms)
				SetLoadedEditorAssemblies (0ms)
				RefreshPlugins (87ms)
				BeforeProcessingInitializeOnLoad (1ms)
				ProcessInitializeOnLoadAttributes (166ms)
				ProcessInitializeOnLoadMethodAttributes (77ms)
				AfterProcessingInitializeOnLoad (0ms)
				EditorAssembliesLoaded (0ms)
			ExecutionOrderSort2 (0ms)
			AwakeInstancesAfterBackupRestoration (0ms)
Platform modules already initialized, skipping
Registering precompiled user dll's ...
Registered in 0.009267 seconds.
Begin MonoManager ReloadAssembly
Native extension for WindowsStandalone target not found
Native extension for WebGL target not found
Refreshing native plugins compatible for Editor in 1.86 ms, found 2 plugins.
Preloading 0 native plugins for Editor in 0.00 ms.
Package Manager log level set to [2]
Mono: successfully reloaded assembly
- Completed reload, in  1.460 seconds
Domain Reload Profiling:
	ReloadAssembly (1461ms)
		BeginReloadAssembly (170ms)
			ExecutionOrderSort (0ms)
			DisableScriptedObjects (7ms)
			BackupInstance (0ms)
			ReleaseScriptingObjects (0ms)
			CreateAndSetChildDomain (28ms)
		EndReloadAssembly (1097ms)
			LoadAssemblies (118ms)
			RebuildTransferFunctionScriptingTraits (0ms)
			SetupTypeCache (291ms)
			ReleaseScriptCaches (1ms)
			RebuildScriptCaches (62ms)
			SetupLoadedEditorAssemblies (602ms)
				LogAssemblyErrors (0ms)
				InitializePlatformSupportModulesInManaged (9ms)
				SetLoadedEditorAssemblies (1ms)
				RefreshPlugins (2ms)
				BeforeProcessingInitializeOnLoad (104ms)
				ProcessInitializeOnLoadAttributes (321ms)
				ProcessInitializeOnLoadMethodAttributes (156ms)
				AfterProcessingInitializeOnLoad (9ms)
				EditorAssembliesLoaded (1ms)
			ExecutionOrderSort2 (0ms)
			AwakeInstancesAfterBackupRestoration (7ms)
Platform modules already initialized, skipping
========================================================================
Worker process is ready to serve import requests
Shader 'MysticArsenal/MysticHSV': fallback shader 'Particles/Additive' not found
Shader 'MysticArsenal/MysticHSVSoft': fallback shader 'Particles/Additive' not found
Launched and connected shader compiler UnityShaderCompiler.exe after 0.06 seconds
Refreshing native plugins compatible for Editor in 1.20 ms, found 2 plugins.
Preloading 0 native plugins for Editor in 0.00 ms.
Unloading 3137 Unused Serialized files (Serialized files now loaded: 0)
Unloading 89 unused Assets / (1.3 MB). Loaded Objects now: 3568.
Memory consumption went from 143.6 MB to 142.3 MB.
Total: 7.013800 ms (FindLiveObjects: 0.262700 ms CreateObjectMapping: 0.256500 ms MarkObjects: 6.101900 ms  DeleteObjects: 0.391700 ms)

AssetImportParameters requested are different than current active one (requested -> active):
  custom:video-decoder-ogg-theora: a1e56fd34408186e4bbccfd4996cb3dc -> 
  custom:container-muxer-webm: aa71ff27fc2769a1b78a27578f13a17b -> 
  custom:container-demuxer-webm: 4f35f7cbe854078d1ac9338744f61a02 -> 
  custom:video-encoder-webm-vp8: eb34c28f22e8b96e1ab97ce403110664 -> 
  custom:audio-encoder-webm-vorbis: bf7c407c2cedff20999df2af8eb42d56 -> 
  custom:framework-win-MediaFoundation: 216162199b28c13a410421893ffa2e32 -> 
  custom:container-demuxer-ogg: 62fdf1f143b41e24485cea50d1cbac27 -> 
  custom:video-decoder-webm-vp8: 9c59270c3fd7afecdb556c50c9e8de78 -> 
  custom:audio-decoder-ogg-vorbis: bf7c407c2cedff20999df2af8eb42d56 -> 
========================================================================
Received Import Request.
  Time since last request: 984.775129 seconds.
  path: Assets/Todo/Eric/Assets/TexturaRampa/T_RampaA_Base_color.png
  artifactKey: Guid(0071b001c178cc9488370b20a92c470a) Importer(815301076,1909f56bfc062723c751e8b465ee728b)
Start importing Assets/Todo/Eric/Assets/TexturaRampa/T_RampaA_Base_color.png using Guid(0071b001c178cc9488370b20a92c470a) Importer(815301076,1909f56bfc062723c751e8b465ee728b)  -> (artifact id: 'a9eeec618dd102a645841bb0c3253a9c') in 0.208436 seconds 
========================================================================
Received Import Request.
  Time since last request: 0.000273 seconds.
  path: Assets/Todo/Eric/Assets/TexturaRampa/T_RampaC_Roughness.png
  artifactKey: Guid(b3b19539a9c5ced4f80688a40f041206) Importer(815301076,1909f56bfc062723c751e8b465ee728b)
Start importing Assets/Todo/Eric/Assets/TexturaRampa/T_RampaC_Roughness.png using Guid(b3b19539a9c5ced4f80688a40f041206) Importer(815301076,1909f56bfc062723c751e8b465ee728b)  -> (artifact id: '901f4f7fb29a8b7780732ba00c136216') in 0.050192 seconds 
========================================================================
Received Import Request.
  Time since last request: 1.755975 seconds.
  path: Assets/Todo/Eric/Assets/Box/PF_Box 2.prefab
  artifactKey: Guid(ca76ccb5d3605c94282cddaa741bd42d) Importer(815301076,1909f56bfc062723c751e8b465ee728b)
Start importing Assets/Todo/Eric/Assets/Box/PF_Box 2.prefab using Guid(ca76ccb5d3605c94282cddaa741bd42d) Importer(815301076,1909f56bfc062723c751e8b465ee728b)  -> (artifact id: '6cde747377cc16688c003097f516a899') in 0.243122 seconds 
========================================================================
Received Import Request.
  Time since last request: 12.164972 seconds.
  path: Assets/Todo/Ferran/ModularSet/PreFabs/PF_Ramo.prefab
  artifactKey: Guid(a78f4678f2c6647419b98dcff36f19fe) Importer(815301076,1909f56bfc062723c751e8b465ee728b)
Start importing Assets/Todo/Ferran/ModularSet/PreFabs/PF_Ramo.prefab using Guid(a78f4678f2c6647419b98dcff36f19fe) Importer(815301076,1909f56bfc062723c751e8b465ee728b)  -> (artifact id: '6488130d667790f4fb2ff7d75f3dfce1') in 0.046109 seconds 
========================================================================
Received Import Request.
  Time since last request: 0.000102 seconds.
  path: Assets/Todo/Ferran/ModularSet/PreFabs/PF_WindowMedium.prefab
  artifactKey: Guid(e62eaaedaee9e364d8bf8b052689c2c0) Importer(815301076,1909f56bfc062723c751e8b465ee728b)
Start importing Assets/Todo/Ferran/ModularSet/PreFabs/PF_WindowMedium.prefab using Guid(e62eaaedaee9e364d8bf8b052689c2c0) Importer(815301076,1909f56bfc062723c751e8b465ee728b)  -> (artifact id: '5105021c06fb828f3f193a5f99a24786') in 0.106743 seconds 
========================================================================
Received Prepare
Registering precompiled user dll's ...
Registered in 0.010852 seconds.
Begin MonoManager ReloadAssembly
Native extension for WindowsStandalone target not found
Native extension for WebGL target not found
Refreshing native plugins compatible for Editor in 2.23 ms, found 2 plugins.
Preloading 0 native plugins for Editor in 0.00 ms.
Mono: successfully reloaded assembly
- Completed reload, in  1.764 seconds
Domain Reload Profiling:
	ReloadAssembly (1765ms)
		BeginReloadAssembly (202ms)
			ExecutionOrderSort (0ms)
			DisableScriptedObjects (11ms)
			BackupInstance (0ms)
			ReleaseScriptingObjects (0ms)
			CreateAndSetChildDomain (63ms)
		EndReloadAssembly (1419ms)
			LoadAssemblies (135ms)
			RebuildTransferFunctionScriptingTraits (0ms)
			SetupTypeCache (323ms)
			ReleaseScriptCaches (1ms)
			RebuildScriptCaches (56ms)
			SetupLoadedEditorAssemblies (835ms)
				LogAssemblyErrors (0ms)
				InitializePlatformSupportModulesInManaged (19ms)
				SetLoadedEditorAssemblies (1ms)
				RefreshPlugins (2ms)
				BeforeProcessingInitializeOnLoad (112ms)
				ProcessInitializeOnLoadAttributes (446ms)
				ProcessInitializeOnLoadMethodAttributes (239ms)
				AfterProcessingInitializeOnLoad (15ms)
				EditorAssembliesLoaded (0ms)
			ExecutionOrderSort2 (0ms)
			AwakeInstancesAfterBackupRestoration (14ms)
Platform modules already initialized, skipping
Shader 'MysticArsenal/MysticHSV': fallback shader 'Particles/Additive' not found
Shader 'MysticArsenal/MysticHSVSoft': fallback shader 'Particles/Additive' not found
Refreshing native plugins compatible for Editor in 14.05 ms, found 2 plugins.
Preloading 0 native plugins for Editor in 0.00 ms.
Unloading 3079 Unused Serialized files (Serialized files now loaded: 0)
Unloading 66 unused Assets / (1.3 MB). Loaded Objects now: 3592.
Memory consumption went from 142.5 MB to 141.2 MB.
Total: 15.207500 ms (FindLiveObjects: 0.490700 ms CreateObjectMapping: 0.559300 ms MarkObjects: 13.411400 ms  DeleteObjects: 0.744600 ms)

AssetImportParameters requested are different than current active one (requested -> active):
  custom:video-decoder-ogg-theora: a1e56fd34408186e4bbccfd4996cb3dc -> 
  custom:container-muxer-webm: aa71ff27fc2769a1b78a27578f13a17b -> 
  custom:container-demuxer-webm: 4f35f7cbe854078d1ac9338744f61a02 -> 
  custom:video-encoder-webm-vp8: eb34c28f22e8b96e1ab97ce403110664 -> 
  custom:audio-encoder-webm-vorbis: bf7c407c2cedff20999df2af8eb42d56 -> 
  custom:framework-win-MediaFoundation: 216162199b28c13a410421893ffa2e32 -> 
  custom:container-demuxer-ogg: 62fdf1f143b41e24485cea50d1cbac27 -> 
  custom:video-decoder-webm-vp8: 9c59270c3fd7afecdb556c50c9e8de78 -> 
  custom:audio-decoder-ogg-vorbis: bf7c407c2cedff20999df2af8eb42d56 -> 
========================================================================
Received Import Request.
  Time since last request: 145.858328 seconds.
  path: Assets/Todo/Ferran/ModularSet/PreFabs/Variations/PF_ColumnArc+Border.prefab
  artifactKey: Guid(099a6cfa0a7d16342ae4bbc9c6307fd4) Importer(815301076,1909f56bfc062723c751e8b465ee728b)
Start importing Assets/Todo/Ferran/ModularSet/PreFabs/Variations/PF_ColumnArc+Border.prefab using Guid(099a6cfa0a7d16342ae4bbc9c6307fd4) Importer(815301076,1909f56bfc062723c751e8b465ee728b)  -> (artifact id: 'b44442d72fc1a0d39b6fda4916388bc1') in 0.286337 seconds 
========================================================================
Received Import Request.
  Time since last request: 0.000058 seconds.
  path: Assets/Todo/Ferran/ModularSet/PreFabs/Variations/PF_WallBB+WinMed.prefab
  artifactKey: Guid(ebbb7d712e778a04eb01487cba9fdd2d) Importer(815301076,1909f56bfc062723c751e8b465ee728b)
Start importing Assets/Todo/Ferran/ModularSet/PreFabs/Variations/PF_WallBB+WinMed.prefab using Guid(ebbb7d712e778a04eb01487cba9fdd2d) Importer(815301076,1909f56bfc062723c751e8b465ee728b)  -> (artifact id: '775000ca2965b8a339bb8ef98bf6491a') in 0.107994 seconds 
========================================================================
Received Import Request.
  Time since last request: 0.000037 seconds.
  path: Assets/Todo/Ferran/ModularSet/PreFabs/Variations/PF_WallAB.prefab
  artifactKey: Guid(561840d3f87d14a4abf62d09a659a0c1) Importer(815301076,1909f56bfc062723c751e8b465ee728b)
Start importing Assets/Todo/Ferran/ModularSet/PreFabs/Variations/PF_WallAB.prefab using Guid(561840d3f87d14a4abf62d09a659a0c1) Importer(815301076,1909f56bfc062723c751e8b465ee728b)  -> (artifact id: '311fa559f407df40bf3d370a335ecd81') in 0.093226 seconds 
========================================================================
Received Import Request.
  Time since last request: 0.000106 seconds.
  path: Assets/Todo/Ferran/ModularSet/PreFabs/Variations/PF_WallAB+4Arc.prefab
  artifactKey: Guid(dfad9ca09608c7a4aae24defa6bbd614) Importer(815301076,1909f56bfc062723c751e8b465ee728b)
Start importing Assets/Todo/Ferran/ModularSet/PreFabs/Variations/PF_WallAB+4Arc.prefab using Guid(dfad9ca09608c7a4aae24defa6bbd614) Importer(815301076,1909f56bfc062723c751e8b465ee728b)  -> (artifact id: 'e680c732a3448b5330f0fba05c16de1e') in 0.149480 seconds 
========================================================================
Received Import Request.
  Time since last request: 0.000088 seconds.
  path: Assets/Todo/Ferran/ModularSet/PreFabs/Variations/PF_WallAB+ColBB.prefab
  artifactKey: Guid(11a06e432fade774d808181f17924c3c) Importer(815301076,1909f56bfc062723c751e8b465ee728b)
Start importing Assets/Todo/Ferran/ModularSet/PreFabs/Variations/PF_WallAB+ColBB.prefab using Guid(11a06e432fade774d808181f17924c3c) Importer(815301076,1909f56bfc062723c751e8b465ee728b)  -> (artifact id: 'f955a64674866668a5eca2a9f8565b6a') in 0.173304 seconds 
========================================================================
Received Import Request.
  Time since last request: 0.000063 seconds.
  path: Assets/Todo/Ferran/ModularSet/PreFabs/Variations/PF_WallAB+Win+ColBB.prefab
  artifactKey: Guid(0e7d8e43b5b74db4cb4e58c428e2bd14) Importer(815301076,1909f56bfc062723c751e8b465ee728b)
Start importing Assets/Todo/Ferran/ModularSet/PreFabs/Variations/PF_WallAB+Win+ColBB.prefab using Guid(0e7d8e43b5b74db4cb4e58c428e2bd14) Importer(815301076,1909f56bfc062723c751e8b465ee728b)  -> (artifact id: '7b72de842820c11a6d081f490bf9db83') in 0.193976 seconds 
========================================================================
Received Import Request.
  Time since last request: 0.000039 seconds.
  path: Assets/Todo/Ferran/ModularSet/PreFabs/Variations/PF_WallAB+Win.prefab
  artifactKey: Guid(b21825de7d760094d8e8490b09734d76) Importer(815301076,1909f56bfc062723c751e8b465ee728b)
Start importing Assets/Todo/Ferran/ModularSet/PreFabs/Variations/PF_WallAB+Win.prefab using Guid(b21825de7d760094d8e8490b09734d76) Importer(815301076,1909f56bfc062723c751e8b465ee728b)  -> (artifact id: 'fd51766fcb216f24278906d417cfb0cc') in 0.171693 seconds 
========================================================================
Received Import Request.
  Time since last request: 0.000387 seconds.
  path: Assets/Todo/Ferran/ModularSet/PreFabs/Variations/PF_WallAC.prefab
  artifactKey: Guid(31f0554c9303c5943a6508cb4310c3a4) Importer(815301076,1909f56bfc062723c751e8b465ee728b)
Start importing Assets/Todo/Ferran/ModularSet/PreFabs/Variations/PF_WallAC.prefab using Guid(31f0554c9303c5943a6508cb4310c3a4) Importer(815301076,1909f56bfc062723c751e8b465ee728b)  -> (artifact id: '51a5637bb67e2184144769b2a5cc5c25') in 0.108905 seconds 
========================================================================
Received Import Request.
  Time since last request: 0.000027 seconds.
  path: Assets/Todo/Ferran/ModularSet/PreFabs/Variations/PF_WallBC+ColBB+4Arc.prefab
  artifactKey: Guid(2cd0fab70257963418fa55dd1c3ed43d) Importer(815301076,1909f56bfc062723c751e8b465ee728b)
Start importing Assets/Todo/Ferran/ModularSet/PreFabs/Variations/PF_WallBC+ColBB+4Arc.prefab using Guid(2cd0fab70257963418fa55dd1c3ed43d) Importer(815301076,1909f56bfc062723c751e8b465ee728b)  -> (artifact id: 'ad0f7b502b9fbe5b84e8af7a69ca903f') in 0.204072 seconds 
========================================================================
Received Import Request.
  Time since last request: 61.341952 seconds.
  path: Assets/Todo/Santiago/Props/Textures/Fences_Height.png
  artifactKey: Guid(807bfada9e0583941b926dcfba6586ed) Importer(815301076,1909f56bfc062723c751e8b465ee728b)
Start importing Assets/Todo/Santiago/Props/Textures/Fences_Height.png using Guid(807bfada9e0583941b926dcfba6586ed) Importer(815301076,1909f56bfc062723c751e8b465ee728b)  -> (artifact id: '56b886d9adcdcf45d048cfff8c4dae84') in 0.053314 seconds 
========================================================================
Received Import Request.
  Time since last request: 0.000027 seconds.
  path: Assets/Todo/Santiago/Props/Textures/Fences_Mixed_AO.png
  artifactKey: Guid(9ff0f3f4be55e2140b21e48e810591e9) Importer(815301076,1909f56bfc062723c751e8b465ee728b)
Start importing Assets/Todo/Santiago/Props/Textures/Fences_Mixed_AO.png using Guid(9ff0f3f4be55e2140b21e48e810591e9) Importer(815301076,1909f56bfc062723c751e8b465ee728b)  -> (artifact id: 'dcd6bd54ad510f91dde851bd416ccc44') in 0.047380 seconds 
========================================================================
Received Import Request.
  Time since last request: 0.000033 seconds.
  path: Assets/Todo/Santiago/Props/Textures/Fences_Roughness.png
  artifactKey: Guid(3d52ed342d47ae84e97859421d7c026b) Importer(815301076,1909f56bfc062723c751e8b465ee728b)
Start importing Assets/Todo/Santiago/Props/Textures/Fences_Roughness.png using Guid(3d52ed342d47ae84e97859421d7c026b) Importer(815301076,1909f56bfc062723c751e8b465ee728b)  -> (artifact id: '36840c2457e74805e0d84eb0be3a2214') in 0.044115 seconds 
========================================================================
Received Prepare
Registering precompiled user dll's ...
Registered in 0.012359 seconds.
Begin MonoManager ReloadAssembly
Native extension for WindowsStandalone target not found
Native extension for WebGL target not found
Refreshing native plugins compatible for Editor in 1.18 ms, found 2 plugins.
Preloading 0 native plugins for Editor in 0.00 ms.
Mono: successfully reloaded assembly
- Completed reload, in  1.828 seconds
Domain Reload Profiling:
	ReloadAssembly (1829ms)
		BeginReloadAssembly (200ms)
			ExecutionOrderSort (0ms)
			DisableScriptedObjects (9ms)
			BackupInstance (0ms)
			ReleaseScriptingObjects (0ms)
			CreateAndSetChildDomain (59ms)
		EndReloadAssembly (1475ms)
			LoadAssemblies (133ms)
			RebuildTransferFunctionScriptingTraits (0ms)
			SetupTypeCache (308ms)
			ReleaseScriptCaches (1ms)
			RebuildScriptCaches (66ms)
			SetupLoadedEditorAssemblies (888ms)
				LogAssemblyErrors (0ms)
				InitializePlatformSupportModulesInManaged (20ms)
				SetLoadedEditorAssemblies (1ms)
				RefreshPlugins (1ms)
				BeforeProcessingInitializeOnLoad (107ms)
				ProcessInitializeOnLoadAttributes (477ms)
				ProcessInitializeOnLoadMethodAttributes (268ms)
				AfterProcessingInitializeOnLoad (14ms)
				EditorAssembliesLoaded (0ms)
			ExecutionOrderSort2 (0ms)
			AwakeInstancesAfterBackupRestoration (16ms)
Platform modules already initialized, skipping
Shader 'MysticArsenal/MysticHSV': fallback shader 'Particles/Additive' not found
Shader 'MysticArsenal/MysticHSVSoft': fallback shader 'Particles/Additive' not found
Refreshing native plugins compatible for Editor in 13.18 ms, found 2 plugins.
Preloading 0 native plugins for Editor in 0.00 ms.
Unloading 3079 Unused Serialized files (Serialized files now loaded: 0)
Unloading 66 unused Assets / (1.3 MB). Loaded Objects now: 3608.
Memory consumption went from 142.6 MB to 141.3 MB.
Total: 14.971200 ms (FindLiveObjects: 0.454000 ms CreateObjectMapping: 0.283000 ms MarkObjects: 13.616700 ms  DeleteObjects: 0.615500 ms)

AssetImportParameters requested are different than current active one (requested -> active):
  custom:video-decoder-ogg-theora: a1e56fd34408186e4bbccfd4996cb3dc -> 
  custom:container-muxer-webm: aa71ff27fc2769a1b78a27578f13a17b -> 
  custom:container-demuxer-webm: 4f35f7cbe854078d1ac9338744f61a02 -> 
  custom:video-encoder-webm-vp8: eb34c28f22e8b96e1ab97ce403110664 -> 
  custom:audio-encoder-webm-vorbis: bf7c407c2cedff20999df2af8eb42d56 -> 
  custom:framework-win-MediaFoundation: 216162199b28c13a410421893ffa2e32 -> 
  custom:container-demuxer-ogg: 62fdf1f143b41e24485cea50d1cbac27 -> 
  custom:video-decoder-webm-vp8: 9c59270c3fd7afecdb556c50c9e8de78 -> 
  custom:audio-decoder-ogg-vorbis: bf7c407c2cedff20999df2af8eb42d56 -> 
Editor requested this worker to shutdown with reason: Scaling down because of idle timeout
AssetImportWorker is now disconnected from the server
Process exiting
Exiting without the bug reporter. Application will terminate with return code 0