Using pre-set license
Built from '2021.3/staging' branch; Version is '2021.3.6f1 (7da38d85baf6) revision 8233869'; Using compiler version '192829333'; Build Type 'Release'
OS: 'Windows 10  (10.0.19045) 64bit Professional' Language: 'en' Physical Memory: 16231 MB
BatchMode: 1, IsHumanControllingUs: 0, StartBugReporterOnCrash: 0, Is64bit: 1, IsPro: 1

COMMAND LINE ARGUMENTS:
C:\Program Files\Unity\Hub\Editor\2021.3.6f1\Editor\Unity.exe
-adb2
-batchMode
-noUpm
-name
AssetImportWorker4
-projectPath
C:/Users/Angel/Documents/Game-Base-Mobile
-logFile
Logs/AssetImportWorker4.log
-srvPort
56812
Successfully changed project path to: C:/Users/Angel/Documents/Game-Base-Mobile
C:/Users/Angel/Documents/Game-Base-Mobile
[UnityMemory] Configuration Parameters - Can be set up in boot.config
    "memorysetup-bucket-allocator-granularity=16"
    "memorysetup-bucket-allocator-bucket-count=8"
    "memorysetup-bucket-allocator-block-size=33554432"
    "memorysetup-bucket-allocator-block-count=8"
    "memorysetup-main-allocator-block-size=16777216"
    "memorysetup-thread-allocator-block-size=16777216"
    "memorysetup-gfx-main-allocator-block-size=16777216"
    "memorysetup-gfx-thread-allocator-block-size=16777216"
    "memorysetup-cache-allocator-block-size=4194304"
    "memorysetup-typetree-allocator-block-size=2097152"
    "memorysetup-profiler-bucket-allocator-granularity=16"
    "memorysetup-profiler-bucket-allocator-bucket-count=8"
    "memorysetup-profiler-bucket-allocator-block-size=33554432"
    "memorysetup-profiler-bucket-allocator-block-count=8"
    "memorysetup-profiler-allocator-block-size=16777216"
    "memorysetup-profiler-editor-allocator-block-size=1048576"
    "memorysetup-temp-allocator-size-main=16777216"
    "memorysetup-job-temp-allocator-block-size=2097152"
    "memorysetup-job-temp-allocator-block-size-background=1048576"
    "memorysetup-job-temp-allocator-reduction-small-platforms=262144"
    "memorysetup-temp-allocator-size-background-worker=32768"
    "memorysetup-temp-allocator-size-job-worker=262144"
    "memorysetup-temp-allocator-size-preload-manager=33554432"
    "memorysetup-temp-allocator-size-nav-mesh-worker=65536"
    "memorysetup-temp-allocator-size-audio-worker=65536"
    "memorysetup-temp-allocator-size-cloud-worker=32768"
    "memorysetup-temp-allocator-size-gi-baking-worker=262144"
    "memorysetup-temp-allocator-size-gfx=262144"
Refreshing native plugins compatible for Editor in 179.60 ms, found 2 plugins.
Preloading 0 native plugins for Editor in 0.00 ms.
Initialize engine version: 2021.3.6f1 (7da38d85baf6)
[Subsystems] Discovering subsystems at path C:/Program Files/Unity/Hub/Editor/2021.3.6f1/Editor/Data/Resources/UnitySubsystems
[Subsystems] Discovering subsystems at path C:/Users/Angel/Documents/Game-Base-Mobile/Assets
GfxDevice: creating device client; threaded=0; jobified=0
Direct3D:
    Version:  Direct3D 11.0 [level 11.1]
    Renderer: NVIDIA GeForce GTX 1050 Ti (ID=0x1c8c)
    Vendor:   NVIDIA
    VRAM:     4017 MB
    Driver:   31.0.15.2892
Shader 'MysticArsenal/MysticHSV': fallback shader 'Particles/Additive' not found
Shader 'MysticArsenal/MysticHSVSoft': fallback shader 'Particles/Additive' not found
Initialize mono
Mono path[0] = 'C:/Program Files/Unity/Hub/Editor/2021.3.6f1/Editor/Data/Managed'
Mono path[1] = 'C:/Program Files/Unity/Hub/Editor/2021.3.6f1/Editor/Data/MonoBleedingEdge/lib/mono/unityjit-win32'
Mono config path = 'C:/Program Files/Unity/Hub/Editor/2021.3.6f1/Editor/Data/MonoBleedingEdge/etc'
Using monoOptions --debugger-agent=transport=dt_socket,embedding=1,server=y,suspend=n,address=127.0.0.1:56400
Begin MonoManager ReloadAssembly
Registering precompiled unity dll's ...
Register platform support module: C:/Program Files/Unity/Hub/Editor/2021.3.6f1/Editor/Data/PlaybackEngines/WebGLSupport/UnityEditor.WebGL.Extensions.dll
Register platform support module: C:/Program Files/Unity/Hub/Editor/2021.3.6f1/Editor/Data/PlaybackEngines/WindowsStandaloneSupport/UnityEditor.WindowsStandalone.Extensions.dll
Registered in 0.008999 seconds.
Native extension for WindowsStandalone target not found
Native extension for WebGL target not found
Refreshing native plugins compatible for Editor in 120.30 ms, found 2 plugins.
Preloading 0 native plugins for Editor in 0.00 ms.
Mono: successfully reloaded assembly
- Completed reload, in  0.971 seconds
Domain Reload Profiling:
	ReloadAssembly (972ms)
		BeginReloadAssembly (116ms)
			ExecutionOrderSort (0ms)
			DisableScriptedObjects (0ms)
			BackupInstance (0ms)
			ReleaseScriptingObjects (0ms)
			CreateAndSetChildDomain (2ms)
		EndReloadAssembly (713ms)
			LoadAssemblies (112ms)
			RebuildTransferFunctionScriptingTraits (0ms)
			SetupTypeCache (146ms)
			ReleaseScriptCaches (0ms)
			RebuildScriptCaches (36ms)
			SetupLoadedEditorAssemblies (455ms)
				LogAssemblyErrors (0ms)
				InitializePlatformSupportModulesInManaged (11ms)
				SetLoadedEditorAssemblies (0ms)
				RefreshPlugins (120ms)
				BeforeProcessingInitializeOnLoad (3ms)
				ProcessInitializeOnLoadAttributes (264ms)
				ProcessInitializeOnLoadMethodAttributes (58ms)
				AfterProcessingInitializeOnLoad (0ms)
				EditorAssembliesLoaded (0ms)
			ExecutionOrderSort2 (0ms)
			AwakeInstancesAfterBackupRestoration (0ms)
Platform modules already initialized, skipping
Registering precompiled user dll's ...
Registered in 0.011082 seconds.
Begin MonoManager ReloadAssembly
Native extension for WindowsStandalone target not found
Native extension for WebGL target not found
Refreshing native plugins compatible for Editor in 1.05 ms, found 2 plugins.
Preloading 0 native plugins for Editor in 0.00 ms.
Package Manager log level set to [2]
Mono: successfully reloaded assembly
- Completed reload, in  1.504 seconds
Domain Reload Profiling:
	ReloadAssembly (1505ms)
		BeginReloadAssembly (145ms)
			ExecutionOrderSort (0ms)
			DisableScriptedObjects (7ms)
			BackupInstance (0ms)
			ReleaseScriptingObjects (0ms)
			CreateAndSetChildDomain (33ms)
		EndReloadAssembly (1180ms)
			LoadAssemblies (100ms)
			RebuildTransferFunctionScriptingTraits (0ms)
			SetupTypeCache (289ms)
			ReleaseScriptCaches (1ms)
			RebuildScriptCaches (70ms)
			SetupLoadedEditorAssemblies (653ms)
				LogAssemblyErrors (0ms)
				InitializePlatformSupportModulesInManaged (11ms)
				SetLoadedEditorAssemblies (0ms)
				RefreshPlugins (1ms)
				BeforeProcessingInitializeOnLoad (103ms)
				ProcessInitializeOnLoadAttributes (361ms)
				ProcessInitializeOnLoadMethodAttributes (167ms)
				AfterProcessingInitializeOnLoad (9ms)
				EditorAssembliesLoaded (0ms)
			ExecutionOrderSort2 (0ms)
			AwakeInstancesAfterBackupRestoration (7ms)
Platform modules already initialized, skipping
========================================================================
Worker process is ready to serve import requests
Shader 'MysticArsenal/MysticHSV': fallback shader 'Particles/Additive' not found
Shader 'MysticArsenal/MysticHSVSoft': fallback shader 'Particles/Additive' not found
Launched and connected shader compiler UnityShaderCompiler.exe after 0.06 seconds
Refreshing native plugins compatible for Editor in 1.42 ms, found 2 plugins.
Preloading 0 native plugins for Editor in 0.00 ms.
Unloading 3137 Unused Serialized files (Serialized files now loaded: 0)
Unloading 89 unused Assets / (1.3 MB). Loaded Objects now: 3568.
Memory consumption went from 143.6 MB to 142.3 MB.
Total: 8.096500 ms (FindLiveObjects: 0.317000 ms CreateObjectMapping: 0.282900 ms MarkObjects: 7.107000 ms  DeleteObjects: 0.388600 ms)

AssetImportParameters requested are different than current active one (requested -> active):
  custom:video-decoder-ogg-theora: a1e56fd34408186e4bbccfd4996cb3dc -> 
  custom:container-muxer-webm: aa71ff27fc2769a1b78a27578f13a17b -> 
  custom:container-demuxer-webm: 4f35f7cbe854078d1ac9338744f61a02 -> 
  custom:video-encoder-webm-vp8: eb34c28f22e8b96e1ab97ce403110664 -> 
  custom:audio-encoder-webm-vorbis: bf7c407c2cedff20999df2af8eb42d56 -> 
  custom:framework-win-MediaFoundation: 216162199b28c13a410421893ffa2e32 -> 
  custom:container-demuxer-ogg: 62fdf1f143b41e24485cea50d1cbac27 -> 
  custom:video-decoder-webm-vp8: 9c59270c3fd7afecdb556c50c9e8de78 -> 
  custom:audio-decoder-ogg-vorbis: bf7c407c2cedff20999df2af8eb42d56 -> 
========================================================================
Received Import Request.
  Time since last request: 1161.073359 seconds.
  path: Assets/Todo/Ferran/ModularSet/PreFabs/Variations/PF_ColumnArc+Border.prefab
  artifactKey: Guid(099a6cfa0a7d16342ae4bbc9c6307fd4) Importer(815301076,1909f56bfc062723c751e8b465ee728b)
Start importing Assets/Todo/Ferran/ModularSet/PreFabs/Variations/PF_ColumnArc+Border.prefab using Guid(099a6cfa0a7d16342ae4bbc9c6307fd4) Importer(815301076,1909f56bfc062723c751e8b465ee728b)  -> (artifact id: '8bd4309c395724e660571ca679c3cc3b') in 0.229249 seconds 
========================================================================
Received Import Request.
  Time since last request: 29.852650 seconds.
  path: Assets/Todo/Santiago
  artifactKey: Guid(52644c3f1cd6e794294192fee3d54427) Importer(815301076,1909f56bfc062723c751e8b465ee728b)
Start importing Assets/Todo/Santiago using Guid(52644c3f1cd6e794294192fee3d54427) Importer(815301076,1909f56bfc062723c751e8b465ee728b)  -> (artifact id: '783e0f77d96be10f9be3cfe5d9d99549') in 0.018845 seconds 
========================================================================
Received Import Request.
  Time since last request: 0.868558 seconds.
  path: Assets/Todo/Santiago/Props
  artifactKey: Guid(bf15629eb7c319342a1dde54ced0863e) Importer(815301076,1909f56bfc062723c751e8b465ee728b)
Start importing Assets/Todo/Santiago/Props using Guid(bf15629eb7c319342a1dde54ced0863e) Importer(815301076,1909f56bfc062723c751e8b465ee728b)  -> (artifact id: 'f469e250f7c2bd56e7d45221fbc2fdcf') in 0.020491 seconds 
========================================================================
Received Import Request.
  Time since last request: 1.582570 seconds.
  path: Assets/Todo/Santiago/Props/Prefabs
  artifactKey: Guid(9e856be7b2e72344abf158957e058654) Importer(815301076,1909f56bfc062723c751e8b465ee728b)
Start importing Assets/Todo/Santiago/Props/Prefabs using Guid(9e856be7b2e72344abf158957e058654) Importer(815301076,1909f56bfc062723c751e8b465ee728b)  -> (artifact id: 'ba14a9a5b0af20d84bf2c7bdb8068f67') in 0.016112 seconds 
========================================================================
Received Import Request.
  Time since last request: 0.066137 seconds.
  path: Assets/Todo/Santiago/Props/Prefabs/Fence3x3.prefab
  artifactKey: Guid(f33d368ec04363a4e9d37d9252c8f31f) Importer(815301076,1909f56bfc062723c751e8b465ee728b)
Start importing Assets/Todo/Santiago/Props/Prefabs/Fence3x3.prefab using Guid(f33d368ec04363a4e9d37d9252c8f31f) Importer(815301076,1909f56bfc062723c751e8b465ee728b)  -> (artifact id: '73422378c818b1b77b4462047e8a122b') in 0.043807 seconds 
========================================================================
Received Import Request.
  Time since last request: 11.638417 seconds.
  path: Assets/Todo/Santiago/Props/Prefabs/Fence3x3.prefab
  artifactKey: Guid(f33d368ec04363a4e9d37d9252c8f31f) Importer(815301076,1909f56bfc062723c751e8b465ee728b)
Start importing Assets/Todo/Santiago/Props/Prefabs/Fence3x3.prefab using Guid(f33d368ec04363a4e9d37d9252c8f31f) Importer(815301076,1909f56bfc062723c751e8b465ee728b)  -> (artifact id: 'de22d6344f29a96311db8f7675e1bdf4') in 0.052082 seconds 
========================================================================
Received Import Request.
  Time since last request: 2.682945 seconds.
  path: Assets/Todo/Santiago/Props/Textures
  artifactKey: Guid(29bdcd4a66048bd4cacb44655d689c51) Importer(815301076,1909f56bfc062723c751e8b465ee728b)
Start importing Assets/Todo/Santiago/Props/Textures using Guid(29bdcd4a66048bd4cacb44655d689c51) Importer(815301076,1909f56bfc062723c751e8b465ee728b)  -> (artifact id: '45c20c5bc0e0dd3173076f10203dd2ef') in 0.015449 seconds 
========================================================================
Received Import Request.
  Time since last request: 0.039760 seconds.
  path: Assets/Todo/Santiago/Props/Textures/Fences_Base_color.png
  artifactKey: Guid(e03d4de7fec5e29469bd65e084cdaeb0) Importer(815301076,1909f56bfc062723c751e8b465ee728b)
Start importing Assets/Todo/Santiago/Props/Textures/Fences_Base_color.png using Guid(e03d4de7fec5e29469bd65e084cdaeb0) Importer(815301076,1909f56bfc062723c751e8b465ee728b)  -> (artifact id: '4212edc9561907224b7f7deba06f4dd3') in 0.069562 seconds 
========================================================================
Received Import Request.
  Time since last request: 0.000046 seconds.
  path: Assets/Todo/Santiago/Props/Textures/Fences_Normal_OpenGL.png
  artifactKey: Guid(3d598569da8381040a10dcfcc3a3bc7e) Importer(815301076,1909f56bfc062723c751e8b465ee728b)
Start importing Assets/Todo/Santiago/Props/Textures/Fences_Normal_OpenGL.png using Guid(3d598569da8381040a10dcfcc3a3bc7e) Importer(815301076,1909f56bfc062723c751e8b465ee728b)  -> (artifact id: 'ec2cc7f98f76f9c40650e8e7afb362e6') in 0.048542 seconds 
========================================================================
Received Import Request.
  Time since last request: 3.991090 seconds.
  path: Assets/Todo/Santiago/Props/Meshes
  artifactKey: Guid(3938793d799725641939b6bc28625dc6) Importer(815301076,1909f56bfc062723c751e8b465ee728b)
Start importing Assets/Todo/Santiago/Props/Meshes using Guid(3938793d799725641939b6bc28625dc6) Importer(815301076,1909f56bfc062723c751e8b465ee728b)  -> (artifact id: '1e4e19e1a49132675ce5aa5b2e578036') in 0.003172 seconds 
========================================================================
Received Import Request.
  Time since last request: 0.057472 seconds.
  path: Assets/Todo/Santiago/Props/Meshes/Fence.fbx
  artifactKey: Guid(b6de22a28436fc9469491ad47ee812b3) Importer(815301076,1909f56bfc062723c751e8b465ee728b)
Start importing Assets/Todo/Santiago/Props/Meshes/Fence.fbx using Guid(b6de22a28436fc9469491ad47ee812b3) Importer(815301076,1909f56bfc062723c751e8b465ee728b)  -> (artifact id: 'ea86df5cb4622ca1a252ce15f4a451aa') in 0.064386 seconds 
========================================================================
Received Prepare
Registering precompiled user dll's ...
Registered in 0.010359 seconds.
Begin MonoManager ReloadAssembly
Native extension for WindowsStandalone target not found
Native extension for WebGL target not found
Refreshing native plugins compatible for Editor in 1.24 ms, found 2 plugins.
Preloading 0 native plugins for Editor in 0.00 ms.
Mono: successfully reloaded assembly
- Completed reload, in  1.793 seconds
Domain Reload Profiling:
	ReloadAssembly (1794ms)
		BeginReloadAssembly (198ms)
			ExecutionOrderSort (0ms)
			DisableScriptedObjects (11ms)
			BackupInstance (0ms)
			ReleaseScriptingObjects (0ms)
			CreateAndSetChildDomain (62ms)
		EndReloadAssembly (1448ms)
			LoadAssemblies (129ms)
			RebuildTransferFunctionScriptingTraits (0ms)
			SetupTypeCache (317ms)
			ReleaseScriptCaches (2ms)
			RebuildScriptCaches (61ms)
			SetupLoadedEditorAssemblies (864ms)
				LogAssemblyErrors (0ms)
				InitializePlatformSupportModulesInManaged (18ms)
				SetLoadedEditorAssemblies (1ms)
				RefreshPlugins (1ms)
				BeforeProcessingInitializeOnLoad (98ms)
				ProcessInitializeOnLoadAttributes (477ms)
				ProcessInitializeOnLoadMethodAttributes (253ms)
				AfterProcessingInitializeOnLoad (15ms)
				EditorAssembliesLoaded (0ms)
			ExecutionOrderSort2 (0ms)
			AwakeInstancesAfterBackupRestoration (13ms)
Platform modules already initialized, skipping
Shader 'MysticArsenal/MysticHSV': fallback shader 'Particles/Additive' not found
Shader 'MysticArsenal/MysticHSVSoft': fallback shader 'Particles/Additive' not found
Refreshing native plugins compatible for Editor in 8.63 ms, found 2 plugins.
Preloading 0 native plugins for Editor in 0.00 ms.
Unloading 3079 Unused Serialized files (Serialized files now loaded: 0)
Unloading 67 unused Assets / (1.3 MB). Loaded Objects now: 3596.
Memory consumption went from 142.8 MB to 141.5 MB.
Total: 9.899600 ms (FindLiveObjects: 0.704200 ms CreateObjectMapping: 0.950400 ms MarkObjects: 7.906900 ms  DeleteObjects: 0.332500 ms)

AssetImportParameters requested are different than current active one (requested -> active):
  custom:video-decoder-ogg-theora: a1e56fd34408186e4bbccfd4996cb3dc -> 
  custom:container-muxer-webm: aa71ff27fc2769a1b78a27578f13a17b -> 
  custom:container-demuxer-webm: 4f35f7cbe854078d1ac9338744f61a02 -> 
  custom:video-encoder-webm-vp8: eb34c28f22e8b96e1ab97ce403110664 -> 
  custom:audio-encoder-webm-vorbis: bf7c407c2cedff20999df2af8eb42d56 -> 
  custom:framework-win-MediaFoundation: 216162199b28c13a410421893ffa2e32 -> 
  custom:container-demuxer-ogg: 62fdf1f143b41e24485cea50d1cbac27 -> 
  custom:video-decoder-webm-vp8: 9c59270c3fd7afecdb556c50c9e8de78 -> 
  custom:audio-decoder-ogg-vorbis: bf7c407c2cedff20999df2af8eb42d56 -> 
========================================================================
Received Import Request.
  Time since last request: 121.871903 seconds.
  path: Assets/SkySeries Freebie/ExampleScenes/SceneObjects/2_10.mat
  artifactKey: Guid(eb10b6f571322b443bec8c532c088270) Importer(815301076,1909f56bfc062723c751e8b465ee728b)
Start importing Assets/SkySeries Freebie/ExampleScenes/SceneObjects/2_10.mat using Guid(eb10b6f571322b443bec8c532c088270) Importer(815301076,1909f56bfc062723c751e8b465ee728b)  -> (artifact id: 'a18bec8faeb6ebca94506da835868f9a') in 0.312830 seconds 
========================================================================
Received Import Request.
  Time since last request: 0.000026 seconds.
  path: Assets/Prefabs/Environment/SpeedTree/Palm/Palm_Desktop Materials/Billboard.mat
  artifactKey: Guid(6e680dda9368db5418f19388474277a2) Importer(815301076,1909f56bfc062723c751e8b465ee728b)
Start importing Assets/Prefabs/Environment/SpeedTree/Palm/Palm_Desktop Materials/Billboard.mat using Guid(6e680dda9368db5418f19388474277a2) Importer(815301076,1909f56bfc062723c751e8b465ee728b)  -> (artifact id: 'f7d1395c7f2cc2d0409d4cb774a9b597') in 1.936786 seconds 
========================================================================
Received Import Request.
  Time since last request: 0.000049 seconds.
  path: Assets/TextMesh Pro/Resources/Fonts & Materials/LiberationSans SDF - Drop Shadow.mat
  artifactKey: Guid(e73a58f6e2794ae7b1b7e50b7fb811b0) Importer(815301076,1909f56bfc062723c751e8b465ee728b)
Start importing Assets/TextMesh Pro/Resources/Fonts & Materials/LiberationSans SDF - Drop Shadow.mat using Guid(e73a58f6e2794ae7b1b7e50b7fb811b0) Importer(815301076,1909f56bfc062723c751e8b465ee728b)  -> (artifact id: 'e953a8ebf38b7a28ff94bca5a2b22446') in 0.198207 seconds 
========================================================================
Received Import Request.
  Time since last request: 0.000041 seconds.
  path: Assets/VFX/Materials/groundcrack8x8_yellow_HSV.mat
  artifactKey: Guid(3e4fa9bc935ab034fa5eaeb3ca218757) Importer(815301076,1909f56bfc062723c751e8b465ee728b)
Start importing Assets/VFX/Materials/groundcrack8x8_yellow_HSV.mat using Guid(3e4fa9bc935ab034fa5eaeb3ca218757) Importer(815301076,1909f56bfc062723c751e8b465ee728b)  -> (artifact id: 'e0a7a812bd7df96659b87c93970c4d05') in 0.445233 seconds 
========================================================================
Received Import Request.
  Time since last request: 0.006247 seconds.
  path: Assets/Prefabs/Environment/SpeedTree/Conifer/Conifer_Desktop Materials/LOD1/Fronds_2.mat
  artifactKey: Guid(e183610e060210e44ac38d34e83c54d1) Importer(815301076,1909f56bfc062723c751e8b465ee728b)
Start importing Assets/Prefabs/Environment/SpeedTree/Conifer/Conifer_Desktop Materials/LOD1/Fronds_2.mat using Guid(e183610e060210e44ac38d34e83c54d1) Importer(815301076,1909f56bfc062723c751e8b465ee728b)  -> (artifact id: '676f1ac41f1218578a9098ef911960eb') in 2.289126 seconds 
========================================================================
Received Import Request.
  Time since last request: 0.000199 seconds.
  path: Assets/Prefabs/Environment/SpeedTree/Broadleaf/Broadleaf_Desktop Materials/LOD1/Fronds_2.mat
  artifactKey: Guid(57225f817366f704fb9b710e3865030d) Importer(815301076,1909f56bfc062723c751e8b465ee728b)
Start importing Assets/Prefabs/Environment/SpeedTree/Broadleaf/Broadleaf_Desktop Materials/LOD1/Fronds_2.mat using Guid(57225f817366f704fb9b710e3865030d) Importer(815301076,1909f56bfc062723c751e8b465ee728b)  -> (artifact id: '568e2c1eb22c6c99c846e63533c338f2') in 0.065481 seconds 
========================================================================
Received Import Request.
  Time since last request: 0.000107 seconds.
  path: Assets/Prefabs/Environment/SpeedTree/Palm/Palm_Desktop Materials/LOD2/Fronds_2.mat
  artifactKey: Guid(9b49c2e157c705944beb6767e25cd742) Importer(815301076,1909f56bfc062723c751e8b465ee728b)
Start importing Assets/Prefabs/Environment/SpeedTree/Palm/Palm_Desktop Materials/LOD2/Fronds_2.mat using Guid(9b49c2e157c705944beb6767e25cd742) Importer(815301076,1909f56bfc062723c751e8b465ee728b)  -> (artifact id: 'fbf65700af91d4e7f19dfa3996871923') in 0.123890 seconds 
========================================================================
Received Import Request.
  Time since last request: 0.000041 seconds.
  path: Assets/VFX/Materials/groundcrack8x8_infernal.mat
  artifactKey: Guid(0ef47689674d23240947d2031fc91ed7) Importer(815301076,1909f56bfc062723c751e8b465ee728b)
Start importing Assets/VFX/Materials/groundcrack8x8_infernal.mat using Guid(0ef47689674d23240947d2031fc91ed7) Importer(815301076,1909f56bfc062723c751e8b465ee728b)  -> (artifact id: 'd2a9a0fcd5caa4050be77ed582079286') in 0.214764 seconds 
========================================================================
Received Import Request.
  Time since last request: 0.000043 seconds.
  path: Assets/Prefabs/Environment/SpeedTree/Palm/Palm_Desktop Materials/LOD1/Fronds_2.mat
  artifactKey: Guid(654a2c1b911b36647b211a44a46e6d09) Importer(815301076,1909f56bfc062723c751e8b465ee728b)
Start importing Assets/Prefabs/Environment/SpeedTree/Palm/Palm_Desktop Materials/LOD1/Fronds_2.mat using Guid(654a2c1b911b36647b211a44a46e6d09) Importer(815301076,1909f56bfc062723c751e8b465ee728b)  -> (artifact id: 'a6193b005708b0a18fbd408f622d0a2d') in 0.065636 seconds 
========================================================================
Received Import Request.
  Time since last request: 0.000051 seconds.
  path: Assets/Prefabs/Environment/Water/Water/Materials/WaterProDaytime.mat
  artifactKey: Guid(7350b65a6431f604a8496c39db1ac9c5) Importer(815301076,1909f56bfc062723c751e8b465ee728b)
Start importing Assets/Prefabs/Environment/Water/Water/Materials/WaterProDaytime.mat using Guid(7350b65a6431f604a8496c39db1ac9c5) Importer(815301076,1909f56bfc062723c751e8b465ee728b)  -> (artifact id: 'cf502e408bcc6a32c0e11f56a0b164e3') in 0.181886 seconds 
========================================================================
Received Import Request.
  Time since last request: 1.056894 seconds.
  path: Assets/VFX/Materials/glowstretchy_ground.mat
  artifactKey: Guid(bdd5ac3eeb417dc4cb0f657829f842e8) Importer(815301076,1909f56bfc062723c751e8b465ee728b)
Start importing Assets/VFX/Materials/glowstretchy_ground.mat using Guid(bdd5ac3eeb417dc4cb0f657829f842e8) Importer(815301076,1909f56bfc062723c751e8b465ee728b)  -> (artifact id: '398c5ae7e9736848534f710bb5ea7188') in 0.112901 seconds 
========================================================================
Received Import Request.
  Time since last request: 0.000037 seconds.
  path: Assets/Prefabs/Environment/SpeedTree/Conifer/Conifer_Desktop Materials/LOD0/Branches_0.mat
  artifactKey: Guid(d4880c932a8e12b48a3039233e9634a0) Importer(815301076,1909f56bfc062723c751e8b465ee728b)
Start importing Assets/Prefabs/Environment/SpeedTree/Conifer/Conifer_Desktop Materials/LOD0/Branches_0.mat using Guid(d4880c932a8e12b48a3039233e9634a0) Importer(815301076,1909f56bfc062723c751e8b465ee728b)  -> (artifact id: '3b3e3f7147df5220195e0d571c19bb71') in 1.859596 seconds 
========================================================================
Received Import Request.
  Time since last request: 0.075784 seconds.
  path: Assets/Prefabs/Environment/SpeedTree/Broadleaf/Broadleaf_Desktop Materials/LOD0/Fronds_2.mat
  artifactKey: Guid(e6a8e6ae86a5b904eb64f573f145ecde) Importer(815301076,1909f56bfc062723c751e8b465ee728b)
Start importing Assets/Prefabs/Environment/SpeedTree/Broadleaf/Broadleaf_Desktop Materials/LOD0/Fronds_2.mat using Guid(e6a8e6ae86a5b904eb64f573f145ecde) Importer(815301076,1909f56bfc062723c751e8b465ee728b)  -> (artifact id: 'dd43b965aadacca176c62f4490988622') in 0.179682 seconds 
========================================================================
Received Import Request.
  Time since last request: 0.015198 seconds.
  path: Assets/VFX/Materials/groundcrack8x8_blue_HSV.mat
  artifactKey: Guid(2c885e3b133534b4fae9afe3d3321fb8) Importer(815301076,1909f56bfc062723c751e8b465ee728b)
Start importing Assets/VFX/Materials/groundcrack8x8_blue_HSV.mat using Guid(2c885e3b133534b4fae9afe3d3321fb8) Importer(815301076,1909f56bfc062723c751e8b465ee728b)  -> (artifact id: '24cf20f8f0e9680a32e08ef668497732') in 0.221676 seconds 
========================================================================
Received Import Request.
  Time since last request: 0.000072 seconds.
  path: Assets/VFX/Materials/basicglow_dark.mat
  artifactKey: Guid(c26cb2ce1b8049940b0bd8d4a7392e10) Importer(815301076,1909f56bfc062723c751e8b465ee728b)
Start importing Assets/VFX/Materials/basicglow_dark.mat using Guid(c26cb2ce1b8049940b0bd8d4a7392e10) Importer(815301076,1909f56bfc062723c751e8b465ee728b)  -> (artifact id: '373b8bf754e496d2a0380cd766ab5cea') in 0.320841 seconds 
========================================================================
Received Import Request.
  Time since last request: 0.003017 seconds.
  path: Assets/VFX/Materials/groundcrack8x8_green_HSV.mat
  artifactKey: Guid(6c2b84deed356ce41b49608881cebcde) Importer(815301076,1909f56bfc062723c751e8b465ee728b)
Start importing Assets/VFX/Materials/groundcrack8x8_green_HSV.mat using Guid(6c2b84deed356ce41b49608881cebcde) Importer(815301076,1909f56bfc062723c751e8b465ee728b)  -> (artifact id: '8283b67207dc60db55f46f6fa689478a') in 0.186847 seconds 
========================================================================
Received Import Request.
  Time since last request: 6.180799 seconds.
  path: Assets/Todo/Eric/Assets/ModularSet/ModularSet/Textures
  artifactKey: Guid(1351ff29e79bd164eb8be47add123a08) Importer(815301076,1909f56bfc062723c751e8b465ee728b)
Start importing Assets/Todo/Eric/Assets/ModularSet/ModularSet/Textures using Guid(1351ff29e79bd164eb8be47add123a08) Importer(815301076,1909f56bfc062723c751e8b465ee728b)  -> (artifact id: '98bd1d675ad427a241afe5391acca18a') in 0.066271 seconds 
========================================================================
Received Import Request.
  Time since last request: 0.012248 seconds.
  path: Assets/Todo/Eric/Assets/ModularSet/ModularSet/Textures/T_Wall_3x3_A_AO.png
  artifactKey: Guid(d13bab610cdd761479ec8e5fccd07167) Importer(815301076,1909f56bfc062723c751e8b465ee728b)
Start importing Assets/Todo/Eric/Assets/ModularSet/ModularSet/Textures/T_Wall_3x3_A_AO.png using Guid(d13bab610cdd761479ec8e5fccd07167) Importer(815301076,1909f56bfc062723c751e8b465ee728b)  -> (artifact id: '767ab24f17f67be0da39326e7d2deeca') in 0.118209 seconds 
========================================================================
Received Import Request.
  Time since last request: 0.000048 seconds.
  path: Assets/Todo/Eric/Assets/ModularSet/ModularSet/Textures/T_Wall_3x3_A_N.png
  artifactKey: Guid(4df1e4abd48803d4aa5a0c94b79cb104) Importer(815301076,1909f56bfc062723c751e8b465ee728b)
Start importing Assets/Todo/Eric/Assets/ModularSet/ModularSet/Textures/T_Wall_3x3_A_N.png using Guid(4df1e4abd48803d4aa5a0c94b79cb104) Importer(815301076,1909f56bfc062723c751e8b465ee728b)  -> (artifact id: '7058a0b4b847e585a5a0e7194c93f993') in 0.088480 seconds 
========================================================================
Received Import Request.
  Time since last request: 84.936308 seconds.
  path: Assets/Todo/Eric/Assets/ModularSet/ModularSet/Meshes/FP_BaseMapa.prefab
  artifactKey: Guid(0b4a4d1db2411d34e81d7722c8f46be0) Importer(815301076,1909f56bfc062723c751e8b465ee728b)
Start importing Assets/Todo/Eric/Assets/ModularSet/ModularSet/Meshes/FP_BaseMapa.prefab using Guid(0b4a4d1db2411d34e81d7722c8f46be0) Importer(815301076,1909f56bfc062723c751e8b465ee728b)  -> (artifact id: '899fa1a211de103f7e3e8f6d2e22e97a') in 0.694792 seconds 
========================================================================
Received Prepare
Registering precompiled user dll's ...
Registered in 0.008780 seconds.
Begin MonoManager ReloadAssembly
Native extension for WindowsStandalone target not found
Native extension for WebGL target not found
Refreshing native plugins compatible for Editor in 1.27 ms, found 2 plugins.
Preloading 0 native plugins for Editor in 0.00 ms.
Mono: successfully reloaded assembly
- Completed reload, in  1.642 seconds
Domain Reload Profiling:
	ReloadAssembly (1643ms)
		BeginReloadAssembly (187ms)
			ExecutionOrderSort (0ms)
			DisableScriptedObjects (7ms)
			BackupInstance (0ms)
			ReleaseScriptingObjects (0ms)
			CreateAndSetChildDomain (55ms)
		EndReloadAssembly (1307ms)
			LoadAssemblies (124ms)
			RebuildTransferFunctionScriptingTraits (0ms)
			SetupTypeCache (302ms)
			ReleaseScriptCaches (1ms)
			RebuildScriptCaches (56ms)
			SetupLoadedEditorAssemblies (769ms)
				LogAssemblyErrors (0ms)
				InitializePlatformSupportModulesInManaged (24ms)
				SetLoadedEditorAssemblies (1ms)
				RefreshPlugins (1ms)
				BeforeProcessingInitializeOnLoad (90ms)
				ProcessInitializeOnLoadAttributes (433ms)
				ProcessInitializeOnLoadMethodAttributes (207ms)
				AfterProcessingInitializeOnLoad (12ms)
				EditorAssembliesLoaded (0ms)
			ExecutionOrderSort2 (0ms)
			AwakeInstancesAfterBackupRestoration (11ms)
Platform modules already initialized, skipping
Shader 'MysticArsenal/MysticHSV': fallback shader 'Particles/Additive' not found
Shader 'MysticArsenal/MysticHSVSoft': fallback shader 'Particles/Additive' not found
Refreshing native plugins compatible for Editor in 9.78 ms, found 2 plugins.
Preloading 0 native plugins for Editor in 0.00 ms.
Unloading 3079 Unused Serialized files (Serialized files now loaded: 0)
Unloading 66 unused Assets / (1.3 MB). Loaded Objects now: 3650.
Memory consumption went from 149.2 MB to 147.9 MB.
Total: 8.743000 ms (FindLiveObjects: 0.343500 ms CreateObjectMapping: 0.165700 ms MarkObjects: 7.979800 ms  DeleteObjects: 0.252800 ms)

AssetImportParameters requested are different than current active one (requested -> active):
  custom:video-decoder-ogg-theora: a1e56fd34408186e4bbccfd4996cb3dc -> 
  custom:container-muxer-webm: aa71ff27fc2769a1b78a27578f13a17b -> 
  custom:container-demuxer-webm: 4f35f7cbe854078d1ac9338744f61a02 -> 
  custom:video-encoder-webm-vp8: eb34c28f22e8b96e1ab97ce403110664 -> 
  custom:audio-encoder-webm-vorbis: bf7c407c2cedff20999df2af8eb42d56 -> 
  custom:framework-win-MediaFoundation: 216162199b28c13a410421893ffa2e32 -> 
  custom:container-demuxer-ogg: 62fdf1f143b41e24485cea50d1cbac27 -> 
  custom:video-decoder-webm-vp8: 9c59270c3fd7afecdb556c50c9e8de78 -> 
  custom:audio-decoder-ogg-vorbis: bf7c407c2cedff20999df2af8eb42d56 -> 
========================================================================
Received Prepare
Registering precompiled user dll's ...
Registered in 0.009107 seconds.
Begin MonoManager ReloadAssembly
Native extension for WindowsStandalone target not found
Native extension for WebGL target not found
Refreshing native plugins compatible for Editor in 1.53 ms, found 2 plugins.
Preloading 0 native plugins for Editor in 0.00 ms.
Mono: successfully reloaded assembly
- Completed reload, in  1.634 seconds
Domain Reload Profiling:
	ReloadAssembly (1636ms)
		BeginReloadAssembly (181ms)
			ExecutionOrderSort (0ms)
			DisableScriptedObjects (8ms)
			BackupInstance (0ms)
			ReleaseScriptingObjects (0ms)
			CreateAndSetChildDomain (56ms)
		EndReloadAssembly (1316ms)
			LoadAssemblies (121ms)
			RebuildTransferFunctionScriptingTraits (0ms)
			SetupTypeCache (289ms)
			ReleaseScriptCaches (1ms)
			RebuildScriptCaches (57ms)
			SetupLoadedEditorAssemblies (785ms)
				LogAssemblyErrors (0ms)
				InitializePlatformSupportModulesInManaged (19ms)
				SetLoadedEditorAssemblies (1ms)
				RefreshPlugins (2ms)
				BeforeProcessingInitializeOnLoad (94ms)
				ProcessInitializeOnLoadAttributes (412ms)
				ProcessInitializeOnLoadMethodAttributes (248ms)
				AfterProcessingInitializeOnLoad (11ms)
				EditorAssembliesLoaded (0ms)
			ExecutionOrderSort2 (0ms)
			AwakeInstancesAfterBackupRestoration (12ms)
Platform modules already initialized, skipping
Shader 'MysticArsenal/MysticHSV': fallback shader 'Particles/Additive' not found
Shader 'MysticArsenal/MysticHSVSoft': fallback shader 'Particles/Additive' not found
Refreshing native plugins compatible for Editor in 9.64 ms, found 2 plugins.
Preloading 0 native plugins for Editor in 0.00 ms.
Unloading 3079 Unused Serialized files (Serialized files now loaded: 0)
Unloading 66 unused Assets / (1.3 MB). Loaded Objects now: 3666.
Memory consumption went from 149.2 MB to 147.9 MB.
Total: 10.636100 ms (FindLiveObjects: 0.385500 ms CreateObjectMapping: 0.412200 ms MarkObjects: 9.149000 ms  DeleteObjects: 0.687000 ms)

AssetImportParameters requested are different than current active one (requested -> active):
  custom:video-decoder-ogg-theora: a1e56fd34408186e4bbccfd4996cb3dc -> 
  custom:container-muxer-webm: aa71ff27fc2769a1b78a27578f13a17b -> 
  custom:container-demuxer-webm: 4f35f7cbe854078d1ac9338744f61a02 -> 
  custom:video-encoder-webm-vp8: eb34c28f22e8b96e1ab97ce403110664 -> 
  custom:audio-encoder-webm-vorbis: bf7c407c2cedff20999df2af8eb42d56 -> 
  custom:framework-win-MediaFoundation: 216162199b28c13a410421893ffa2e32 -> 
  custom:container-demuxer-ogg: 62fdf1f143b41e24485cea50d1cbac27 -> 
  custom:video-decoder-webm-vp8: 9c59270c3fd7afecdb556c50c9e8de78 -> 
  custom:audio-decoder-ogg-vorbis: bf7c407c2cedff20999df2af8eb42d56 -> 
========================================================================
Received Import Request.
  Time since last request: 273.701699 seconds.
  path: Assets/Props
  artifactKey: Guid(63f92648d29fe304496d3a8068f53870) Importer(815301076,1909f56bfc062723c751e8b465ee728b)
Start importing Assets/Props using Guid(63f92648d29fe304496d3a8068f53870) Importer(815301076,1909f56bfc062723c751e8b465ee728b)  -> (artifact id: '07ad3de6ef7920dfbbe985aea1d2f57b') in 0.012153 seconds 
========================================================================
Received Import Request.
  Time since last request: 24.793148 seconds.
  path: Assets/Props/Prefabs
  artifactKey: Guid(b446f0c0e0592fc4fa5c8c60aff944d4) Importer(815301076,1909f56bfc062723c751e8b465ee728b)
Start importing Assets/Props/Prefabs using Guid(b446f0c0e0592fc4fa5c8c60aff944d4) Importer(815301076,1909f56bfc062723c751e8b465ee728b)  -> (artifact id: '9a79ce2fa406057ce7dba75b615d7aa5') in 0.020505 seconds 
========================================================================
Received Import Request.
  Time since last request: 0.047564 seconds.
  path: Assets/Props/Prefabs/ButtonStation_01.prefab
  artifactKey: Guid(fa97e517f7dc2e8438169ab9aa4fbeba) Importer(815301076,1909f56bfc062723c751e8b465ee728b)
Start importing Assets/Props/Prefabs/ButtonStation_01.prefab using Guid(fa97e517f7dc2e8438169ab9aa4fbeba) Importer(815301076,1909f56bfc062723c751e8b465ee728b)  -> (artifact id: '7040bcdd1b1e2ce7a16a6d3c56adff3c') in 0.186374 seconds 
========================================================================
Received Import Request.
  Time since last request: 0.000038 seconds.
  path: Assets/Props/Prefabs/Memoy_02.prefab
  artifactKey: Guid(15ef8d93b588544419e16f926fda6ca0) Importer(815301076,1909f56bfc062723c751e8b465ee728b)
Start importing Assets/Props/Prefabs/Memoy_02.prefab using Guid(15ef8d93b588544419e16f926fda6ca0) Importer(815301076,1909f56bfc062723c751e8b465ee728b)  -> (artifact id: '92be7fe543e7ea59d93f2ac05010c334') in 0.049828 seconds 
========================================================================
Received Import Request.
  Time since last request: 0.000097 seconds.
  path: Assets/Props/Prefabs/Memoy_01.prefab
  artifactKey: Guid(cd6069998ca4e3947978158cd7a9304b) Importer(815301076,1909f56bfc062723c751e8b465ee728b)
Start importing Assets/Props/Prefabs/Memoy_01.prefab using Guid(cd6069998ca4e3947978158cd7a9304b) Importer(815301076,1909f56bfc062723c751e8b465ee728b)  -> (artifact id: '0f4647bf015834d8ca349378bcd94bd2') in 0.042886 seconds 
========================================================================
Received Import Request.
  Time since last request: 0.000029 seconds.
  path: Assets/Props/Prefabs/Memoy_04.prefab
  artifactKey: Guid(8f51a43274087e343b46590f5563d348) Importer(815301076,1909f56bfc062723c751e8b465ee728b)
Start importing Assets/Props/Prefabs/Memoy_04.prefab using Guid(8f51a43274087e343b46590f5563d348) Importer(815301076,1909f56bfc062723c751e8b465ee728b)  -> (artifact id: '6e49a27ae46126f02830bf87321c68aa') in 0.041857 seconds 
========================================================================
Received Import Request.
  Time since last request: 0.000035 seconds.
  path: Assets/Props/Prefabs/Memoy_03.prefab
  artifactKey: Guid(713747d01d2b7b249a96ee893b17a49b) Importer(815301076,1909f56bfc062723c751e8b465ee728b)
Start importing Assets/Props/Prefabs/Memoy_03.prefab using Guid(713747d01d2b7b249a96ee893b17a49b) Importer(815301076,1909f56bfc062723c751e8b465ee728b)  -> (artifact id: '11b5506d572dedcba01c80ef119e4611') in 0.042090 seconds 
Editor requested this worker to shutdown with reason: Scaling down because of idle timeout
AssetImportWorker is now disconnected from the server
Process exiting
Exiting without the bug reporter. Application will terminate with return code 0