Using pre-set license
Built from '2021.3/staging' branch; Version is '2021.3.6f1 (7da38d85baf6) revision 8233869'; Using compiler version '192829333'; Build Type 'Release'
OS: 'Windows 10  (10.0.19045) 64bit Professional' Language: 'en' Physical Memory: 16231 MB
BatchMode: 1, IsHumanControllingUs: 0, StartBugReporterOnCrash: 0, Is64bit: 1, IsPro: 1

COMMAND LINE ARGUMENTS:
C:\Program Files\Unity\Hub\Editor\2021.3.6f1\Editor\Unity.exe
-adb2
-batchMode
-noUpm
-name
AssetImportWorker0
-projectPath
C:/Users/Angel/Documents/Game-Base-Mobile
-logFile
Logs/AssetImportWorker0.log
-srvPort
56812
Successfully changed project path to: C:/Users/Angel/Documents/Game-Base-Mobile
C:/Users/Angel/Documents/Game-Base-Mobile
[UnityMemory] Configuration Parameters - Can be set up in boot.config
    "memorysetup-bucket-allocator-granularity=16"
    "memorysetup-bucket-allocator-bucket-count=8"
    "memorysetup-bucket-allocator-block-size=33554432"
    "memorysetup-bucket-allocator-block-count=8"
    "memorysetup-main-allocator-block-size=16777216"
    "memorysetup-thread-allocator-block-size=16777216"
    "memorysetup-gfx-main-allocator-block-size=16777216"
    "memorysetup-gfx-thread-allocator-block-size=16777216"
    "memorysetup-cache-allocator-block-size=4194304"
    "memorysetup-typetree-allocator-block-size=2097152"
    "memorysetup-profiler-bucket-allocator-granularity=16"
    "memorysetup-profiler-bucket-allocator-bucket-count=8"
    "memorysetup-profiler-bucket-allocator-block-size=33554432"
    "memorysetup-profiler-bucket-allocator-block-count=8"
    "memorysetup-profiler-allocator-block-size=16777216"
    "memorysetup-profiler-editor-allocator-block-size=1048576"
    "memorysetup-temp-allocator-size-main=16777216"
    "memorysetup-job-temp-allocator-block-size=2097152"
    "memorysetup-job-temp-allocator-block-size-background=1048576"
    "memorysetup-job-temp-allocator-reduction-small-platforms=262144"
    "memorysetup-temp-allocator-size-background-worker=32768"
    "memorysetup-temp-allocator-size-job-worker=262144"
    "memorysetup-temp-allocator-size-preload-manager=33554432"
    "memorysetup-temp-allocator-size-nav-mesh-worker=65536"
    "memorysetup-temp-allocator-size-audio-worker=65536"
    "memorysetup-temp-allocator-size-cloud-worker=32768"
    "memorysetup-temp-allocator-size-gi-baking-worker=262144"
    "memorysetup-temp-allocator-size-gfx=262144"
Refreshing native plugins compatible for Editor in 81.38 ms, found 2 plugins.
Preloading 0 native plugins for Editor in 0.00 ms.
Initialize engine version: 2021.3.6f1 (7da38d85baf6)
[Subsystems] Discovering subsystems at path C:/Program Files/Unity/Hub/Editor/2021.3.6f1/Editor/Data/Resources/UnitySubsystems
[Subsystems] Discovering subsystems at path C:/Users/Angel/Documents/Game-Base-Mobile/Assets
GfxDevice: creating device client; threaded=0; jobified=0
Direct3D:
    Version:  Direct3D 11.0 [level 11.1]
    Renderer: NVIDIA GeForce GTX 1050 Ti (ID=0x1c8c)
    Vendor:   NVIDIA
    VRAM:     4017 MB
    Driver:   31.0.15.2892
Shader 'MysticArsenal/MysticHSV': fallback shader 'Particles/Additive' not found
Shader 'MysticArsenal/MysticHSVSoft': fallback shader 'Particles/Additive' not found
Initialize mono
Mono path[0] = 'C:/Program Files/Unity/Hub/Editor/2021.3.6f1/Editor/Data/Managed'
Mono path[1] = 'C:/Program Files/Unity/Hub/Editor/2021.3.6f1/Editor/Data/MonoBleedingEdge/lib/mono/unityjit-win32'
Mono config path = 'C:/Program Files/Unity/Hub/Editor/2021.3.6f1/Editor/Data/MonoBleedingEdge/etc'
Using monoOptions --debugger-agent=transport=dt_socket,embedding=1,server=y,suspend=n,address=127.0.0.1:56592
Begin MonoManager ReloadAssembly
Registering precompiled unity dll's ...
Register platform support module: C:/Program Files/Unity/Hub/Editor/2021.3.6f1/Editor/Data/PlaybackEngines/WebGLSupport/UnityEditor.WebGL.Extensions.dll
Register platform support module: C:/Program Files/Unity/Hub/Editor/2021.3.6f1/Editor/Data/PlaybackEngines/WindowsStandaloneSupport/UnityEditor.WindowsStandalone.Extensions.dll
Registered in 0.008073 seconds.
Native extension for WindowsStandalone target not found
Native extension for WebGL target not found
Refreshing native plugins compatible for Editor in 71.93 ms, found 2 plugins.
Preloading 0 native plugins for Editor in 0.00 ms.
Mono: successfully reloaded assembly
- Completed reload, in  0.684 seconds
Domain Reload Profiling:
	ReloadAssembly (685ms)
		BeginReloadAssembly (74ms)
			ExecutionOrderSort (0ms)
			DisableScriptedObjects (0ms)
			BackupInstance (0ms)
			ReleaseScriptingObjects (0ms)
			CreateAndSetChildDomain (1ms)
		EndReloadAssembly (482ms)
			LoadAssemblies (72ms)
			RebuildTransferFunctionScriptingTraits (0ms)
			SetupTypeCache (131ms)
			ReleaseScriptCaches (0ms)
			RebuildScriptCaches (30ms)
			SetupLoadedEditorAssemblies (268ms)
				LogAssemblyErrors (0ms)
				InitializePlatformSupportModulesInManaged (10ms)
				SetLoadedEditorAssemblies (0ms)
				RefreshPlugins (72ms)
				BeforeProcessingInitializeOnLoad (1ms)
				ProcessInitializeOnLoadAttributes (140ms)
				ProcessInitializeOnLoadMethodAttributes (45ms)
				AfterProcessingInitializeOnLoad (0ms)
				EditorAssembliesLoaded (0ms)
			ExecutionOrderSort2 (0ms)
			AwakeInstancesAfterBackupRestoration (0ms)
Platform modules already initialized, skipping
Registering precompiled user dll's ...
Registered in 0.007868 seconds.
Begin MonoManager ReloadAssembly
Native extension for WindowsStandalone target not found
Native extension for WebGL target not found
Refreshing native plugins compatible for Editor in 1.05 ms, found 2 plugins.
Preloading 0 native plugins for Editor in 0.00 ms.
Package Manager log level set to [2]
Mono: successfully reloaded assembly
- Completed reload, in  1.225 seconds
Domain Reload Profiling:
	ReloadAssembly (1225ms)
		BeginReloadAssembly (131ms)
			ExecutionOrderSort (0ms)
			DisableScriptedObjects (6ms)
			BackupInstance (0ms)
			ReleaseScriptingObjects (0ms)
			CreateAndSetChildDomain (27ms)
		EndReloadAssembly (957ms)
			LoadAssemblies (102ms)
			RebuildTransferFunctionScriptingTraits (0ms)
			SetupTypeCache (229ms)
			ReleaseScriptCaches (1ms)
			RebuildScriptCaches (68ms)
			SetupLoadedEditorAssemblies (521ms)
				LogAssemblyErrors (0ms)
				InitializePlatformSupportModulesInManaged (8ms)
				SetLoadedEditorAssemblies (0ms)
				RefreshPlugins (1ms)
				BeforeProcessingInitializeOnLoad (89ms)
				ProcessInitializeOnLoadAttributes (278ms)
				ProcessInitializeOnLoadMethodAttributes (134ms)
				AfterProcessingInitializeOnLoad (11ms)
				EditorAssembliesLoaded (0ms)
			ExecutionOrderSort2 (0ms)
			AwakeInstancesAfterBackupRestoration (10ms)
Platform modules already initialized, skipping
========================================================================
Worker process is ready to serve import requests
Shader 'MysticArsenal/MysticHSV': fallback shader 'Particles/Additive' not found
Shader 'MysticArsenal/MysticHSVSoft': fallback shader 'Particles/Additive' not found
Launched and connected shader compiler UnityShaderCompiler.exe after 0.05 seconds
Refreshing native plugins compatible for Editor in 1.01 ms, found 2 plugins.
Preloading 0 native plugins for Editor in 0.00 ms.
Unloading 3137 Unused Serialized files (Serialized files now loaded: 0)
Unloading 89 unused Assets / (1.3 MB). Loaded Objects now: 3568.
Memory consumption went from 143.2 MB to 141.9 MB.
Total: 7.061500 ms (FindLiveObjects: 0.343100 ms CreateObjectMapping: 0.261100 ms MarkObjects: 6.086900 ms  DeleteObjects: 0.369200 ms)

AssetImportParameters requested are different than current active one (requested -> active):
  custom:video-decoder-ogg-theora: a1e56fd34408186e4bbccfd4996cb3dc -> 
  custom:container-muxer-webm: aa71ff27fc2769a1b78a27578f13a17b -> 
  custom:container-demuxer-webm: 4f35f7cbe854078d1ac9338744f61a02 -> 
  custom:video-encoder-webm-vp8: eb34c28f22e8b96e1ab97ce403110664 -> 
  custom:audio-encoder-webm-vorbis: bf7c407c2cedff20999df2af8eb42d56 -> 
  custom:framework-win-MediaFoundation: 216162199b28c13a410421893ffa2e32 -> 
  custom:container-demuxer-ogg: 62fdf1f143b41e24485cea50d1cbac27 -> 
  custom:video-decoder-webm-vp8: 9c59270c3fd7afecdb556c50c9e8de78 -> 
  custom:audio-decoder-ogg-vorbis: bf7c407c2cedff20999df2af8eb42d56 -> 
========================================================================
Received Prepare
Registering precompiled user dll's ...
Registered in 0.008530 seconds.
Begin MonoManager ReloadAssembly
Native extension for WindowsStandalone target not found
Native extension for WebGL target not found
Refreshing native plugins compatible for Editor in 3.01 ms, found 2 plugins.
Preloading 0 native plugins for Editor in 0.00 ms.
Mono: successfully reloaded assembly
- Completed reload, in  1.421 seconds
Domain Reload Profiling:
	ReloadAssembly (1422ms)
		BeginReloadAssembly (150ms)
			ExecutionOrderSort (0ms)
			DisableScriptedObjects (7ms)
			BackupInstance (0ms)
			ReleaseScriptingObjects (0ms)
			CreateAndSetChildDomain (52ms)
		EndReloadAssembly (1166ms)
			LoadAssemblies (93ms)
			RebuildTransferFunctionScriptingTraits (0ms)
			SetupTypeCache (232ms)
			ReleaseScriptCaches (2ms)
			RebuildScriptCaches (80ms)
			SetupLoadedEditorAssemblies (677ms)
				LogAssemblyErrors (0ms)
				InitializePlatformSupportModulesInManaged (20ms)
				SetLoadedEditorAssemblies (1ms)
				RefreshPlugins (3ms)
				BeforeProcessingInitializeOnLoad (98ms)
				ProcessInitializeOnLoadAttributes (364ms)
				ProcessInitializeOnLoadMethodAttributes (179ms)
				AfterProcessingInitializeOnLoad (11ms)
				EditorAssembliesLoaded (0ms)
			ExecutionOrderSort2 (0ms)
			AwakeInstancesAfterBackupRestoration (12ms)
Platform modules already initialized, skipping
Shader 'MysticArsenal/MysticHSV': fallback shader 'Particles/Additive' not found
Shader 'MysticArsenal/MysticHSVSoft': fallback shader 'Particles/Additive' not found
Refreshing native plugins compatible for Editor in 10.31 ms, found 2 plugins.
Preloading 0 native plugins for Editor in 0.00 ms.
Unloading 3079 Unused Serialized files (Serialized files now loaded: 0)
Unloading 66 unused Assets / (1.3 MB). Loaded Objects now: 3584.
Memory consumption went from 137.8 MB to 136.4 MB.
Total: 8.957600 ms (FindLiveObjects: 0.413200 ms CreateObjectMapping: 0.266600 ms MarkObjects: 7.975400 ms  DeleteObjects: 0.300900 ms)

AssetImportParameters requested are different than current active one (requested -> active):
  custom:video-decoder-ogg-theora: a1e56fd34408186e4bbccfd4996cb3dc -> 
  custom:container-muxer-webm: aa71ff27fc2769a1b78a27578f13a17b -> 
  custom:container-demuxer-webm: 4f35f7cbe854078d1ac9338744f61a02 -> 
  custom:video-encoder-webm-vp8: eb34c28f22e8b96e1ab97ce403110664 -> 
  custom:audio-encoder-webm-vorbis: bf7c407c2cedff20999df2af8eb42d56 -> 
  custom:framework-win-MediaFoundation: 216162199b28c13a410421893ffa2e32 -> 
  custom:container-demuxer-ogg: 62fdf1f143b41e24485cea50d1cbac27 -> 
  custom:video-decoder-webm-vp8: 9c59270c3fd7afecdb556c50c9e8de78 -> 
  custom:audio-decoder-ogg-vorbis: bf7c407c2cedff20999df2af8eb42d56 -> 
========================================================================
Received Prepare
Registering precompiled user dll's ...
Registered in 0.007537 seconds.
Begin MonoManager ReloadAssembly
Native extension for WindowsStandalone target not found
Native extension for WebGL target not found
Refreshing native plugins compatible for Editor in 1.39 ms, found 2 plugins.
Preloading 0 native plugins for Editor in 0.00 ms.
Mono: successfully reloaded assembly
- Completed reload, in  1.447 seconds
Domain Reload Profiling:
	ReloadAssembly (1447ms)
		BeginReloadAssembly (149ms)
			ExecutionOrderSort (0ms)
			DisableScriptedObjects (8ms)
			BackupInstance (0ms)
			ReleaseScriptingObjects (0ms)
			CreateAndSetChildDomain (48ms)
		EndReloadAssembly (1185ms)
			LoadAssemblies (94ms)
			RebuildTransferFunctionScriptingTraits (0ms)
			SetupTypeCache (242ms)
			ReleaseScriptCaches (1ms)
			RebuildScriptCaches (68ms)
			SetupLoadedEditorAssemblies (702ms)
				LogAssemblyErrors (0ms)
				InitializePlatformSupportModulesInManaged (20ms)
				SetLoadedEditorAssemblies (1ms)
				RefreshPlugins (2ms)
				BeforeProcessingInitializeOnLoad (100ms)
				ProcessInitializeOnLoadAttributes (357ms)
				ProcessInitializeOnLoadMethodAttributes (211ms)
				AfterProcessingInitializeOnLoad (11ms)
				EditorAssembliesLoaded (0ms)
			ExecutionOrderSort2 (0ms)
			AwakeInstancesAfterBackupRestoration (12ms)
Platform modules already initialized, skipping
Shader 'MysticArsenal/MysticHSV': fallback shader 'Particles/Additive' not found
Shader 'MysticArsenal/MysticHSVSoft': fallback shader 'Particles/Additive' not found
Refreshing native plugins compatible for Editor in 6.84 ms, found 2 plugins.
Preloading 0 native plugins for Editor in 0.00 ms.
Unloading 3079 Unused Serialized files (Serialized files now loaded: 0)
Unloading 66 unused Assets / (1.3 MB). Loaded Objects now: 3600.
Memory consumption went from 137.8 MB to 136.5 MB.
Total: 9.186900 ms (FindLiveObjects: 0.349400 ms CreateObjectMapping: 0.908400 ms MarkObjects: 7.573200 ms  DeleteObjects: 0.354600 ms)

AssetImportParameters requested are different than current active one (requested -> active):
  custom:video-decoder-ogg-theora: a1e56fd34408186e4bbccfd4996cb3dc -> 
  custom:container-muxer-webm: aa71ff27fc2769a1b78a27578f13a17b -> 
  custom:container-demuxer-webm: 4f35f7cbe854078d1ac9338744f61a02 -> 
  custom:video-encoder-webm-vp8: eb34c28f22e8b96e1ab97ce403110664 -> 
  custom:audio-encoder-webm-vorbis: bf7c407c2cedff20999df2af8eb42d56 -> 
  custom:framework-win-MediaFoundation: 216162199b28c13a410421893ffa2e32 -> 
  custom:container-demuxer-ogg: 62fdf1f143b41e24485cea50d1cbac27 -> 
  custom:video-decoder-webm-vp8: 9c59270c3fd7afecdb556c50c9e8de78 -> 
  custom:audio-decoder-ogg-vorbis: bf7c407c2cedff20999df2af8eb42d56 -> 
========================================================================
Received Import Request.
  Time since last request: 652.578152 seconds.
  path: Assets/Assets/Iluminacion 2
  artifactKey: Guid(5d843ad3141376f4293f2bd9c96d65bf) Importer(815301076,1909f56bfc062723c751e8b465ee728b)
Start importing Assets/Assets/Iluminacion 2 using Guid(5d843ad3141376f4293f2bd9c96d65bf) Importer(815301076,1909f56bfc062723c751e8b465ee728b)  -> (artifact id: 'c3594bc6cee890b09749298be74b6ee2') in 0.024369 seconds 
========================================================================
Received Import Request.
  Time since last request: 0.034619 seconds.
  path: Assets/Assets/Iluminacion 2/Luz.mat
  artifactKey: Guid(94924cf5e0f785a4aaa220ccc30847d7) Importer(815301076,1909f56bfc062723c751e8b465ee728b)
Start importing Assets/Assets/Iluminacion 2/Luz.mat using Guid(94924cf5e0f785a4aaa220ccc30847d7) Importer(815301076,1909f56bfc062723c751e8b465ee728b)  -> (artifact id: '2361360c715685fccb219bd3038047a0') in 0.319830 seconds 
========================================================================
Received Import Request.
  Time since last request: 0.000033 seconds.
  path: Assets/Assets/Iluminacion 2/T_Lamp2_Metallic.png
  artifactKey: Guid(76819f6d42ae2db49b77eccc52b14caa) Importer(815301076,1909f56bfc062723c751e8b465ee728b)
Start importing Assets/Assets/Iluminacion 2/T_Lamp2_Metallic.png using Guid(76819f6d42ae2db49b77eccc52b14caa) Importer(815301076,1909f56bfc062723c751e8b465ee728b)  -> (artifact id: 'b8af4fb67fd1f4d53ace4e11b0d2870f') in 0.076555 seconds 
========================================================================
Received Import Request.
  Time since last request: 0.000036 seconds.
  path: Assets/Assets/Iluminacion 2/PF_Lamp.prefab
  artifactKey: Guid(b2c737dc18bdd494b9e5a166e3cb2185) Importer(815301076,1909f56bfc062723c751e8b465ee728b)
Start importing Assets/Assets/Iluminacion 2/PF_Lamp.prefab using Guid(b2c737dc18bdd494b9e5a166e3cb2185) Importer(815301076,1909f56bfc062723c751e8b465ee728b)  -> (artifact id: '718be7cf4e5d37456be912e884ed35b3') in 0.127192 seconds 
========================================================================
Received Import Request.
  Time since last request: 17.198180 seconds.
  path: Assets/Todo/Eric/Assets/ModularSet/ModularSet/Meshes/Blockout.fbx
  artifactKey: Guid(882e0e9d636bceb44a04a137c8f9ab70) Importer(815301076,1909f56bfc062723c751e8b465ee728b)
Start importing Assets/Todo/Eric/Assets/ModularSet/ModularSet/Meshes/Blockout.fbx using Guid(882e0e9d636bceb44a04a137c8f9ab70) Importer(815301076,1909f56bfc062723c751e8b465ee728b)  -> (artifact id: '18d8eb3f5352fb8ddf984444a3b17d13') in 0.058006 seconds 
========================================================================
Received Import Request.
  Time since last request: 0.000046 seconds.
  path: Assets/Todo/Eric/Assets/ModularSet/ModularSet/Meshes/SM_Column_C.fbx
  artifactKey: Guid(34d97574d92dfa84c845d20ffe7ab54d) Importer(815301076,1909f56bfc062723c751e8b465ee728b)
Start importing Assets/Todo/Eric/Assets/ModularSet/ModularSet/Meshes/SM_Column_C.fbx using Guid(34d97574d92dfa84c845d20ffe7ab54d) Importer(815301076,1909f56bfc062723c751e8b465ee728b)  -> (artifact id: '27583d2ea39d9b3026f9f6f34561eab0') in 0.044593 seconds 
========================================================================
Received Import Request.
  Time since last request: 0.000023 seconds.
  path: Assets/Todo/Eric/Assets/ModularSet/ModularSet/Meshes/SM_ColumnArc.fbx
  artifactKey: Guid(0c849b529c6f6a34b8b088ea8c0708f8) Importer(815301076,1909f56bfc062723c751e8b465ee728b)
Start importing Assets/Todo/Eric/Assets/ModularSet/ModularSet/Meshes/SM_ColumnArc.fbx using Guid(0c849b529c6f6a34b8b088ea8c0708f8) Importer(815301076,1909f56bfc062723c751e8b465ee728b)  -> (artifact id: '37ac75090f94d7169181fdb5d14511fd') in 0.031267 seconds 
========================================================================
Received Import Request.
  Time since last request: 0.000033 seconds.
  path: Assets/Todo/Eric/Assets/ModularSet/ModularSet/Meshes/SM_Floor_3x3_B.fbx
  artifactKey: Guid(42d4f4c4421c1ba4cb3af23a4a750516) Importer(815301076,1909f56bfc062723c751e8b465ee728b)
Start importing Assets/Todo/Eric/Assets/ModularSet/ModularSet/Meshes/SM_Floor_3x3_B.fbx using Guid(42d4f4c4421c1ba4cb3af23a4a750516) Importer(815301076,1909f56bfc062723c751e8b465ee728b)  -> (artifact id: '33a99ec6bcecc0a01b9f302f59e7b603') in 0.036355 seconds 
========================================================================
Received Import Request.
  Time since last request: 0.000034 seconds.
  path: Assets/Todo/Eric/Assets/ModularSet/ModularSet/Meshes/SM_Wall_3x3_A.fbx
  artifactKey: Guid(68ebc1e364b33c640beee37f8d16db3a) Importer(815301076,1909f56bfc062723c751e8b465ee728b)
Start importing Assets/Todo/Eric/Assets/ModularSet/ModularSet/Meshes/SM_Wall_3x3_A.fbx using Guid(68ebc1e364b33c640beee37f8d16db3a) Importer(815301076,1909f56bfc062723c751e8b465ee728b)  -> (artifact id: 'd15803626d664ecdf8d2bb2b60b92dc9') in 0.037271 seconds 
========================================================================
Received Import Request.
  Time since last request: 0.000070 seconds.
  path: Assets/Todo/Eric/Assets/ModularSet/ModularSet/Meshes/SM_WindowWall.fbx
  artifactKey: Guid(39f5d917e479d0a4f8e0e0507a422895) Importer(815301076,1909f56bfc062723c751e8b465ee728b)
Start importing Assets/Todo/Eric/Assets/ModularSet/ModularSet/Meshes/SM_WindowWall.fbx using Guid(39f5d917e479d0a4f8e0e0507a422895) Importer(815301076,1909f56bfc062723c751e8b465ee728b)  -> (artifact id: '79b9ec91efb8a52fd0bd6d06de26bf23') in 0.048574 seconds 
========================================================================
Received Import Request.
  Time since last request: 0.000098 seconds.
  path: Assets/Todo/Eric/Assets/ModularSet/ModularSet/Meshes/M_ColumnArc.mat
  artifactKey: Guid(7f14a236318b1124c95e5d77cc7d0b5b) Importer(815301076,1909f56bfc062723c751e8b465ee728b)
Start importing Assets/Todo/Eric/Assets/ModularSet/ModularSet/Meshes/M_ColumnArc.mat using Guid(7f14a236318b1124c95e5d77cc7d0b5b) Importer(815301076,1909f56bfc062723c751e8b465ee728b)  -> (artifact id: '801f6382f6deb960e79df4ff6fd07e29') in 0.318369 seconds 
========================================================================
Received Import Request.
  Time since last request: 0.000040 seconds.
  path: Assets/Todo/Eric/Assets/ModularSet/ModularSet/Meshes/SM_Floor_3x3_A.fbx
  artifactKey: Guid(5e3f38b1a30fed04c91e57a0ed2c7624) Importer(815301076,1909f56bfc062723c751e8b465ee728b)
Start importing Assets/Todo/Eric/Assets/ModularSet/ModularSet/Meshes/SM_Floor_3x3_A.fbx using Guid(5e3f38b1a30fed04c91e57a0ed2c7624) Importer(815301076,1909f56bfc062723c751e8b465ee728b)  -> (artifact id: '92a345217298d0f62f444253ea5598c1') in 0.036411 seconds 
========================================================================
Received Import Request.
  Time since last request: 0.000039 seconds.
  path: Assets/Todo/Eric/Assets/ModularSet/ModularSet/Meshes/PF_WallA.prefab
  artifactKey: Guid(f1fcd328f7944ed4d8d9bda575361cc2) Importer(815301076,1909f56bfc062723c751e8b465ee728b)
Start importing Assets/Todo/Eric/Assets/ModularSet/ModularSet/Meshes/PF_WallA.prefab using Guid(f1fcd328f7944ed4d8d9bda575361cc2) Importer(815301076,1909f56bfc062723c751e8b465ee728b)  -> (artifact id: '44c345f0c90ff22a35b5bc4947b1f6bf') in 0.052609 seconds 
========================================================================
Received Import Request.
  Time since last request: 0.000060 seconds.
  path: Assets/Todo/Eric/Assets/ModularSet/ModularSet/Meshes/PF_RoofA.prefab
  artifactKey: Guid(8755cef9e27f16d42a252c3d9ed8cb49) Importer(815301076,1909f56bfc062723c751e8b465ee728b)
Start importing Assets/Todo/Eric/Assets/ModularSet/ModularSet/Meshes/PF_RoofA.prefab using Guid(8755cef9e27f16d42a252c3d9ed8cb49) Importer(815301076,1909f56bfc062723c751e8b465ee728b)  -> (artifact id: 'a42887148b2773f7eb26e9c758bc142c') in 0.311435 seconds 
========================================================================
Received Import Request.
  Time since last request: 0.000038 seconds.
  path: Assets/Todo/Eric/Assets/ModularSet/ModularSet/Meshes/PF_FloorA.prefab
  artifactKey: Guid(157b3a4d1d2bb994d87aae85a0cd8b48) Importer(815301076,1909f56bfc062723c751e8b465ee728b)
Start importing Assets/Todo/Eric/Assets/ModularSet/ModularSet/Meshes/PF_FloorA.prefab using Guid(157b3a4d1d2bb994d87aae85a0cd8b48) Importer(815301076,1909f56bfc062723c751e8b465ee728b)  -> (artifact id: '028c7141625abcc73ea4f646faae37b0') in 0.067940 seconds 
========================================================================
Received Import Request.
  Time since last request: 0.000037 seconds.
  path: Assets/Todo/Eric/Assets/ModularSet/ModularSet/Meshes/SM_Floor_3x3_C.fbx
  artifactKey: Guid(07c5e54e0a828784b9c5eda6e7c05daa) Importer(815301076,1909f56bfc062723c751e8b465ee728b)
Start importing Assets/Todo/Eric/Assets/ModularSet/ModularSet/Meshes/SM_Floor_3x3_C.fbx using Guid(07c5e54e0a828784b9c5eda6e7c05daa) Importer(815301076,1909f56bfc062723c751e8b465ee728b)  -> (artifact id: 'b18feafa298fc326a8529ca98b2c7340') in 0.037798 seconds 
========================================================================
Received Import Request.
  Time since last request: 0.000033 seconds.
  path: Assets/Todo/Eric/Assets/ModularSet/ModularSet/Meshes/PF_ColumnC.prefab
  artifactKey: Guid(4f02c36b2bc296c488d19d2d0e8abf00) Importer(815301076,1909f56bfc062723c751e8b465ee728b)
Start importing Assets/Todo/Eric/Assets/ModularSet/ModularSet/Meshes/PF_ColumnC.prefab using Guid(4f02c36b2bc296c488d19d2d0e8abf00) Importer(815301076,1909f56bfc062723c751e8b465ee728b)  -> (artifact id: '89bbf6889282acbce2a0d0513e43555d') in 0.050897 seconds 
========================================================================
Received Import Request.
  Time since last request: 0.000053 seconds.
  path: Assets/Todo/Eric/Assets/ModularSet/ModularSet/Meshes/SM_Wall_3x3_C.fbx
  artifactKey: Guid(8e456fb821dc95a469110ab0f18cd31f) Importer(815301076,1909f56bfc062723c751e8b465ee728b)
Start importing Assets/Todo/Eric/Assets/ModularSet/ModularSet/Meshes/SM_Wall_3x3_C.fbx using Guid(8e456fb821dc95a469110ab0f18cd31f) Importer(815301076,1909f56bfc062723c751e8b465ee728b)  -> (artifact id: '29125c14c0892ddb04815a5189061b39') in 0.047277 seconds 
========================================================================
Received Import Request.
  Time since last request: 0.000030 seconds.
  path: Assets/Todo/Eric/Assets/ModularSet/ModularSet/Meshes/SM_Roof_3x3_A.fbx
  artifactKey: Guid(e98dcde909e7f45439c39f4cf199dc63) Importer(815301076,1909f56bfc062723c751e8b465ee728b)
Start importing Assets/Todo/Eric/Assets/ModularSet/ModularSet/Meshes/SM_Roof_3x3_A.fbx using Guid(e98dcde909e7f45439c39f4cf199dc63) Importer(815301076,1909f56bfc062723c751e8b465ee728b)  -> (artifact id: 'adacae22a7923855822c19db2383d85f') in 0.042433 seconds 
Editor requested this worker to shutdown with reason: Scaling down because of idle timeout
AssetImportWorker is now disconnected from the server
Process exiting
Exiting without the bug reporter. Application will terminate with return code 0