Using pre-set license
Built from '2021.3/staging' branch; Version is '2021.3.6f1 (7da38d85baf6) revision 8233869'; Using compiler version '192829333'; Build Type 'Release'
OS: 'Windows 10  (10.0.19045) 64bit Professional' Language: 'en' Physical Memory: 16231 MB
BatchMode: 1, IsHumanControllingUs: 0, StartBugReporterOnCrash: 0, Is64bit: 1, IsPro: 1

COMMAND LINE ARGUMENTS:
C:\Program Files\Unity\Hub\Editor\2021.3.6f1\Editor\Unity.exe
-adb2
-batchMode
-noUpm
-name
AssetImportWorker11
-projectPath
C:/Users/Angel/Documents/Game-Base-Mobile
-logFile
Logs/AssetImportWorker11.log
-srvPort
56812
Successfully changed project path to: C:/Users/Angel/Documents/Game-Base-Mobile
C:/Users/Angel/Documents/Game-Base-Mobile
[UnityMemory] Configuration Parameters - Can be set up in boot.config
    "memorysetup-bucket-allocator-granularity=16"
    "memorysetup-bucket-allocator-bucket-count=8"
    "memorysetup-bucket-allocator-block-size=33554432"
    "memorysetup-bucket-allocator-block-count=8"
    "memorysetup-main-allocator-block-size=16777216"
    "memorysetup-thread-allocator-block-size=16777216"
    "memorysetup-gfx-main-allocator-block-size=16777216"
    "memorysetup-gfx-thread-allocator-block-size=16777216"
    "memorysetup-cache-allocator-block-size=4194304"
    "memorysetup-typetree-allocator-block-size=2097152"
    "memorysetup-profiler-bucket-allocator-granularity=16"
    "memorysetup-profiler-bucket-allocator-bucket-count=8"
    "memorysetup-profiler-bucket-allocator-block-size=33554432"
    "memorysetup-profiler-bucket-allocator-block-count=8"
    "memorysetup-profiler-allocator-block-size=16777216"
    "memorysetup-profiler-editor-allocator-block-size=1048576"
    "memorysetup-temp-allocator-size-main=16777216"
    "memorysetup-job-temp-allocator-block-size=2097152"
    "memorysetup-job-temp-allocator-block-size-background=1048576"
    "memorysetup-job-temp-allocator-reduction-small-platforms=262144"
    "memorysetup-temp-allocator-size-background-worker=32768"
    "memorysetup-temp-allocator-size-job-worker=262144"
    "memorysetup-temp-allocator-size-preload-manager=33554432"
    "memorysetup-temp-allocator-size-nav-mesh-worker=65536"
    "memorysetup-temp-allocator-size-audio-worker=65536"
    "memorysetup-temp-allocator-size-cloud-worker=32768"
    "memorysetup-temp-allocator-size-gi-baking-worker=262144"
    "memorysetup-temp-allocator-size-gfx=262144"
Refreshing native plugins compatible for Editor in 133.14 ms, found 2 plugins.
Preloading 0 native plugins for Editor in 0.00 ms.
Initialize engine version: 2021.3.6f1 (7da38d85baf6)
[Subsystems] Discovering subsystems at path C:/Program Files/Unity/Hub/Editor/2021.3.6f1/Editor/Data/Resources/UnitySubsystems
[Subsystems] Discovering subsystems at path C:/Users/Angel/Documents/Game-Base-Mobile/Assets
GfxDevice: creating device client; threaded=0; jobified=0
Direct3D:
    Version:  Direct3D 11.0 [level 11.1]
    Renderer: NVIDIA GeForce GTX 1050 Ti (ID=0x1c8c)
    Vendor:   NVIDIA
    VRAM:     4017 MB
    Driver:   31.0.15.2892
Shader 'MysticArsenal/MysticHSV': fallback shader 'Particles/Additive' not found
Shader 'MysticArsenal/MysticHSVSoft': fallback shader 'Particles/Additive' not found
Initialize mono
Mono path[0] = 'C:/Program Files/Unity/Hub/Editor/2021.3.6f1/Editor/Data/Managed'
Mono path[1] = 'C:/Program Files/Unity/Hub/Editor/2021.3.6f1/Editor/Data/MonoBleedingEdge/lib/mono/unityjit-win32'
Mono config path = 'C:/Program Files/Unity/Hub/Editor/2021.3.6f1/Editor/Data/MonoBleedingEdge/etc'
Using monoOptions --debugger-agent=transport=dt_socket,embedding=1,server=y,suspend=n,address=127.0.0.1:56548
Begin MonoManager ReloadAssembly
Registering precompiled unity dll's ...
Register platform support module: C:/Program Files/Unity/Hub/Editor/2021.3.6f1/Editor/Data/PlaybackEngines/WebGLSupport/UnityEditor.WebGL.Extensions.dll
Register platform support module: C:/Program Files/Unity/Hub/Editor/2021.3.6f1/Editor/Data/PlaybackEngines/WindowsStandaloneSupport/UnityEditor.WindowsStandalone.Extensions.dll
Registered in 0.009774 seconds.
Native extension for WindowsStandalone target not found
Native extension for WebGL target not found
Refreshing native plugins compatible for Editor in 83.20 ms, found 2 plugins.
Preloading 0 native plugins for Editor in 0.00 ms.
Mono: successfully reloaded assembly
- Completed reload, in  0.789 seconds
Domain Reload Profiling:
	ReloadAssembly (790ms)
		BeginReloadAssembly (90ms)
			ExecutionOrderSort (0ms)
			DisableScriptedObjects (0ms)
			BackupInstance (0ms)
			ReleaseScriptingObjects (0ms)
			CreateAndSetChildDomain (1ms)
		EndReloadAssembly (561ms)
			LoadAssemblies (87ms)
			RebuildTransferFunctionScriptingTraits (0ms)
			SetupTypeCache (145ms)
			ReleaseScriptCaches (0ms)
			RebuildScriptCaches (32ms)
			SetupLoadedEditorAssemblies (321ms)
				LogAssemblyErrors (0ms)
				InitializePlatformSupportModulesInManaged (11ms)
				SetLoadedEditorAssemblies (0ms)
				RefreshPlugins (83ms)
				BeforeProcessingInitializeOnLoad (1ms)
				ProcessInitializeOnLoadAttributes (175ms)
				ProcessInitializeOnLoadMethodAttributes (50ms)
				AfterProcessingInitializeOnLoad (0ms)
				EditorAssembliesLoaded (0ms)
			ExecutionOrderSort2 (0ms)
			AwakeInstancesAfterBackupRestoration (0ms)
Platform modules already initialized, skipping
Registering precompiled user dll's ...
Registered in 0.008619 seconds.
Begin MonoManager ReloadAssembly
Native extension for WindowsStandalone target not found
Native extension for WebGL target not found
Refreshing native plugins compatible for Editor in 1.44 ms, found 2 plugins.
Preloading 0 native plugins for Editor in 0.00 ms.
Package Manager log level set to [2]
Mono: successfully reloaded assembly
- Completed reload, in  1.431 seconds
Domain Reload Profiling:
	ReloadAssembly (1432ms)
		BeginReloadAssembly (129ms)
			ExecutionOrderSort (0ms)
			DisableScriptedObjects (7ms)
			BackupInstance (0ms)
			ReleaseScriptingObjects (0ms)
			CreateAndSetChildDomain (22ms)
		EndReloadAssembly (1174ms)
			LoadAssemblies (100ms)
			RebuildTransferFunctionScriptingTraits (0ms)
			SetupTypeCache (271ms)
			ReleaseScriptCaches (1ms)
			RebuildScriptCaches (89ms)
			SetupLoadedEditorAssemblies (665ms)
				LogAssemblyErrors (0ms)
				InitializePlatformSupportModulesInManaged (7ms)
				SetLoadedEditorAssemblies (1ms)
				RefreshPlugins (2ms)
				BeforeProcessingInitializeOnLoad (107ms)
				ProcessInitializeOnLoadAttributes (376ms)
				ProcessInitializeOnLoadMethodAttributes (162ms)
				AfterProcessingInitializeOnLoad (10ms)
				EditorAssembliesLoaded (0ms)
			ExecutionOrderSort2 (0ms)
			AwakeInstancesAfterBackupRestoration (7ms)
Platform modules already initialized, skipping
========================================================================
Worker process is ready to serve import requests
Shader 'MysticArsenal/MysticHSV': fallback shader 'Particles/Additive' not found
Shader 'MysticArsenal/MysticHSVSoft': fallback shader 'Particles/Additive' not found
Launched and connected shader compiler UnityShaderCompiler.exe after 0.06 seconds
Refreshing native plugins compatible for Editor in 1.70 ms, found 2 plugins.
Preloading 0 native plugins for Editor in 0.00 ms.
Unloading 3138 Unused Serialized files (Serialized files now loaded: 0)
Unloading 89 unused Assets / (1.3 MB). Loaded Objects now: 3569.
Memory consumption went from 144.1 MB to 142.8 MB.
Total: 9.575700 ms (FindLiveObjects: 0.460200 ms CreateObjectMapping: 0.326300 ms MarkObjects: 8.327300 ms  DeleteObjects: 0.460500 ms)

AssetImportParameters requested are different than current active one (requested -> active):
  custom:video-decoder-ogg-theora: a1e56fd34408186e4bbccfd4996cb3dc -> 
  custom:container-muxer-webm: aa71ff27fc2769a1b78a27578f13a17b -> 
  custom:container-demuxer-webm: 4f35f7cbe854078d1ac9338744f61a02 -> 
  custom:video-encoder-webm-vp8: eb34c28f22e8b96e1ab97ce403110664 -> 
  custom:audio-encoder-webm-vorbis: bf7c407c2cedff20999df2af8eb42d56 -> 
  custom:framework-win-MediaFoundation: 216162199b28c13a410421893ffa2e32 -> 
  custom:container-demuxer-ogg: 62fdf1f143b41e24485cea50d1cbac27 -> 
  custom:video-decoder-webm-vp8: 9c59270c3fd7afecdb556c50c9e8de78 -> 
  custom:audio-decoder-ogg-vorbis: bf7c407c2cedff20999df2af8eb42d56 -> 
========================================================================
Received Import Request.
  Time since last request: 5803.258599 seconds.
  path: Assets/Todo/Eric/Assets/Iluminacion 2
  artifactKey: Guid(aaf2cc92843e8414381d67caf108add3) Importer(815301076,1909f56bfc062723c751e8b465ee728b)
Start importing Assets/Todo/Eric/Assets/Iluminacion 2 using Guid(aaf2cc92843e8414381d67caf108add3) Importer(815301076,1909f56bfc062723c751e8b465ee728b)  -> (artifact id: 'beb5c75f37cbce5ba0b858f257a5d623') in 0.037963 seconds 
========================================================================
Received Import Request.
  Time since last request: 0.024653 seconds.
  path: Assets/Todo/Eric/Assets/Iluminacion 2/T_Lamp2_Normal.png
  artifactKey: Guid(f842a1ba8adb77c48872836ffef8514c) Importer(815301076,1909f56bfc062723c751e8b465ee728b)
Start importing Assets/Todo/Eric/Assets/Iluminacion 2/T_Lamp2_Normal.png using Guid(f842a1ba8adb77c48872836ffef8514c) Importer(815301076,1909f56bfc062723c751e8b465ee728b)  -> (artifact id: 'bc3bd8a041a673d7b9d0f6d0c6c9a7d0') in 0.142635 seconds 
========================================================================
Received Prepare
Shader 'MysticArsenal/MysticHSV': fallback shader 'Particles/Additive' not found
Shader 'MysticArsenal/MysticHSVSoft': fallback shader 'Particles/Additive' not found
Refreshing native plugins compatible for Editor in 24.63 ms, found 2 plugins.
Preloading 0 native plugins for Editor in 0.00 ms.
Unloading 66 Unused Serialized files (Serialized files now loaded: 0)
Unloading 66 unused Assets / (1.3 MB). Loaded Objects now: 3571.
Memory consumption went from 78.0 MB to 76.7 MB.
Total: 11.283600 ms (FindLiveObjects: 0.464400 ms CreateObjectMapping: 0.393300 ms MarkObjects: 9.924700 ms  DeleteObjects: 0.499400 ms)

AssetImportParameters requested are different than current active one (requested -> active):
  custom:video-decoder-ogg-theora: a1e56fd34408186e4bbccfd4996cb3dc -> 
  custom:container-muxer-webm: aa71ff27fc2769a1b78a27578f13a17b -> 
  custom:container-demuxer-webm: 4f35f7cbe854078d1ac9338744f61a02 -> 
  custom:video-encoder-webm-vp8: eb34c28f22e8b96e1ab97ce403110664 -> 
  custom:audio-encoder-webm-vorbis: bf7c407c2cedff20999df2af8eb42d56 -> 
  custom:framework-win-MediaFoundation: 216162199b28c13a410421893ffa2e32 -> 
  custom:container-demuxer-ogg: 62fdf1f143b41e24485cea50d1cbac27 -> 
  custom:video-decoder-webm-vp8: 9c59270c3fd7afecdb556c50c9e8de78 -> 
  custom:audio-decoder-ogg-vorbis: bf7c407c2cedff20999df2af8eb42d56 -> 
========================================================================
Received Prepare
Registering precompiled user dll's ...
Registered in 0.007220 seconds.
Begin MonoManager ReloadAssembly
Native extension for WindowsStandalone target not found
Native extension for WebGL target not found
Refreshing native plugins compatible for Editor in 1.06 ms, found 2 plugins.
Preloading 0 native plugins for Editor in 0.00 ms.
Mono: successfully reloaded assembly
- Completed reload, in  1.442 seconds
Domain Reload Profiling:
	ReloadAssembly (1443ms)
		BeginReloadAssembly (192ms)
			ExecutionOrderSort (0ms)
			DisableScriptedObjects (12ms)
			BackupInstance (0ms)
			ReleaseScriptingObjects (0ms)
			CreateAndSetChildDomain (62ms)
		EndReloadAssembly (1104ms)
			LoadAssemblies (120ms)
			RebuildTransferFunctionScriptingTraits (0ms)
			SetupTypeCache (303ms)
			ReleaseScriptCaches (1ms)
			RebuildScriptCaches (54ms)
			SetupLoadedEditorAssemblies (560ms)
				LogAssemblyErrors (0ms)
				InitializePlatformSupportModulesInManaged (21ms)
				SetLoadedEditorAssemblies (1ms)
				RefreshPlugins (1ms)
				BeforeProcessingInitializeOnLoad (78ms)
				ProcessInitializeOnLoadAttributes (296ms)
				ProcessInitializeOnLoadMethodAttributes (153ms)
				AfterProcessingInitializeOnLoad (10ms)
				EditorAssembliesLoaded (0ms)
			ExecutionOrderSort2 (0ms)
			AwakeInstancesAfterBackupRestoration (11ms)
Platform modules already initialized, skipping
Shader 'MysticArsenal/MysticHSV': fallback shader 'Particles/Additive' not found
Shader 'MysticArsenal/MysticHSVSoft': fallback shader 'Particles/Additive' not found
Refreshing native plugins compatible for Editor in 9.47 ms, found 2 plugins.
Preloading 0 native plugins for Editor in 0.00 ms.
Unloading 3080 Unused Serialized files (Serialized files now loaded: 0)
Unloading 66 unused Assets / (1.3 MB). Loaded Objects now: 3587.
Memory consumption went from 138.7 MB to 137.4 MB.
Total: 12.550600 ms (FindLiveObjects: 0.799200 ms CreateObjectMapping: 1.170600 ms MarkObjects: 10.213200 ms  DeleteObjects: 0.366300 ms)

AssetImportParameters requested are different than current active one (requested -> active):
  custom:video-decoder-ogg-theora: a1e56fd34408186e4bbccfd4996cb3dc -> 
  custom:container-muxer-webm: aa71ff27fc2769a1b78a27578f13a17b -> 
  custom:container-demuxer-webm: 4f35f7cbe854078d1ac9338744f61a02 -> 
  custom:video-encoder-webm-vp8: eb34c28f22e8b96e1ab97ce403110664 -> 
  custom:audio-encoder-webm-vorbis: bf7c407c2cedff20999df2af8eb42d56 -> 
  custom:framework-win-MediaFoundation: 216162199b28c13a410421893ffa2e32 -> 
  custom:container-demuxer-ogg: 62fdf1f143b41e24485cea50d1cbac27 -> 
  custom:video-decoder-webm-vp8: 9c59270c3fd7afecdb556c50c9e8de78 -> 
  custom:audio-decoder-ogg-vorbis: bf7c407c2cedff20999df2af8eb42d56 -> 
========================================================================
Received Prepare
Registering precompiled user dll's ...
Registered in 0.008771 seconds.
Begin MonoManager ReloadAssembly
Native extension for WindowsStandalone target not found
Native extension for WebGL target not found
Refreshing native plugins compatible for Editor in 1.20 ms, found 2 plugins.
Preloading 0 native plugins for Editor in 0.00 ms.
Mono: successfully reloaded assembly
- Completed reload, in  1.402 seconds
Domain Reload Profiling:
	ReloadAssembly (1404ms)
		BeginReloadAssembly (147ms)
			ExecutionOrderSort (0ms)
			DisableScriptedObjects (6ms)
			BackupInstance (0ms)
			ReleaseScriptingObjects (0ms)
			CreateAndSetChildDomain (43ms)
		EndReloadAssembly (1139ms)
			LoadAssemblies (105ms)
			RebuildTransferFunctionScriptingTraits (0ms)
			SetupTypeCache (254ms)
			ReleaseScriptCaches (1ms)
			RebuildScriptCaches (49ms)
			SetupLoadedEditorAssemblies (673ms)
				LogAssemblyErrors (0ms)
				InitializePlatformSupportModulesInManaged (18ms)
				SetLoadedEditorAssemblies (1ms)
				RefreshPlugins (1ms)
				BeforeProcessingInitializeOnLoad (90ms)
				ProcessInitializeOnLoadAttributes (335ms)
				ProcessInitializeOnLoadMethodAttributes (216ms)
				AfterProcessingInitializeOnLoad (12ms)
				EditorAssembliesLoaded (0ms)
			ExecutionOrderSort2 (0ms)
			AwakeInstancesAfterBackupRestoration (10ms)
Platform modules already initialized, skipping
Shader 'MysticArsenal/MysticHSV': fallback shader 'Particles/Additive' not found
Shader 'MysticArsenal/MysticHSVSoft': fallback shader 'Particles/Additive' not found
Refreshing native plugins compatible for Editor in 7.39 ms, found 2 plugins.
Preloading 0 native plugins for Editor in 0.00 ms.
Unloading 3080 Unused Serialized files (Serialized files now loaded: 0)
Unloading 66 unused Assets / (1.3 MB). Loaded Objects now: 3603.
Memory consumption went from 138.7 MB to 137.4 MB.
Total: 9.439200 ms (FindLiveObjects: 0.518100 ms CreateObjectMapping: 0.844200 ms MarkObjects: 7.556500 ms  DeleteObjects: 0.518700 ms)

AssetImportParameters requested are different than current active one (requested -> active):
  custom:video-decoder-ogg-theora: a1e56fd34408186e4bbccfd4996cb3dc -> 
  custom:container-muxer-webm: aa71ff27fc2769a1b78a27578f13a17b -> 
  custom:container-demuxer-webm: 4f35f7cbe854078d1ac9338744f61a02 -> 
  custom:video-encoder-webm-vp8: eb34c28f22e8b96e1ab97ce403110664 -> 
  custom:audio-encoder-webm-vorbis: bf7c407c2cedff20999df2af8eb42d56 -> 
  custom:framework-win-MediaFoundation: 216162199b28c13a410421893ffa2e32 -> 
  custom:container-demuxer-ogg: 62fdf1f143b41e24485cea50d1cbac27 -> 
  custom:video-decoder-webm-vp8: 9c59270c3fd7afecdb556c50c9e8de78 -> 
  custom:audio-decoder-ogg-vorbis: bf7c407c2cedff20999df2af8eb42d56 -> 
========================================================================
Received Import Request.
  Time since last request: 3058.346698 seconds.
  path: Assets/Todo/Eric/Assets/ModularSet/ModularSet/Meshes/FP_BaseMapa.prefab
  artifactKey: Guid(0b4a4d1db2411d34e81d7722c8f46be0) Importer(815301076,1909f56bfc062723c751e8b465ee728b)
Start importing Assets/Todo/Eric/Assets/ModularSet/ModularSet/Meshes/FP_BaseMapa.prefab using Guid(0b4a4d1db2411d34e81d7722c8f46be0) Importer(815301076,1909f56bfc062723c751e8b465ee728b)  -> (artifact id: 'f3c3f1ca667fb862ad438ca6c51b4305') in 0.746781 seconds 
========================================================================
Received Import Request.
  Time since last request: 7.858727 seconds.
  path: Assets/Todo/Eric/Assets/ModularSet/ModularSet/Meshes/FP_BaseMapa.prefab
  artifactKey: Guid(0b4a4d1db2411d34e81d7722c8f46be0) Importer(815301076,1909f56bfc062723c751e8b465ee728b)
Start importing Assets/Todo/Eric/Assets/ModularSet/ModularSet/Meshes/FP_BaseMapa.prefab using Guid(0b4a4d1db2411d34e81d7722c8f46be0) Importer(815301076,1909f56bfc062723c751e8b465ee728b)  -> (artifact id: 'bf7f3e56cc0603be07a93cd49658f288') in 0.659716 seconds 
========================================================================
Received Import Request.
  Time since last request: 5.759857 seconds.
  path: Assets/Todo/Eric/Assets/ModularSet/ModularSet/Meshes/FP_BaseMapa.prefab
  artifactKey: Guid(0b4a4d1db2411d34e81d7722c8f46be0) Importer(815301076,1909f56bfc062723c751e8b465ee728b)
Start importing Assets/Todo/Eric/Assets/ModularSet/ModularSet/Meshes/FP_BaseMapa.prefab using Guid(0b4a4d1db2411d34e81d7722c8f46be0) Importer(815301076,1909f56bfc062723c751e8b465ee728b)  -> (artifact id: 'b08f14b8ca80104514759998068f08e8') in 0.745386 seconds 
========================================================================
Received Import Request.
  Time since last request: 8.387199 seconds.
  path: Assets/Todo/Eric/Assets/ModularSet/ModularSet/Meshes/FP_BaseMapa.prefab
  artifactKey: Guid(0b4a4d1db2411d34e81d7722c8f46be0) Importer(815301076,1909f56bfc062723c751e8b465ee728b)
Start importing Assets/Todo/Eric/Assets/ModularSet/ModularSet/Meshes/FP_BaseMapa.prefab using Guid(0b4a4d1db2411d34e81d7722c8f46be0) Importer(815301076,1909f56bfc062723c751e8b465ee728b)  -> (artifact id: '829ef93d872b0d71e241a89ed7b0ce04') in 0.755118 seconds 
========================================================================
Received Import Request.
  Time since last request: 26.184862 seconds.
  path: Assets/Todo/Eric/Assets/ModularSet/ModularSet/Meshes/FP_BaseMapa.prefab
  artifactKey: Guid(0b4a4d1db2411d34e81d7722c8f46be0) Importer(815301076,1909f56bfc062723c751e8b465ee728b)
Start importing Assets/Todo/Eric/Assets/ModularSet/ModularSet/Meshes/FP_BaseMapa.prefab using Guid(0b4a4d1db2411d34e81d7722c8f46be0) Importer(815301076,1909f56bfc062723c751e8b465ee728b)  -> (artifact id: '95623a3482287d38827539f290412f1f') in 0.660839 seconds 
========================================================================
Received Import Request.
  Time since last request: 11.821857 seconds.
  path: Assets/Todo/Eric/Assets/ModularSet/ModularSet/Meshes/FP_BaseMapa.prefab
  artifactKey: Guid(0b4a4d1db2411d34e81d7722c8f46be0) Importer(815301076,1909f56bfc062723c751e8b465ee728b)
Start importing Assets/Todo/Eric/Assets/ModularSet/ModularSet/Meshes/FP_BaseMapa.prefab using Guid(0b4a4d1db2411d34e81d7722c8f46be0) Importer(815301076,1909f56bfc062723c751e8b465ee728b)  -> (artifact id: 'a2924644a6ef980674953c2ab828804d') in 0.691263 seconds 
========================================================================
Received Import Request.
  Time since last request: 9.690946 seconds.
  path: Assets/Todo/Eric/Assets/ModularSet/ModularSet/Meshes/FP_BaseMapa.prefab
  artifactKey: Guid(0b4a4d1db2411d34e81d7722c8f46be0) Importer(815301076,1909f56bfc062723c751e8b465ee728b)
Start importing Assets/Todo/Eric/Assets/ModularSet/ModularSet/Meshes/FP_BaseMapa.prefab using Guid(0b4a4d1db2411d34e81d7722c8f46be0) Importer(815301076,1909f56bfc062723c751e8b465ee728b)  -> (artifact id: 'a880d7b969603e6fc9e9a8fe8e527ffa') in 0.645822 seconds 
========================================================================
Received Import Request.
  Time since last request: 7.078313 seconds.
  path: Assets/Todo/Eric/Assets/ModularSet/ModularSet/Meshes/PF_ColumnA.prefab
  artifactKey: Guid(94de968d675c8a04db076811bd6a3d20) Importer(815301076,1909f56bfc062723c751e8b465ee728b)
Start importing Assets/Todo/Eric/Assets/ModularSet/ModularSet/Meshes/PF_ColumnA.prefab using Guid(94de968d675c8a04db076811bd6a3d20) Importer(815301076,1909f56bfc062723c751e8b465ee728b)  -> (artifact id: '42404e235fb08a0cd957d4d83ee1469e') in 0.029423 seconds 
========================================================================
Received Import Request.
  Time since last request: 5.774273 seconds.
  path: Assets/Todo/Eric/Assets/ModularSet/ModularSet/Meshes/PF_ColumnB.prefab
  artifactKey: Guid(8d48ad059d912a84bbc90e1ce95dd1e2) Importer(815301076,1909f56bfc062723c751e8b465ee728b)
Start importing Assets/Todo/Eric/Assets/ModularSet/ModularSet/Meshes/PF_ColumnB.prefab using Guid(8d48ad059d912a84bbc90e1ce95dd1e2) Importer(815301076,1909f56bfc062723c751e8b465ee728b)  -> (artifact id: '80ef7a7189a7dd372416e84d4dce8276') in 0.030788 seconds 
========================================================================
Received Import Request.
  Time since last request: 12.830669 seconds.
  path: Assets/Todo/Eric/Assets/ModularSet/ModularSet/Meshes/FP_BaseMapa.prefab
  artifactKey: Guid(0b4a4d1db2411d34e81d7722c8f46be0) Importer(815301076,1909f56bfc062723c751e8b465ee728b)
Start importing Assets/Todo/Eric/Assets/ModularSet/ModularSet/Meshes/FP_BaseMapa.prefab using Guid(0b4a4d1db2411d34e81d7722c8f46be0) Importer(815301076,1909f56bfc062723c751e8b465ee728b)  -> (artifact id: '55d5e3b14b9256ac9f618b5f80bd3964') in 0.723308 seconds 
========================================================================
Received Prepare
Registering precompiled user dll's ...
Registered in 0.008300 seconds.
Begin MonoManager ReloadAssembly
Native extension for WindowsStandalone target not found
Native extension for WebGL target not found
Refreshing native plugins compatible for Editor in 1.11 ms, found 2 plugins.
Preloading 0 native plugins for Editor in 0.00 ms.
Mono: successfully reloaded assembly
- Completed reload, in  1.395 seconds
Domain Reload Profiling:
	ReloadAssembly (1396ms)
		BeginReloadAssembly (159ms)
			ExecutionOrderSort (0ms)
			DisableScriptedObjects (7ms)
			BackupInstance (0ms)
			ReleaseScriptingObjects (0ms)
			CreateAndSetChildDomain (47ms)
		EndReloadAssembly (1121ms)
			LoadAssemblies (105ms)
			RebuildTransferFunctionScriptingTraits (0ms)
			SetupTypeCache (262ms)
			ReleaseScriptCaches (1ms)
			RebuildScriptCaches (48ms)
			SetupLoadedEditorAssemblies (654ms)
				LogAssemblyErrors (0ms)
				InitializePlatformSupportModulesInManaged (15ms)
				SetLoadedEditorAssemblies (1ms)
				RefreshPlugins (1ms)
				BeforeProcessingInitializeOnLoad (75ms)
				ProcessInitializeOnLoadAttributes (310ms)
				ProcessInitializeOnLoadMethodAttributes (241ms)
				AfterProcessingInitializeOnLoad (10ms)
				EditorAssembliesLoaded (0ms)
			ExecutionOrderSort2 (0ms)
			AwakeInstancesAfterBackupRestoration (15ms)
Platform modules already initialized, skipping
Shader 'MysticArsenal/MysticHSV': fallback shader 'Particles/Additive' not found
Shader 'MysticArsenal/MysticHSVSoft': fallback shader 'Particles/Additive' not found
Refreshing native plugins compatible for Editor in 7.98 ms, found 2 plugins.
Preloading 0 native plugins for Editor in 0.00 ms.
Unloading 3080 Unused Serialized files (Serialized files now loaded: 0)
Unloading 67 unused Assets / (1.3 MB). Loaded Objects now: 3624.
Memory consumption went from 147.3 MB to 146.0 MB.
Total: 7.945300 ms (FindLiveObjects: 0.440400 ms CreateObjectMapping: 0.263700 ms MarkObjects: 6.861600 ms  DeleteObjects: 0.378200 ms)

AssetImportParameters requested are different than current active one (requested -> active):
  custom:video-decoder-ogg-theora: a1e56fd34408186e4bbccfd4996cb3dc -> 
  custom:container-muxer-webm: aa71ff27fc2769a1b78a27578f13a17b -> 
  custom:container-demuxer-webm: 4f35f7cbe854078d1ac9338744f61a02 -> 
  custom:video-encoder-webm-vp8: eb34c28f22e8b96e1ab97ce403110664 -> 
  custom:audio-encoder-webm-vorbis: bf7c407c2cedff20999df2af8eb42d56 -> 
  custom:framework-win-MediaFoundation: 216162199b28c13a410421893ffa2e32 -> 
  custom:container-demuxer-ogg: 62fdf1f143b41e24485cea50d1cbac27 -> 
  custom:video-decoder-webm-vp8: 9c59270c3fd7afecdb556c50c9e8de78 -> 
  custom:audio-decoder-ogg-vorbis: bf7c407c2cedff20999df2af8eb42d56 -> 
========================================================================
Received Prepare
Registering precompiled user dll's ...
Registered in 0.010585 seconds.
Begin MonoManager ReloadAssembly
Native extension for WindowsStandalone target not found
Native extension for WebGL target not found
Refreshing native plugins compatible for Editor in 1.54 ms, found 2 plugins.
Preloading 0 native plugins for Editor in 0.00 ms.
Mono: successfully reloaded assembly
- Completed reload, in  1.414 seconds
Domain Reload Profiling:
	ReloadAssembly (1415ms)
		BeginReloadAssembly (143ms)
			ExecutionOrderSort (0ms)
			DisableScriptedObjects (7ms)
			BackupInstance (0ms)
			ReleaseScriptingObjects (0ms)
			CreateAndSetChildDomain (40ms)
		EndReloadAssembly (1155ms)
			LoadAssemblies (99ms)
			RebuildTransferFunctionScriptingTraits (0ms)
			SetupTypeCache (224ms)
			ReleaseScriptCaches (1ms)
			RebuildScriptCaches (49ms)
			SetupLoadedEditorAssemblies (715ms)
				LogAssemblyErrors (0ms)
				InitializePlatformSupportModulesInManaged (17ms)
				SetLoadedEditorAssemblies (1ms)
				RefreshPlugins (2ms)
				BeforeProcessingInitializeOnLoad (80ms)
				ProcessInitializeOnLoadAttributes (386ms)
				ProcessInitializeOnLoadMethodAttributes (216ms)
				AfterProcessingInitializeOnLoad (13ms)
				EditorAssembliesLoaded (0ms)
			ExecutionOrderSort2 (0ms)
			AwakeInstancesAfterBackupRestoration (15ms)
Platform modules already initialized, skipping
Shader 'MysticArsenal/MysticHSV': fallback shader 'Particles/Additive' not found
Shader 'MysticArsenal/MysticHSVSoft': fallback shader 'Particles/Additive' not found
Refreshing native plugins compatible for Editor in 7.92 ms, found 2 plugins.
Preloading 0 native plugins for Editor in 0.00 ms.
Unloading 3080 Unused Serialized files (Serialized files now loaded: 0)
Unloading 66 unused Assets / (1.3 MB). Loaded Objects now: 3640.
Memory consumption went from 147.3 MB to 146.0 MB.
Total: 9.563400 ms (FindLiveObjects: 0.446800 ms CreateObjectMapping: 0.666900 ms MarkObjects: 8.151400 ms  DeleteObjects: 0.297300 ms)

AssetImportParameters requested are different than current active one (requested -> active):
  custom:video-decoder-ogg-theora: a1e56fd34408186e4bbccfd4996cb3dc -> 
  custom:container-muxer-webm: aa71ff27fc2769a1b78a27578f13a17b -> 
  custom:container-demuxer-webm: 4f35f7cbe854078d1ac9338744f61a02 -> 
  custom:video-encoder-webm-vp8: eb34c28f22e8b96e1ab97ce403110664 -> 
  custom:audio-encoder-webm-vorbis: bf7c407c2cedff20999df2af8eb42d56 -> 
  custom:framework-win-MediaFoundation: 216162199b28c13a410421893ffa2e32 -> 
  custom:container-demuxer-ogg: 62fdf1f143b41e24485cea50d1cbac27 -> 
  custom:video-decoder-webm-vp8: 9c59270c3fd7afecdb556c50c9e8de78 -> 
  custom:audio-decoder-ogg-vorbis: bf7c407c2cedff20999df2af8eb42d56 -> 
========================================================================
Received Import Request.
  Time since last request: 73.565248 seconds.
  path: Assets/Todo/Ferran/ModularSet/PreFabs/PF_WallRamp.prefab
  artifactKey: Guid(af64d84c227282e4eb31120906f5346f) Importer(815301076,1909f56bfc062723c751e8b465ee728b)
Start importing Assets/Todo/Ferran/ModularSet/PreFabs/PF_WallRamp.prefab using Guid(af64d84c227282e4eb31120906f5346f) Importer(815301076,1909f56bfc062723c751e8b465ee728b)  -> (artifact id: '2cc7ccd17dedd8eaf02ad5cc9b048137') in 0.154961 seconds 
========================================================================
Received Import Request.
  Time since last request: 6.225542 seconds.
  path: Assets/Todo/Ferran/ModularSet/PreFabs/PF_Ramo.prefab
  artifactKey: Guid(a78f4678f2c6647419b98dcff36f19fe) Importer(815301076,1909f56bfc062723c751e8b465ee728b)
Start importing Assets/Todo/Ferran/ModularSet/PreFabs/PF_Ramo.prefab using Guid(a78f4678f2c6647419b98dcff36f19fe) Importer(815301076,1909f56bfc062723c751e8b465ee728b)  -> (artifact id: '8759009f35ad582c075c2a002952cc8a') in 0.035848 seconds 
========================================================================
Received Import Request.
  Time since last request: 7.125308 seconds.
  path: Assets/Todo/Ferran/ModularSet/PreFabs/PF_WallRamp.prefab
  artifactKey: Guid(af64d84c227282e4eb31120906f5346f) Importer(815301076,1909f56bfc062723c751e8b465ee728b)
Start importing Assets/Todo/Ferran/ModularSet/PreFabs/PF_WallRamp.prefab using Guid(af64d84c227282e4eb31120906f5346f) Importer(815301076,1909f56bfc062723c751e8b465ee728b)  -> (artifact id: '8e21340f61825a03440d7dacf3d06de8') in 0.021556 seconds 
========================================================================
Received Import Request.
  Time since last request: 5.679474 seconds.
  path: Assets/Todo/Ferran/ModularSet/PreFabs/PF_WindowBig.prefab
  artifactKey: Guid(e5e9f1fb1b14bd041bfd3ecce25cbf83) Importer(815301076,1909f56bfc062723c751e8b465ee728b)
Start importing Assets/Todo/Ferran/ModularSet/PreFabs/PF_WindowBig.prefab using Guid(e5e9f1fb1b14bd041bfd3ecce25cbf83) Importer(815301076,1909f56bfc062723c751e8b465ee728b)  -> (artifact id: 'd02f795865186b0e471769133003de01') in 0.063121 seconds 
========================================================================
Received Import Request.
  Time since last request: 6.980382 seconds.
  path: Assets/Todo/Ferran/ModularSet/PreFabs/PF_WindowMedium.prefab
  artifactKey: Guid(e62eaaedaee9e364d8bf8b052689c2c0) Importer(815301076,1909f56bfc062723c751e8b465ee728b)
Start importing Assets/Todo/Ferran/ModularSet/PreFabs/PF_WindowMedium.prefab using Guid(e62eaaedaee9e364d8bf8b052689c2c0) Importer(815301076,1909f56bfc062723c751e8b465ee728b)  -> (artifact id: '318e794b7af0ec3628955307b06bcd79') in 0.063675 seconds 
========================================================================
Received Import Request.
  Time since last request: 0.623566 seconds.
  path: Assets/Todo/Ferran/ModularSet/PreFabs/Variations/PF_4ColumnArc.prefab
  artifactKey: Guid(296338453e8173b46b93a23b88522406) Importer(815301076,1909f56bfc062723c751e8b465ee728b)
Start importing Assets/Todo/Ferran/ModularSet/PreFabs/Variations/PF_4ColumnArc.prefab using Guid(296338453e8173b46b93a23b88522406) Importer(815301076,1909f56bfc062723c751e8b465ee728b)  -> (artifact id: '40ccbea9a8da9d744011ddbf3b91a282') in 0.052202 seconds 
========================================================================
Received Import Request.
  Time since last request: 0.000030 seconds.
  path: Assets/Todo/Ferran/ModularSet/PreFabs/Variations/PF_RampSmall.prefab
  artifactKey: Guid(80cc94de0f4855843bdafabfb9d12b26) Importer(815301076,1909f56bfc062723c751e8b465ee728b)
Start importing Assets/Todo/Ferran/ModularSet/PreFabs/Variations/PF_RampSmall.prefab using Guid(80cc94de0f4855843bdafabfb9d12b26) Importer(815301076,1909f56bfc062723c751e8b465ee728b)  -> (artifact id: 'e5abf13c6840039d8b49500137646d06') in 0.075459 seconds 
========================================================================
Received Import Request.
  Time since last request: 0.000047 seconds.
  path: Assets/Todo/Ferran/ModularSet/PreFabs/Variations/PF_RampBig.prefab
  artifactKey: Guid(fce1839b4c310bc43bc3c8e4a35dfbe3) Importer(815301076,1909f56bfc062723c751e8b465ee728b)
Start importing Assets/Todo/Ferran/ModularSet/PreFabs/Variations/PF_RampBig.prefab using Guid(fce1839b4c310bc43bc3c8e4a35dfbe3) Importer(815301076,1909f56bfc062723c751e8b465ee728b)  -> (artifact id: '0a26acb6896329be34fb839f5d3ed79b') in 0.059078 seconds 
========================================================================
Received Import Request.
  Time since last request: 0.000077 seconds.
  path: Assets/Todo/Ferran/ModularSet/PreFabs/Variations/PF_WallBC+Win+ColBB+4Arc.prefab
  artifactKey: Guid(fcc2548211fdb5f45a84727b544fe705) Importer(815301076,1909f56bfc062723c751e8b465ee728b)
Start importing Assets/Todo/Ferran/ModularSet/PreFabs/Variations/PF_WallBC+Win+ColBB+4Arc.prefab using Guid(fcc2548211fdb5f45a84727b544fe705) Importer(815301076,1909f56bfc062723c751e8b465ee728b)  -> (artifact id: '4d979277576b0fe0f2bb7586cfe59632') in 0.228237 seconds 
========================================================================
Received Import Request.
  Time since last request: 0.000045 seconds.
  path: Assets/Todo/Ferran/ModularSet/PreFabs/Variations/PF_WallAB+4Arc.prefab
  artifactKey: Guid(dfad9ca09608c7a4aae24defa6bbd614) Importer(815301076,1909f56bfc062723c751e8b465ee728b)
Start importing Assets/Todo/Ferran/ModularSet/PreFabs/Variations/PF_WallAB+4Arc.prefab using Guid(dfad9ca09608c7a4aae24defa6bbd614) Importer(815301076,1909f56bfc062723c751e8b465ee728b)  -> (artifact id: '8a307533f359a88781e5e35030bd3b49') in 0.130440 seconds 
========================================================================
Received Import Request.
  Time since last request: 0.000054 seconds.
  path: Assets/Todo/Ferran/ModularSet/PreFabs/Variations/PF_WallAB+ColBB.prefab
  artifactKey: Guid(11a06e432fade774d808181f17924c3c) Importer(815301076,1909f56bfc062723c751e8b465ee728b)
Start importing Assets/Todo/Ferran/ModularSet/PreFabs/Variations/PF_WallAB+ColBB.prefab using Guid(11a06e432fade774d808181f17924c3c) Importer(815301076,1909f56bfc062723c751e8b465ee728b)  -> (artifact id: 'adba1c910a01bf31eb292f5d62be9b92') in 0.144129 seconds 
========================================================================
Received Import Request.
  Time since last request: 0.000053 seconds.
  path: Assets/Todo/Ferran/ModularSet/PreFabs/Variations/PF_WallAC+Win+ColBC.prefab
  artifactKey: Guid(2503506e3e0216845b8d477efdbb0c13) Importer(815301076,1909f56bfc062723c751e8b465ee728b)
Start importing Assets/Todo/Ferran/ModularSet/PreFabs/Variations/PF_WallAC+Win+ColBC.prefab using Guid(2503506e3e0216845b8d477efdbb0c13) Importer(815301076,1909f56bfc062723c751e8b465ee728b)  -> (artifact id: 'cdfbb8b21a54396ddd4003a679d18f3a') in 0.188974 seconds 
========================================================================
Received Import Request.
  Time since last request: 0.000073 seconds.
  path: Assets/Todo/Ferran/ModularSet/PreFabs/Variations/PF_WallBC+Column.prefab
  artifactKey: Guid(b36efdf584eaddc4ab2f68bea75e43ce) Importer(815301076,1909f56bfc062723c751e8b465ee728b)
Start importing Assets/Todo/Ferran/ModularSet/PreFabs/Variations/PF_WallBC+Column.prefab using Guid(b36efdf584eaddc4ab2f68bea75e43ce) Importer(815301076,1909f56bfc062723c751e8b465ee728b)  -> (artifact id: '817587ce170ca9d5b7ae4b1a2a929b4a') in 0.125696 seconds 
========================================================================
Received Import Request.
  Time since last request: 0.000040 seconds.
  path: Assets/Todo/Ferran/ModularSet/PreFabs/Variations/PF_WallAC.prefab
  artifactKey: Guid(31f0554c9303c5943a6508cb4310c3a4) Importer(815301076,1909f56bfc062723c751e8b465ee728b)
Start importing Assets/Todo/Ferran/ModularSet/PreFabs/Variations/PF_WallAC.prefab using Guid(31f0554c9303c5943a6508cb4310c3a4) Importer(815301076,1909f56bfc062723c751e8b465ee728b)  -> (artifact id: 'ee8587326e4c6af142a4910a20e3254c') in 0.093299 seconds 
========================================================================
Received Import Request.
  Time since last request: 0.000202 seconds.
  path: Assets/Todo/Ferran/ModularSet/PreFabs/Variations/PF_WallBC+ColBB+4Arc.prefab
  artifactKey: Guid(2cd0fab70257963418fa55dd1c3ed43d) Importer(815301076,1909f56bfc062723c751e8b465ee728b)
Start importing Assets/Todo/Ferran/ModularSet/PreFabs/Variations/PF_WallBC+ColBB+4Arc.prefab using Guid(2cd0fab70257963418fa55dd1c3ed43d) Importer(815301076,1909f56bfc062723c751e8b465ee728b)  -> (artifact id: '6ebcec0d5493f34d9f7cece739803ca8') in 0.151373 seconds 
========================================================================
Received Prepare
Registering precompiled user dll's ...
Registered in 0.012253 seconds.
Begin MonoManager ReloadAssembly
Native extension for WindowsStandalone target not found
Native extension for WebGL target not found
Refreshing native plugins compatible for Editor in 1.11 ms, found 2 plugins.
Preloading 0 native plugins for Editor in 0.00 ms.
Mono: successfully reloaded assembly
- Completed reload, in  1.608 seconds
Domain Reload Profiling:
	ReloadAssembly (1609ms)
		BeginReloadAssembly (183ms)
			ExecutionOrderSort (0ms)
			DisableScriptedObjects (8ms)
			BackupInstance (0ms)
			ReleaseScriptingObjects (0ms)
			CreateAndSetChildDomain (62ms)
		EndReloadAssembly (1290ms)
			LoadAssemblies (121ms)
			RebuildTransferFunctionScriptingTraits (0ms)
			SetupTypeCache (266ms)
			ReleaseScriptCaches (1ms)
			RebuildScriptCaches (61ms)
			SetupLoadedEditorAssemblies (774ms)
				LogAssemblyErrors (0ms)
				InitializePlatformSupportModulesInManaged (22ms)
				SetLoadedEditorAssemblies (1ms)
				RefreshPlugins (1ms)
				BeforeProcessingInitializeOnLoad (94ms)
				ProcessInitializeOnLoadAttributes (401ms)
				ProcessInitializeOnLoadMethodAttributes (241ms)
				AfterProcessingInitializeOnLoad (14ms)
				EditorAssembliesLoaded (0ms)
			ExecutionOrderSort2 (0ms)
			AwakeInstancesAfterBackupRestoration (17ms)
Platform modules already initialized, skipping
Shader 'MysticArsenal/MysticHSV': fallback shader 'Particles/Additive' not found
Shader 'MysticArsenal/MysticHSVSoft': fallback shader 'Particles/Additive' not found
Refreshing native plugins compatible for Editor in 6.11 ms, found 2 plugins.
Preloading 0 native plugins for Editor in 0.00 ms.
Unloading 3080 Unused Serialized files (Serialized files now loaded: 0)
Unloading 66 unused Assets / (1.3 MB). Loaded Objects now: 3657.
Memory consumption went from 147.4 MB to 146.1 MB.
Total: 9.808600 ms (FindLiveObjects: 0.358800 ms CreateObjectMapping: 0.230000 ms MarkObjects: 8.903900 ms  DeleteObjects: 0.314600 ms)

AssetImportParameters requested are different than current active one (requested -> active):
  custom:video-decoder-ogg-theora: a1e56fd34408186e4bbccfd4996cb3dc -> 
  custom:container-muxer-webm: aa71ff27fc2769a1b78a27578f13a17b -> 
  custom:container-demuxer-webm: 4f35f7cbe854078d1ac9338744f61a02 -> 
  custom:video-encoder-webm-vp8: eb34c28f22e8b96e1ab97ce403110664 -> 
  custom:audio-encoder-webm-vorbis: bf7c407c2cedff20999df2af8eb42d56 -> 
  custom:framework-win-MediaFoundation: 216162199b28c13a410421893ffa2e32 -> 
  custom:container-demuxer-ogg: 62fdf1f143b41e24485cea50d1cbac27 -> 
  custom:video-decoder-webm-vp8: 9c59270c3fd7afecdb556c50c9e8de78 -> 
  custom:audio-decoder-ogg-vorbis: bf7c407c2cedff20999df2af8eb42d56 -> 
========================================================================
Received Import Request.
  Time since last request: 35.218303 seconds.
  path: Assets/Escenario.prefab
  artifactKey: Guid(0802958c182b2324787a63e7d603c433) Importer(815301076,1909f56bfc062723c751e8b465ee728b)
Start importing Assets/Escenario.prefab using Guid(0802958c182b2324787a63e7d603c433) Importer(815301076,1909f56bfc062723c751e8b465ee728b)  -> (artifact id: '4bb28adf0d98e57fd0ebd5bf5dfc947b') in 0.971401 seconds 
========================================================================
Received Import Request.
  Time since last request: 2.092793 seconds.
  path: Assets/_Scenes/Menu.unity
  artifactKey: Guid(47ecc1c725e17974997ba0edf79433ba) Importer(815301076,1909f56bfc062723c751e8b465ee728b)
Start importing Assets/_Scenes/Menu.unity using Guid(47ecc1c725e17974997ba0edf79433ba) Importer(815301076,1909f56bfc062723c751e8b465ee728b)  -> (artifact id: '8165c7d9391a3ff3b16e52bf6f137f53') in 0.012601 seconds 
========================================================================
Received Prepare
Registering precompiled user dll's ...
Registered in 0.009302 seconds.
Begin MonoManager ReloadAssembly
Native extension for WindowsStandalone target not found
Native extension for WebGL target not found
Refreshing native plugins compatible for Editor in 2.58 ms, found 2 plugins.
Preloading 0 native plugins for Editor in 0.00 ms.
Mono: successfully reloaded assembly
- Completed reload, in  1.882 seconds
Domain Reload Profiling:
	ReloadAssembly (1883ms)
		BeginReloadAssembly (213ms)
			ExecutionOrderSort (0ms)
			DisableScriptedObjects (11ms)
			BackupInstance (0ms)
			ReleaseScriptingObjects (0ms)
			CreateAndSetChildDomain (71ms)
		EndReloadAssembly (1530ms)
			LoadAssemblies (123ms)
			RebuildTransferFunctionScriptingTraits (0ms)
			SetupTypeCache (317ms)
			ReleaseScriptCaches (1ms)
			RebuildScriptCaches (78ms)
			SetupLoadedEditorAssemblies (945ms)
				LogAssemblyErrors (0ms)
				InitializePlatformSupportModulesInManaged (16ms)
				SetLoadedEditorAssemblies (1ms)
				RefreshPlugins (3ms)
				BeforeProcessingInitializeOnLoad (144ms)
				ProcessInitializeOnLoadAttributes (533ms)
				ProcessInitializeOnLoadMethodAttributes (236ms)
				AfterProcessingInitializeOnLoad (13ms)
				EditorAssembliesLoaded (0ms)
			ExecutionOrderSort2 (0ms)
			AwakeInstancesAfterBackupRestoration (20ms)
Platform modules already initialized, skipping
Shader 'MysticArsenal/MysticHSV': fallback shader 'Particles/Additive' not found
Shader 'MysticArsenal/MysticHSVSoft': fallback shader 'Particles/Additive' not found
Refreshing native plugins compatible for Editor in 8.00 ms, found 2 plugins.
Preloading 0 native plugins for Editor in 0.00 ms.
Unloading 3080 Unused Serialized files (Serialized files now loaded: 0)
Unloading 66 unused Assets / (1.3 MB). Loaded Objects now: 3673.
Memory consumption went from 147.9 MB to 146.6 MB.
Total: 12.545700 ms (FindLiveObjects: 0.427300 ms CreateObjectMapping: 0.382800 ms MarkObjects: 11.083900 ms  DeleteObjects: 0.649500 ms)

AssetImportParameters requested are different than current active one (requested -> active):
  custom:video-decoder-ogg-theora: a1e56fd34408186e4bbccfd4996cb3dc -> 
  custom:container-muxer-webm: aa71ff27fc2769a1b78a27578f13a17b -> 
  custom:container-demuxer-webm: 4f35f7cbe854078d1ac9338744f61a02 -> 
  custom:video-encoder-webm-vp8: eb34c28f22e8b96e1ab97ce403110664 -> 
  custom:audio-encoder-webm-vorbis: bf7c407c2cedff20999df2af8eb42d56 -> 
  custom:framework-win-MediaFoundation: 216162199b28c13a410421893ffa2e32 -> 
  custom:container-demuxer-ogg: 62fdf1f143b41e24485cea50d1cbac27 -> 
  custom:video-decoder-webm-vp8: 9c59270c3fd7afecdb556c50c9e8de78 -> 
  custom:audio-decoder-ogg-vorbis: bf7c407c2cedff20999df2af8eb42d56 -> 
========================================================================
Received Prepare
Shader 'MysticArsenal/MysticHSV': fallback shader 'Particles/Additive' not found
Shader 'MysticArsenal/MysticHSVSoft': fallback shader 'Particles/Additive' not found
Refreshing native plugins compatible for Editor in 19.59 ms, found 2 plugins.
Preloading 0 native plugins for Editor in 0.00 ms.
Unloading 66 Unused Serialized files (Serialized files now loaded: 0)
Unloading 66 unused Assets / (1.3 MB). Loaded Objects now: 3673.
Memory consumption went from 87.4 MB to 86.1 MB.
Total: 10.333200 ms (FindLiveObjects: 0.668600 ms CreateObjectMapping: 0.489000 ms MarkObjects: 8.681400 ms  DeleteObjects: 0.493200 ms)

AssetImportParameters requested are different than current active one (requested -> active):
  custom:video-decoder-ogg-theora: a1e56fd34408186e4bbccfd4996cb3dc -> 
  custom:container-muxer-webm: aa71ff27fc2769a1b78a27578f13a17b -> 
  custom:container-demuxer-webm: 4f35f7cbe854078d1ac9338744f61a02 -> 
  custom:video-encoder-webm-vp8: eb34c28f22e8b96e1ab97ce403110664 -> 
  custom:audio-encoder-webm-vorbis: bf7c407c2cedff20999df2af8eb42d56 -> 
  custom:framework-win-MediaFoundation: 216162199b28c13a410421893ffa2e32 -> 
  custom:container-demuxer-ogg: 62fdf1f143b41e24485cea50d1cbac27 -> 
  custom:video-decoder-webm-vp8: 9c59270c3fd7afecdb556c50c9e8de78 -> 
  custom:audio-decoder-ogg-vorbis: bf7c407c2cedff20999df2af8eb42d56 -> 
