Using pre-set license
Built from '2021.3/staging' branch; Version is '2021.3.6f1 (7da38d85baf6) revision 8233869'; Using compiler version '192829333'; Build Type 'Release'
OS: 'Windows 10  (10.0.19045) 64bit Professional' Language: 'en' Physical Memory: 16231 MB
BatchMode: 1, IsHumanControllingUs: 0, StartBugReporterOnCrash: 0, Is64bit: 1, IsPro: 1

COMMAND LINE ARGUMENTS:
C:\Program Files\Unity\Hub\Editor\2021.3.6f1\Editor\Unity.exe
-adb2
-batchMode
-noUpm
-name
AssetImportWorker2
-projectPath
C:/Users/Angel/Documents/Game-Base-Mobile
-logFile
Logs/AssetImportWorker2.log
-srvPort
56812
Successfully changed project path to: C:/Users/Angel/Documents/Game-Base-Mobile
C:/Users/Angel/Documents/Game-Base-Mobile
[UnityMemory] Configuration Parameters - Can be set up in boot.config
    "memorysetup-bucket-allocator-granularity=16"
    "memorysetup-bucket-allocator-bucket-count=8"
    "memorysetup-bucket-allocator-block-size=33554432"
    "memorysetup-bucket-allocator-block-count=8"
    "memorysetup-main-allocator-block-size=16777216"
    "memorysetup-thread-allocator-block-size=16777216"
    "memorysetup-gfx-main-allocator-block-size=16777216"
    "memorysetup-gfx-thread-allocator-block-size=16777216"
    "memorysetup-cache-allocator-block-size=4194304"
    "memorysetup-typetree-allocator-block-size=2097152"
    "memorysetup-profiler-bucket-allocator-granularity=16"
    "memorysetup-profiler-bucket-allocator-bucket-count=8"
    "memorysetup-profiler-bucket-allocator-block-size=33554432"
    "memorysetup-profiler-bucket-allocator-block-count=8"
    "memorysetup-profiler-allocator-block-size=16777216"
    "memorysetup-profiler-editor-allocator-block-size=1048576"
    "memorysetup-temp-allocator-size-main=16777216"
    "memorysetup-job-temp-allocator-block-size=2097152"
    "memorysetup-job-temp-allocator-block-size-background=1048576"
    "memorysetup-job-temp-allocator-reduction-small-platforms=262144"
    "memorysetup-temp-allocator-size-background-worker=32768"
    "memorysetup-temp-allocator-size-job-worker=262144"
    "memorysetup-temp-allocator-size-preload-manager=33554432"
    "memorysetup-temp-allocator-size-nav-mesh-worker=65536"
    "memorysetup-temp-allocator-size-audio-worker=65536"
    "memorysetup-temp-allocator-size-cloud-worker=32768"
    "memorysetup-temp-allocator-size-gi-baking-worker=262144"
    "memorysetup-temp-allocator-size-gfx=262144"
Refreshing native plugins compatible for Editor in 117.78 ms, found 2 plugins.
Preloading 0 native plugins for Editor in 0.00 ms.
Initialize engine version: 2021.3.6f1 (7da38d85baf6)
[Subsystems] Discovering subsystems at path C:/Program Files/Unity/Hub/Editor/2021.3.6f1/Editor/Data/Resources/UnitySubsystems
[Subsystems] Discovering subsystems at path C:/Users/Angel/Documents/Game-Base-Mobile/Assets
GfxDevice: creating device client; threaded=0; jobified=0
Direct3D:
    Version:  Direct3D 11.0 [level 11.1]
    Renderer: NVIDIA GeForce GTX 1050 Ti (ID=0x1c8c)
    Vendor:   NVIDIA
    VRAM:     4017 MB
    Driver:   31.0.15.2892
Shader 'MysticArsenal/MysticHSV': fallback shader 'Particles/Additive' not found
Shader 'MysticArsenal/MysticHSVSoft': fallback shader 'Particles/Additive' not found
Initialize mono
Mono path[0] = 'C:/Program Files/Unity/Hub/Editor/2021.3.6f1/Editor/Data/Managed'
Mono path[1] = 'C:/Program Files/Unity/Hub/Editor/2021.3.6f1/Editor/Data/MonoBleedingEdge/lib/mono/unityjit-win32'
Mono config path = 'C:/Program Files/Unity/Hub/Editor/2021.3.6f1/Editor/Data/MonoBleedingEdge/etc'
Using monoOptions --debugger-agent=transport=dt_socket,embedding=1,server=y,suspend=n,address=127.0.0.1:56920
Begin MonoManager ReloadAssembly
Registering precompiled unity dll's ...
Register platform support module: C:/Program Files/Unity/Hub/Editor/2021.3.6f1/Editor/Data/PlaybackEngines/WebGLSupport/UnityEditor.WebGL.Extensions.dll
Register platform support module: C:/Program Files/Unity/Hub/Editor/2021.3.6f1/Editor/Data/PlaybackEngines/WindowsStandaloneSupport/UnityEditor.WindowsStandalone.Extensions.dll
Registered in 0.007712 seconds.
Native extension for WindowsStandalone target not found
Native extension for WebGL target not found
Refreshing native plugins compatible for Editor in 65.28 ms, found 2 plugins.
Preloading 0 native plugins for Editor in 0.00 ms.
Mono: successfully reloaded assembly
- Completed reload, in  0.611 seconds
Domain Reload Profiling:
	ReloadAssembly (611ms)
		BeginReloadAssembly (71ms)
			ExecutionOrderSort (0ms)
			DisableScriptedObjects (0ms)
			BackupInstance (0ms)
			ReleaseScriptingObjects (0ms)
			CreateAndSetChildDomain (1ms)
		EndReloadAssembly (429ms)
			LoadAssemblies (69ms)
			RebuildTransferFunctionScriptingTraits (0ms)
			SetupTypeCache (103ms)
			ReleaseScriptCaches (0ms)
			RebuildScriptCaches (27ms)
			SetupLoadedEditorAssemblies (250ms)
				LogAssemblyErrors (0ms)
				InitializePlatformSupportModulesInManaged (9ms)
				SetLoadedEditorAssemblies (0ms)
				RefreshPlugins (65ms)
				BeforeProcessingInitializeOnLoad (1ms)
				ProcessInitializeOnLoadAttributes (132ms)
				ProcessInitializeOnLoadMethodAttributes (42ms)
				AfterProcessingInitializeOnLoad (0ms)
				EditorAssembliesLoaded (0ms)
			ExecutionOrderSort2 (0ms)
			AwakeInstancesAfterBackupRestoration (0ms)
Platform modules already initialized, skipping
Registering precompiled user dll's ...
Registered in 0.007289 seconds.
Begin MonoManager ReloadAssembly
Native extension for WindowsStandalone target not found
Native extension for WebGL target not found
Refreshing native plugins compatible for Editor in 1.29 ms, found 2 plugins.
Preloading 0 native plugins for Editor in 0.00 ms.
Package Manager log level set to [2]
Mono: successfully reloaded assembly
- Completed reload, in  1.069 seconds
Domain Reload Profiling:
	ReloadAssembly (1069ms)
		BeginReloadAssembly (116ms)
			ExecutionOrderSort (0ms)
			DisableScriptedObjects (5ms)
			BackupInstance (0ms)
			ReleaseScriptingObjects (0ms)
			CreateAndSetChildDomain (18ms)
		EndReloadAssembly (840ms)
			LoadAssemblies (95ms)
			RebuildTransferFunctionScriptingTraits (0ms)
			SetupTypeCache (204ms)
			ReleaseScriptCaches (1ms)
			RebuildScriptCaches (53ms)
			SetupLoadedEditorAssemblies (464ms)
				LogAssemblyErrors (0ms)
				InitializePlatformSupportModulesInManaged (7ms)
				SetLoadedEditorAssemblies (0ms)
				RefreshPlugins (1ms)
				BeforeProcessingInitializeOnLoad (84ms)
				ProcessInitializeOnLoadAttributes (245ms)
				ProcessInitializeOnLoadMethodAttributes (119ms)
				AfterProcessingInitializeOnLoad (7ms)
				EditorAssembliesLoaded (0ms)
			ExecutionOrderSort2 (0ms)
			AwakeInstancesAfterBackupRestoration (6ms)
Platform modules already initialized, skipping
========================================================================
Worker process is ready to serve import requests
Shader 'MysticArsenal/MysticHSV': fallback shader 'Particles/Additive' not found
Shader 'MysticArsenal/MysticHSVSoft': fallback shader 'Particles/Additive' not found
Launched and connected shader compiler UnityShaderCompiler.exe after 0.04 seconds
Refreshing native plugins compatible for Editor in 0.94 ms, found 2 plugins.
Preloading 0 native plugins for Editor in 0.00 ms.
Unloading 3137 Unused Serialized files (Serialized files now loaded: 0)
Unloading 89 unused Assets / (1.3 MB). Loaded Objects now: 3568.
Memory consumption went from 143.6 MB to 142.3 MB.
Total: 6.563000 ms (FindLiveObjects: 0.260600 ms CreateObjectMapping: 0.189500 ms MarkObjects: 5.794700 ms  DeleteObjects: 0.317000 ms)

AssetImportParameters requested are different than current active one (requested -> active):
  custom:video-decoder-ogg-theora: a1e56fd34408186e4bbccfd4996cb3dc -> 
  custom:container-muxer-webm: aa71ff27fc2769a1b78a27578f13a17b -> 
  custom:container-demuxer-webm: 4f35f7cbe854078d1ac9338744f61a02 -> 
  custom:video-encoder-webm-vp8: eb34c28f22e8b96e1ab97ce403110664 -> 
  custom:audio-encoder-webm-vorbis: bf7c407c2cedff20999df2af8eb42d56 -> 
  custom:framework-win-MediaFoundation: 216162199b28c13a410421893ffa2e32 -> 
  custom:container-demuxer-ogg: 62fdf1f143b41e24485cea50d1cbac27 -> 
  custom:video-decoder-webm-vp8: 9c59270c3fd7afecdb556c50c9e8de78 -> 
  custom:audio-decoder-ogg-vorbis: bf7c407c2cedff20999df2af8eb42d56 -> 
========================================================================
Received Import Request.
  Time since last request: 660.053967 seconds.
  path: Assets/Todo
  artifactKey: Guid(3ef6a80132d2bbc4ea3612ff27657085) Importer(815301076,1909f56bfc062723c751e8b465ee728b)
Start importing Assets/Todo using Guid(3ef6a80132d2bbc4ea3612ff27657085) Importer(815301076,1909f56bfc062723c751e8b465ee728b)  -> (artifact id: '7c3b9878414d8c1c5da31a4faf6459ba') in 0.022722 seconds 
========================================================================
Received Import Request.
  Time since last request: 2.149066 seconds.
  path: Assets/Todo/Eric
  artifactKey: Guid(6ea07113f0bc1ac418b5fe66caad5a1d) Importer(815301076,1909f56bfc062723c751e8b465ee728b)
Start importing Assets/Todo/Eric using Guid(6ea07113f0bc1ac418b5fe66caad5a1d) Importer(815301076,1909f56bfc062723c751e8b465ee728b)  -> (artifact id: '3b0c47c4ada18b2e12ea6c6c33f5a76b') in 0.016780 seconds 
========================================================================
Received Import Request.
  Time since last request: 0.751135 seconds.
  path: Assets/Todo/Eric/Assets
  artifactKey: Guid(1f6da02b8e2bdef458a06f124dd24274) Importer(815301076,1909f56bfc062723c751e8b465ee728b)
Start importing Assets/Todo/Eric/Assets using Guid(1f6da02b8e2bdef458a06f124dd24274) Importer(815301076,1909f56bfc062723c751e8b465ee728b)  -> (artifact id: '195e1e41aeaf92cd4da4a77cad41f1c8') in 0.015739 seconds 
========================================================================
Received Import Request.
  Time since last request: 2.088069 seconds.
  path: Assets/Todo/Eric/Assets/ModularSet
  artifactKey: Guid(240091a9d32f1d4449c969e59ff43cf0) Importer(815301076,1909f56bfc062723c751e8b465ee728b)
Start importing Assets/Todo/Eric/Assets/ModularSet using Guid(240091a9d32f1d4449c969e59ff43cf0) Importer(815301076,1909f56bfc062723c751e8b465ee728b)  -> (artifact id: 'f7acec01925a51ce5b13b8bea4da3168') in 0.017079 seconds 
========================================================================
Received Import Request.
  Time since last request: 2.719684 seconds.
  path: Assets/Todo/Eric/Assets/ModularSet/ModularSet
  artifactKey: Guid(f314445a45553704899809ee267fa673) Importer(815301076,1909f56bfc062723c751e8b465ee728b)
Start importing Assets/Todo/Eric/Assets/ModularSet/ModularSet using Guid(f314445a45553704899809ee267fa673) Importer(815301076,1909f56bfc062723c751e8b465ee728b)  -> (artifact id: '07186277d8e6d1172b0f002f7762d710') in 0.003572 seconds 
========================================================================
Received Import Request.
  Time since last request: 0.040470 seconds.
  path: Assets/Todo/Eric/Assets/ModularSet/ModularSet/New Material.mat
  artifactKey: Guid(961611151a203534c8c8f0ba25c11d2e) Importer(815301076,1909f56bfc062723c751e8b465ee728b)
Start importing Assets/Todo/Eric/Assets/ModularSet/ModularSet/New Material.mat using Guid(961611151a203534c8c8f0ba25c11d2e) Importer(815301076,1909f56bfc062723c751e8b465ee728b)  -> (artifact id: '1aa2f1bcf1ebf381fd6e5f0fb076e0c8') in 0.120513 seconds 
========================================================================
Received Import Request.
  Time since last request: 2.275278 seconds.
  path: Assets/Todo/Eric/Assets/ModularSet/ModularSet/Meshes
  artifactKey: Guid(a8892dcf94c96bc4cb0e082c47dbd0fd) Importer(815301076,1909f56bfc062723c751e8b465ee728b)
Start importing Assets/Todo/Eric/Assets/ModularSet/ModularSet/Meshes using Guid(a8892dcf94c96bc4cb0e082c47dbd0fd) Importer(815301076,1909f56bfc062723c751e8b465ee728b)  -> (artifact id: '25e065e6e6998625fcf6c6fdbd4a7ed4') in 0.016799 seconds 
========================================================================
Received Import Request.
  Time since last request: 0.039383 seconds.
  path: Assets/Todo/Eric/Assets/ModularSet/ModularSet/Meshes/1.mat
  artifactKey: Guid(d79f945520e6c89448d4733db57bd8dc) Importer(815301076,1909f56bfc062723c751e8b465ee728b)
Start importing Assets/Todo/Eric/Assets/ModularSet/ModularSet/Meshes/1.mat using Guid(d79f945520e6c89448d4733db57bd8dc) Importer(815301076,1909f56bfc062723c751e8b465ee728b)  -> (artifact id: 'cf5d497eb747696d06a44ca66eeff32f') in 0.021775 seconds 
========================================================================
Received Import Request.
  Time since last request: 0.000022 seconds.
  path: Assets/Todo/Eric/Assets/ModularSet/ModularSet/Meshes/PF_Window.prefab
  artifactKey: Guid(10d62b7d9c171ae4ab74bfd0b6171a18) Importer(815301076,1909f56bfc062723c751e8b465ee728b)
Start importing Assets/Todo/Eric/Assets/ModularSet/ModularSet/Meshes/PF_Window.prefab using Guid(10d62b7d9c171ae4ab74bfd0b6171a18) Importer(815301076,1909f56bfc062723c751e8b465ee728b)  -> (artifact id: '6834aee5d07b7bcde926928cc3e37690') in 0.256726 seconds 
========================================================================
Received Import Request.
  Time since last request: 0.000076 seconds.
  path: Assets/Todo/Eric/Assets/ModularSet/ModularSet/Meshes/SM_Wall_3x3_B.fbx
  artifactKey: Guid(6d652eaa50c863b40b4c93184ea4818d) Importer(815301076,1909f56bfc062723c751e8b465ee728b)
Start importing Assets/Todo/Eric/Assets/ModularSet/ModularSet/Meshes/SM_Wall_3x3_B.fbx using Guid(6d652eaa50c863b40b4c93184ea4818d) Importer(815301076,1909f56bfc062723c751e8b465ee728b)  -> (artifact id: 'e267d0f6593d284970747859c2ce526d') in 0.088989 seconds 
========================================================================
Received Import Request.
  Time since last request: 0.000116 seconds.
  path: Assets/Todo/Eric/Assets/ModularSet/ModularSet/Meshes/PF_FloorC.prefab
  artifactKey: Guid(7a4381b3cbde10d43abdfabb4ddcbcb0) Importer(815301076,1909f56bfc062723c751e8b465ee728b)
Start importing Assets/Todo/Eric/Assets/ModularSet/ModularSet/Meshes/PF_FloorC.prefab using Guid(7a4381b3cbde10d43abdfabb4ddcbcb0) Importer(815301076,1909f56bfc062723c751e8b465ee728b)  -> (artifact id: 'a48afd86659ae68a1ebc7676116934ea') in 0.320025 seconds 
========================================================================
Received Import Request.
  Time since last request: 0.000055 seconds.
  path: Assets/Todo/Eric/Assets/ModularSet/ModularSet/Meshes/PF_RoofC.prefab
  artifactKey: Guid(d9d7a82bdc59bfa46b3d19fbaceb5617) Importer(815301076,1909f56bfc062723c751e8b465ee728b)
Start importing Assets/Todo/Eric/Assets/ModularSet/ModularSet/Meshes/PF_RoofC.prefab using Guid(d9d7a82bdc59bfa46b3d19fbaceb5617) Importer(815301076,1909f56bfc062723c751e8b465ee728b)  -> (artifact id: '8187ac627a4faa19d055ad44ac82793b') in 0.038229 seconds 
========================================================================
Received Import Request.
  Time since last request: 0.000063 seconds.
  path: Assets/Todo/Eric/Assets/ModularSet/ModularSet/Meshes/SM_Column_B.fbx
  artifactKey: Guid(81615667972f5cf4d8114b00f0909349) Importer(815301076,1909f56bfc062723c751e8b465ee728b)
Start importing Assets/Todo/Eric/Assets/ModularSet/ModularSet/Meshes/SM_Column_B.fbx using Guid(81615667972f5cf4d8114b00f0909349) Importer(815301076,1909f56bfc062723c751e8b465ee728b)  -> (artifact id: '950215fdb99926c4980c52263c11726b') in 0.032830 seconds 
========================================================================
Received Import Request.
  Time since last request: 0.000024 seconds.
  path: Assets/Todo/Eric/Assets/ModularSet/ModularSet/Meshes/PF_WallC.prefab
  artifactKey: Guid(7cded80a26195834abc47f4cee82f94f) Importer(815301076,1909f56bfc062723c751e8b465ee728b)
Start importing Assets/Todo/Eric/Assets/ModularSet/ModularSet/Meshes/PF_WallC.prefab using Guid(7cded80a26195834abc47f4cee82f94f) Importer(815301076,1909f56bfc062723c751e8b465ee728b)  -> (artifact id: '3ab1a670feabdeb4956c94aaf89fc3fa') in 0.250026 seconds 
========================================================================
Received Import Request.
  Time since last request: 0.000075 seconds.
  path: Assets/Todo/Eric/Assets/ModularSet/ModularSet/Meshes/PF_FloorB.prefab
  artifactKey: Guid(37f3d882a3129954b9721bfb4c2a92e7) Importer(815301076,1909f56bfc062723c751e8b465ee728b)
Start importing Assets/Todo/Eric/Assets/ModularSet/ModularSet/Meshes/PF_FloorB.prefab using Guid(37f3d882a3129954b9721bfb4c2a92e7) Importer(815301076,1909f56bfc062723c751e8b465ee728b)  -> (artifact id: 'dd37c4872ea014579a8a4dbd12f3476b') in 0.056722 seconds 
========================================================================
Received Import Request.
  Time since last request: 0.000054 seconds.
  path: Assets/Todo/Eric/Assets/ModularSet/ModularSet/Meshes/SM_Roof_3x3_B.fbx
  artifactKey: Guid(0c70fec2266e67d4ba4030bc091c80d6) Importer(815301076,1909f56bfc062723c751e8b465ee728b)
Start importing Assets/Todo/Eric/Assets/ModularSet/ModularSet/Meshes/SM_Roof_3x3_B.fbx using Guid(0c70fec2266e67d4ba4030bc091c80d6) Importer(815301076,1909f56bfc062723c751e8b465ee728b)  -> (artifact id: '1591f08e84fdad77e1059bf8b5f7de59') in 0.039448 seconds 
========================================================================
Received Import Request.
  Time since last request: 0.000114 seconds.
  path: Assets/Todo/Eric/Assets/ModularSet/ModularSet/Meshes/SM_Roof_3x3_C.fbx
  artifactKey: Guid(2e0d2acf229eefc4dac507e5d4839bcd) Importer(815301076,1909f56bfc062723c751e8b465ee728b)
Start importing Assets/Todo/Eric/Assets/ModularSet/ModularSet/Meshes/SM_Roof_3x3_C.fbx using Guid(2e0d2acf229eefc4dac507e5d4839bcd) Importer(815301076,1909f56bfc062723c751e8b465ee728b)  -> (artifact id: 'becf4e0027b1ba05a8b51da770b2b29f') in 0.043736 seconds 
========================================================================
Received Import Request.
  Time since last request: 0.000047 seconds.
  path: Assets/Todo/Eric/Assets/ModularSet/ModularSet/Meshes/PF_RoofB.prefab
  artifactKey: Guid(b8f5715f2ce165342ad3d18f62f58822) Importer(815301076,1909f56bfc062723c751e8b465ee728b)
Start importing Assets/Todo/Eric/Assets/ModularSet/ModularSet/Meshes/PF_RoofB.prefab using Guid(b8f5715f2ce165342ad3d18f62f58822) Importer(815301076,1909f56bfc062723c751e8b465ee728b)  -> (artifact id: 'b8257ae5f9f526030b1c7e46a5324bff') in 0.052380 seconds 
========================================================================
Received Import Request.
  Time since last request: 0.000042 seconds.
  path: Assets/Todo/Eric/Assets/ModularSet/ModularSet/Meshes/PF_WallB.prefab
  artifactKey: Guid(c0ab90ec422cb1946badc5d308907be0) Importer(815301076,1909f56bfc062723c751e8b465ee728b)
Start importing Assets/Todo/Eric/Assets/ModularSet/ModularSet/Meshes/PF_WallB.prefab using Guid(c0ab90ec422cb1946badc5d308907be0) Importer(815301076,1909f56bfc062723c751e8b465ee728b)  -> (artifact id: '97f5f2d27d068cba819ea58a4ab3e62e') in 0.049291 seconds 
========================================================================
Received Prepare
Registering precompiled user dll's ...
Registered in 0.008725 seconds.
Begin MonoManager ReloadAssembly
Native extension for WindowsStandalone target not found
Native extension for WebGL target not found
Refreshing native plugins compatible for Editor in 1.08 ms, found 2 plugins.
Preloading 0 native plugins for Editor in 0.00 ms.
Mono: successfully reloaded assembly
- Completed reload, in  1.687 seconds
Domain Reload Profiling:
	ReloadAssembly (1689ms)
		BeginReloadAssembly (195ms)
			ExecutionOrderSort (0ms)
			DisableScriptedObjects (9ms)
			BackupInstance (0ms)
			ReleaseScriptingObjects (0ms)
			CreateAndSetChildDomain (58ms)
		EndReloadAssembly (1376ms)
			LoadAssemblies (118ms)
			RebuildTransferFunctionScriptingTraits (0ms)
			SetupTypeCache (279ms)
			ReleaseScriptCaches (2ms)
			RebuildScriptCaches (57ms)
			SetupLoadedEditorAssemblies (852ms)
				LogAssemblyErrors (0ms)
				InitializePlatformSupportModulesInManaged (18ms)
				SetLoadedEditorAssemblies (1ms)
				RefreshPlugins (1ms)
				BeforeProcessingInitializeOnLoad (130ms)
				ProcessInitializeOnLoadAttributes (450ms)
				ProcessInitializeOnLoadMethodAttributes (239ms)
				AfterProcessingInitializeOnLoad (13ms)
				EditorAssembliesLoaded (0ms)
			ExecutionOrderSort2 (0ms)
			AwakeInstancesAfterBackupRestoration (16ms)
Platform modules already initialized, skipping
Shader 'MysticArsenal/MysticHSV': fallback shader 'Particles/Additive' not found
Shader 'MysticArsenal/MysticHSVSoft': fallback shader 'Particles/Additive' not found
Refreshing native plugins compatible for Editor in 8.62 ms, found 2 plugins.
Preloading 0 native plugins for Editor in 0.00 ms.
Unloading 3079 Unused Serialized files (Serialized files now loaded: 0)
Unloading 66 unused Assets / (1.3 MB). Loaded Objects now: 3627.
Memory consumption went from 142.8 MB to 141.5 MB.
Total: 13.384800 ms (FindLiveObjects: 0.539900 ms CreateObjectMapping: 0.465300 ms MarkObjects: 11.924900 ms  DeleteObjects: 0.453400 ms)

AssetImportParameters requested are different than current active one (requested -> active):
  custom:video-decoder-ogg-theora: a1e56fd34408186e4bbccfd4996cb3dc -> 
  custom:container-muxer-webm: aa71ff27fc2769a1b78a27578f13a17b -> 
  custom:container-demuxer-webm: 4f35f7cbe854078d1ac9338744f61a02 -> 
  custom:video-encoder-webm-vp8: eb34c28f22e8b96e1ab97ce403110664 -> 
  custom:audio-encoder-webm-vorbis: bf7c407c2cedff20999df2af8eb42d56 -> 
  custom:framework-win-MediaFoundation: 216162199b28c13a410421893ffa2e32 -> 
  custom:container-demuxer-ogg: 62fdf1f143b41e24485cea50d1cbac27 -> 
  custom:video-decoder-webm-vp8: 9c59270c3fd7afecdb556c50c9e8de78 -> 
  custom:audio-decoder-ogg-vorbis: bf7c407c2cedff20999df2af8eb42d56 -> 
========================================================================
Received Import Request.
  Time since last request: 174.674178 seconds.
  path: Assets/Todo/Eric/Assets/ModularSet/ModularSet/Meshes/FP_BaseMapa.prefab
  artifactKey: Guid(0b4a4d1db2411d34e81d7722c8f46be0) Importer(815301076,1909f56bfc062723c751e8b465ee728b)
Start importing Assets/Todo/Eric/Assets/ModularSet/ModularSet/Meshes/FP_BaseMapa.prefab using Guid(0b4a4d1db2411d34e81d7722c8f46be0) Importer(815301076,1909f56bfc062723c751e8b465ee728b)  -> (artifact id: '3965241b244aae4515a3f9cec44818d1') in 3.794056 seconds 
========================================================================
Received Import Request.
  Time since last request: 5.340367 seconds.
  path: Assets/Todo/Eric/Assets/ModularSet/ModularSet/Meshes/FP_BaseMapa.prefab
  artifactKey: Guid(0b4a4d1db2411d34e81d7722c8f46be0) Importer(815301076,1909f56bfc062723c751e8b465ee728b)
Start importing Assets/Todo/Eric/Assets/ModularSet/ModularSet/Meshes/FP_BaseMapa.prefab using Guid(0b4a4d1db2411d34e81d7722c8f46be0) Importer(815301076,1909f56bfc062723c751e8b465ee728b)  -> (artifact id: '604ca1c6d368fabdcddad94628e10dda') in 1.093235 seconds 
========================================================================
Received Import Request.
  Time since last request: 5.613388 seconds.
  path: Assets/Todo/Eric/Assets/ModularSet/ModularSet/Meshes/FP_BaseMapa.prefab
  artifactKey: Guid(0b4a4d1db2411d34e81d7722c8f46be0) Importer(815301076,1909f56bfc062723c751e8b465ee728b)
Start importing Assets/Todo/Eric/Assets/ModularSet/ModularSet/Meshes/FP_BaseMapa.prefab using Guid(0b4a4d1db2411d34e81d7722c8f46be0) Importer(815301076,1909f56bfc062723c751e8b465ee728b)  -> (artifact id: 'b7e45eca85410fc6ba4d2920c7053b1d') in 1.134004 seconds 
========================================================================
Received Import Request.
  Time since last request: 7.952433 seconds.
  path: Assets/Todo/Eric/Assets/ModularSet/ModularSet/Meshes/FP_BaseMapa.prefab
  artifactKey: Guid(0b4a4d1db2411d34e81d7722c8f46be0) Importer(815301076,1909f56bfc062723c751e8b465ee728b)
Start importing Assets/Todo/Eric/Assets/ModularSet/ModularSet/Meshes/FP_BaseMapa.prefab using Guid(0b4a4d1db2411d34e81d7722c8f46be0) Importer(815301076,1909f56bfc062723c751e8b465ee728b)  -> (artifact id: '466bb807ef7266edefc10f162e4c4943') in 1.007274 seconds 
========================================================================
Received Import Request.
  Time since last request: 9.476018 seconds.
  path: Assets/Todo/Eric/Assets/ModularSet/ModularSet/Meshes/FP_BaseMapa.prefab
  artifactKey: Guid(0b4a4d1db2411d34e81d7722c8f46be0) Importer(815301076,1909f56bfc062723c751e8b465ee728b)
Start importing Assets/Todo/Eric/Assets/ModularSet/ModularSet/Meshes/FP_BaseMapa.prefab using Guid(0b4a4d1db2411d34e81d7722c8f46be0) Importer(815301076,1909f56bfc062723c751e8b465ee728b)  -> (artifact id: '66fd53d886b7fa8aa4242fad9c92a0ae') in 0.599174 seconds 
========================================================================
Received Import Request.
  Time since last request: 6.656294 seconds.
  path: Assets/Todo/Eric/Assets/ModularSet/ModularSet/Meshes/FP_BaseMapa.prefab
  artifactKey: Guid(0b4a4d1db2411d34e81d7722c8f46be0) Importer(815301076,1909f56bfc062723c751e8b465ee728b)
Start importing Assets/Todo/Eric/Assets/ModularSet/ModularSet/Meshes/FP_BaseMapa.prefab using Guid(0b4a4d1db2411d34e81d7722c8f46be0) Importer(815301076,1909f56bfc062723c751e8b465ee728b)  -> (artifact id: '84efd9ba975dc59f123657533921bca5') in 0.667893 seconds 
========================================================================
Received Import Request.
  Time since last request: 7.656066 seconds.
  path: Assets/Todo/Eric/Assets/ModularSet/ModularSet/Meshes/FP_BaseMapa.prefab
  artifactKey: Guid(0b4a4d1db2411d34e81d7722c8f46be0) Importer(815301076,1909f56bfc062723c751e8b465ee728b)
Start importing Assets/Todo/Eric/Assets/ModularSet/ModularSet/Meshes/FP_BaseMapa.prefab using Guid(0b4a4d1db2411d34e81d7722c8f46be0) Importer(815301076,1909f56bfc062723c751e8b465ee728b)  -> (artifact id: '4e349431a4dd43e16a45522f52adb335') in 0.545689 seconds 
========================================================================
Received Import Request.
  Time since last request: 13.211404 seconds.
  path: Assets/Todo/Eric/Assets/ModularSet/ModularSet/Meshes/FP_BaseMapa.prefab
  artifactKey: Guid(0b4a4d1db2411d34e81d7722c8f46be0) Importer(815301076,1909f56bfc062723c751e8b465ee728b)
Start importing Assets/Todo/Eric/Assets/ModularSet/ModularSet/Meshes/FP_BaseMapa.prefab using Guid(0b4a4d1db2411d34e81d7722c8f46be0) Importer(815301076,1909f56bfc062723c751e8b465ee728b)  -> (artifact id: '9e653093432d4bfb3313cc52c4735248') in 0.719397 seconds 
========================================================================
Received Prepare
Registering precompiled user dll's ...
Registered in 0.007999 seconds.
Begin MonoManager ReloadAssembly
Native extension for WindowsStandalone target not found
Native extension for WebGL target not found
Refreshing native plugins compatible for Editor in 1.39 ms, found 2 plugins.
Preloading 0 native plugins for Editor in 0.00 ms.
Mono: successfully reloaded assembly
- Completed reload, in  1.698 seconds
Domain Reload Profiling:
	ReloadAssembly (1699ms)
		BeginReloadAssembly (188ms)
			ExecutionOrderSort (0ms)
			DisableScriptedObjects (8ms)
			BackupInstance (0ms)
			ReleaseScriptingObjects (0ms)
			CreateAndSetChildDomain (62ms)
		EndReloadAssembly (1356ms)
			LoadAssemblies (143ms)
			RebuildTransferFunctionScriptingTraits (0ms)
			SetupTypeCache (319ms)
			ReleaseScriptCaches (1ms)
			RebuildScriptCaches (55ms)
			SetupLoadedEditorAssemblies (776ms)
				LogAssemblyErrors (0ms)
				InitializePlatformSupportModulesInManaged (17ms)
				SetLoadedEditorAssemblies (1ms)
				RefreshPlugins (1ms)
				BeforeProcessingInitializeOnLoad (102ms)
				ProcessInitializeOnLoadAttributes (399ms)
				ProcessInitializeOnLoadMethodAttributes (239ms)
				AfterProcessingInitializeOnLoad (16ms)
				EditorAssembliesLoaded (1ms)
			ExecutionOrderSort2 (0ms)
			AwakeInstancesAfterBackupRestoration (16ms)
Platform modules already initialized, skipping
Shader 'MysticArsenal/MysticHSV': fallback shader 'Particles/Additive' not found
Shader 'MysticArsenal/MysticHSVSoft': fallback shader 'Particles/Additive' not found
Refreshing native plugins compatible for Editor in 9.21 ms, found 2 plugins.
Preloading 0 native plugins for Editor in 0.00 ms.
Unloading 3079 Unused Serialized files (Serialized files now loaded: 0)
Unloading 66 unused Assets / (1.3 MB). Loaded Objects now: 3643.
Memory consumption went from 146.0 MB to 144.7 MB.
Total: 11.264700 ms (FindLiveObjects: 0.378100 ms CreateObjectMapping: 0.333600 ms MarkObjects: 9.990300 ms  DeleteObjects: 0.560400 ms)

AssetImportParameters requested are different than current active one (requested -> active):
  custom:video-decoder-ogg-theora: a1e56fd34408186e4bbccfd4996cb3dc -> 
  custom:container-muxer-webm: aa71ff27fc2769a1b78a27578f13a17b -> 
  custom:container-demuxer-webm: 4f35f7cbe854078d1ac9338744f61a02 -> 
  custom:video-encoder-webm-vp8: eb34c28f22e8b96e1ab97ce403110664 -> 
  custom:audio-encoder-webm-vorbis: bf7c407c2cedff20999df2af8eb42d56 -> 
  custom:framework-win-MediaFoundation: 216162199b28c13a410421893ffa2e32 -> 
  custom:container-demuxer-ogg: 62fdf1f143b41e24485cea50d1cbac27 -> 
  custom:video-decoder-webm-vp8: 9c59270c3fd7afecdb556c50c9e8de78 -> 
  custom:audio-decoder-ogg-vorbis: bf7c407c2cedff20999df2af8eb42d56 -> 
========================================================================
Received Import Request.
  Time since last request: 41.700611 seconds.
  path: Assets/Todo/Eric/Assets/ModularSet/PreFabs
  artifactKey: Guid(14c36742f274e1142ab59fc6f428632c) Importer(815301076,1909f56bfc062723c751e8b465ee728b)
Start importing Assets/Todo/Eric/Assets/ModularSet/PreFabs using Guid(14c36742f274e1142ab59fc6f428632c) Importer(815301076,1909f56bfc062723c751e8b465ee728b)  -> (artifact id: '0f577fdae045f110f1aa92c07b11f59b') in 0.023585 seconds 
========================================================================
Received Import Request.
  Time since last request: 0.367992 seconds.
  path: Assets/Todo/Eric/Assets/ModularSet/PreFabs/PF_Border.prefab
  artifactKey: Guid(3117e6f4268d918499c62fa533b466ca) Importer(815301076,1909f56bfc062723c751e8b465ee728b)
Start importing Assets/Todo/Eric/Assets/ModularSet/PreFabs/PF_Border.prefab using Guid(3117e6f4268d918499c62fa533b466ca) Importer(815301076,1909f56bfc062723c751e8b465ee728b)  -> (artifact id: '0f207931bd1670a62ba78a2c69599ca3') in 0.109123 seconds 
========================================================================
Received Import Request.
  Time since last request: 7.725241 seconds.
  path: Assets/Todo/Eric/Assets/ModularSet/PreFabs/PF_Border.prefab
  artifactKey: Guid(3117e6f4268d918499c62fa533b466ca) Importer(815301076,1909f56bfc062723c751e8b465ee728b)
Start importing Assets/Todo/Eric/Assets/ModularSet/PreFabs/PF_Border.prefab using Guid(3117e6f4268d918499c62fa533b466ca) Importer(815301076,1909f56bfc062723c751e8b465ee728b)  -> (artifact id: 'cc96782cf72f803d4db57a71ff832714') in 0.037934 seconds 
========================================================================
Received Import Request.
  Time since last request: 4.617813 seconds.
  path: Assets/Todo/Eric/Assets/ModularSet/PreFabs/PF_BorderCorner.prefab
  artifactKey: Guid(cb2b871d9132c6f4cac177731affb96f) Importer(815301076,1909f56bfc062723c751e8b465ee728b)
Start importing Assets/Todo/Eric/Assets/ModularSet/PreFabs/PF_BorderCorner.prefab using Guid(cb2b871d9132c6f4cac177731affb96f) Importer(815301076,1909f56bfc062723c751e8b465ee728b)  -> (artifact id: '9d5396c81b2367e58495a83aa7a4b43c') in 0.036621 seconds 
========================================================================
Received Import Request.
  Time since last request: 4.719012 seconds.
  path: Assets/Todo/Eric/Assets/ModularSet/Materials
  artifactKey: Guid(f25ed817e2e5f7a4587d29f57e88df65) Importer(815301076,1909f56bfc062723c751e8b465ee728b)
Start importing Assets/Todo/Eric/Assets/ModularSet/Materials using Guid(f25ed817e2e5f7a4587d29f57e88df65) Importer(815301076,1909f56bfc062723c751e8b465ee728b)  -> (artifact id: '7595c89956a365d0b9b287641a8173d5') in 0.021666 seconds 
========================================================================
Received Import Request.
  Time since last request: 0.035903 seconds.
  path: Assets/Todo/Eric/Assets/ModularSet/Materials/M_Border.mat
  artifactKey: Guid(a97cc203c769030439757a70c648506f) Importer(815301076,1909f56bfc062723c751e8b465ee728b)
Start importing Assets/Todo/Eric/Assets/ModularSet/Materials/M_Border.mat using Guid(a97cc203c769030439757a70c648506f) Importer(815301076,1909f56bfc062723c751e8b465ee728b)  -> (artifact id: 'ed23877b4f8b37a5828b7908982a7b80') in 0.070553 seconds 
========================================================================
Received Import Request.
  Time since last request: 0.000065 seconds.
  path: Assets/Todo/Eric/Assets/ModularSet/Materials/M_FloorB.mat
  artifactKey: Guid(df8ba7827b7543445a1e33b0d740b7c0) Importer(815301076,1909f56bfc062723c751e8b465ee728b)
Start importing Assets/Todo/Eric/Assets/ModularSet/Materials/M_FloorB.mat using Guid(df8ba7827b7543445a1e33b0d740b7c0) Importer(815301076,1909f56bfc062723c751e8b465ee728b)  -> (artifact id: '2b6e2186a11a05253ff4ff4e75082894') in 0.072248 seconds 
========================================================================
Received Import Request.
  Time since last request: 0.000068 seconds.
  path: Assets/Todo/Eric/Assets/ModularSet/Materials/M_Column_C.mat
  artifactKey: Guid(5e6cba6600445c14cb07de2d9d97f96a) Importer(815301076,1909f56bfc062723c751e8b465ee728b)
Start importing Assets/Todo/Eric/Assets/ModularSet/Materials/M_Column_C.mat using Guid(5e6cba6600445c14cb07de2d9d97f96a) Importer(815301076,1909f56bfc062723c751e8b465ee728b)  -> (artifact id: '463ddd7e0dac1101f8f7a720c75369b1') in 0.083878 seconds 
========================================================================
Received Import Request.
  Time since last request: 0.000038 seconds.
  path: Assets/Todo/Eric/Assets/ModularSet/Materials/M_Wall_B.mat
  artifactKey: Guid(ac5c119d904ce714a925d61bbdd6c088) Importer(815301076,1909f56bfc062723c751e8b465ee728b)
Start importing Assets/Todo/Eric/Assets/ModularSet/Materials/M_Wall_B.mat using Guid(ac5c119d904ce714a925d61bbdd6c088) Importer(815301076,1909f56bfc062723c751e8b465ee728b)  -> (artifact id: '1b01b2d5358c31da930ffb2bf70ac419') in 0.058829 seconds 
========================================================================
Received Import Request.
  Time since last request: 0.000045 seconds.
  path: Assets/Todo/Eric/Assets/ModularSet/Materials/M_WindowMedium.mat
  artifactKey: Guid(b1f61a9390716c14186c8617d0c75d23) Importer(815301076,1909f56bfc062723c751e8b465ee728b)
Start importing Assets/Todo/Eric/Assets/ModularSet/Materials/M_WindowMedium.mat using Guid(b1f61a9390716c14186c8617d0c75d23) Importer(815301076,1909f56bfc062723c751e8b465ee728b)  -> (artifact id: '07d7c161cd2b0c94f8337ea777433850') in 0.090030 seconds 
========================================================================
Received Import Request.
  Time since last request: 0.000044 seconds.
  path: Assets/Todo/Eric/Assets/ModularSet/Materials/M_Wall_C.mat
  artifactKey: Guid(d519ebbd017b741498606a0c2649344a) Importer(815301076,1909f56bfc062723c751e8b465ee728b)
Start importing Assets/Todo/Eric/Assets/ModularSet/Materials/M_Wall_C.mat using Guid(d519ebbd017b741498606a0c2649344a) Importer(815301076,1909f56bfc062723c751e8b465ee728b)  -> (artifact id: 'f02673770ea9c3014a20b4de19283718') in 0.073389 seconds 
========================================================================
Received Import Request.
  Time since last request: 1.557267 seconds.
  path: Assets/Todo/Eric/Assets/ModularSet/Meshes
  artifactKey: Guid(f226a1f0f3b0d6642a72d0f6f902ff6c) Importer(815301076,1909f56bfc062723c751e8b465ee728b)
Start importing Assets/Todo/Eric/Assets/ModularSet/Meshes using Guid(f226a1f0f3b0d6642a72d0f6f902ff6c) Importer(815301076,1909f56bfc062723c751e8b465ee728b)  -> (artifact id: '91c6ee5305f197df0c397e7e312897ea') in 0.020814 seconds 
========================================================================
Received Import Request.
  Time since last request: 0.026603 seconds.
  path: Assets/Todo/Eric/Assets/ModularSet/Meshes/SM_Borde.fbx
  artifactKey: Guid(9ce2fbbaaa6268647b6be190d84b6018) Importer(815301076,1909f56bfc062723c751e8b465ee728b)
Start importing Assets/Todo/Eric/Assets/ModularSet/Meshes/SM_Borde.fbx using Guid(9ce2fbbaaa6268647b6be190d84b6018) Importer(815301076,1909f56bfc062723c751e8b465ee728b)  -> (artifact id: '11e449d0ad424076907a2ffd0564510f') in 0.048472 seconds 
========================================================================
Received Import Request.
  Time since last request: 10.373982 seconds.
  path: Assets/Todo/Eric/Assets/TexturaRampa
  artifactKey: Guid(0bba492a7049d374f8274f304fcfd0ef) Importer(815301076,1909f56bfc062723c751e8b465ee728b)
Start importing Assets/Todo/Eric/Assets/TexturaRampa using Guid(0bba492a7049d374f8274f304fcfd0ef) Importer(815301076,1909f56bfc062723c751e8b465ee728b)  -> (artifact id: 'c74412a037e1c8fe45c237686c461627') in 0.017883 seconds 
========================================================================
Received Import Request.
  Time since last request: 0.041247 seconds.
  path: Assets/Todo/Eric/Assets/TexturaRampa/M_RampaA.mat
  artifactKey: Guid(5001228f6a0f72348882ea67d45e83e6) Importer(815301076,1909f56bfc062723c751e8b465ee728b)
Start importing Assets/Todo/Eric/Assets/TexturaRampa/M_RampaA.mat using Guid(5001228f6a0f72348882ea67d45e83e6) Importer(815301076,1909f56bfc062723c751e8b465ee728b)  -> (artifact id: 'c8a28eff88af015b9eb6e916d0e4486d') in 0.074849 seconds 
========================================================================
Received Import Request.
  Time since last request: 0.000062 seconds.
  path: Assets/Todo/Eric/Assets/TexturaRampa/T_RampaA_Emissive.png
  artifactKey: Guid(60109f09c7a7db3489116bc1562cc60b) Importer(815301076,1909f56bfc062723c751e8b465ee728b)
Start importing Assets/Todo/Eric/Assets/TexturaRampa/T_RampaA_Emissive.png using Guid(60109f09c7a7db3489116bc1562cc60b) Importer(815301076,1909f56bfc062723c751e8b465ee728b)  -> (artifact id: '442b50289f34a62cf56ac0c131bcff99') in 0.075895 seconds 
========================================================================
Received Import Request.
  Time since last request: 0.000055 seconds.
  path: Assets/Todo/Eric/Assets/TexturaRampa/T_RampaA_Metallic.png
  artifactKey: Guid(490cb7f633f674e42aa3d650735a9c9c) Importer(815301076,1909f56bfc062723c751e8b465ee728b)
Start importing Assets/Todo/Eric/Assets/TexturaRampa/T_RampaA_Metallic.png using Guid(490cb7f633f674e42aa3d650735a9c9c) Importer(815301076,1909f56bfc062723c751e8b465ee728b)  -> (artifact id: '4627d1ebe2de57dadd21a48ce47c46c1') in 0.036687 seconds 
========================================================================
Received Import Request.
  Time since last request: 0.000036 seconds.
  path: Assets/Todo/Eric/Assets/TexturaRampa/T_RampaC_Emissive.png
  artifactKey: Guid(6919d48cce7e4864a9c0a7888e1e5b9a) Importer(815301076,1909f56bfc062723c751e8b465ee728b)
Start importing Assets/Todo/Eric/Assets/TexturaRampa/T_RampaC_Emissive.png using Guid(6919d48cce7e4864a9c0a7888e1e5b9a) Importer(815301076,1909f56bfc062723c751e8b465ee728b)  -> (artifact id: 'b99edb2985026ecfc597e5fc0c0c8129') in 0.045896 seconds 
========================================================================
Received Import Request.
  Time since last request: 1.696268 seconds.
  path: Assets/Todo/Eric/Assets/Box
  artifactKey: Guid(0767c7780d18a8b40ad917cc097ff6fa) Importer(815301076,1909f56bfc062723c751e8b465ee728b)
Start importing Assets/Todo/Eric/Assets/Box using Guid(0767c7780d18a8b40ad917cc097ff6fa) Importer(815301076,1909f56bfc062723c751e8b465ee728b)  -> (artifact id: 'a92721995f97ee7722dc8d8604a057e8') in 0.018096 seconds 
========================================================================
Received Import Request.
  Time since last request: 0.033250 seconds.
  path: Assets/Todo/Eric/Assets/Box/M_Box.mat
  artifactKey: Guid(6886865ba4c13454783843ea85469a7e) Importer(815301076,1909f56bfc062723c751e8b465ee728b)
Start importing Assets/Todo/Eric/Assets/Box/M_Box.mat using Guid(6886865ba4c13454783843ea85469a7e) Importer(815301076,1909f56bfc062723c751e8b465ee728b)  -> (artifact id: '3f1a909ed71f840771bfa233de41bd20') in 0.066873 seconds 
========================================================================
Received Import Request.
  Time since last request: 0.000105 seconds.
  path: Assets/Todo/Eric/Assets/Box/T_Box_Roughness.png
  artifactKey: Guid(e0a04143c3554b042860a4ed4e4bdb43) Importer(815301076,1909f56bfc062723c751e8b465ee728b)
Start importing Assets/Todo/Eric/Assets/Box/T_Box_Roughness.png using Guid(e0a04143c3554b042860a4ed4e4bdb43) Importer(815301076,1909f56bfc062723c751e8b465ee728b)  -> (artifact id: '0a9042f11e25e939e98c50c868bc64fe') in 0.052345 seconds 
========================================================================
Received Import Request.
  Time since last request: 0.000067 seconds.
  path: Assets/Todo/Eric/Assets/Box/SM_Box3.fbx
  artifactKey: Guid(78836e6a8d3036948898612bf2a7d571) Importer(815301076,1909f56bfc062723c751e8b465ee728b)
Start importing Assets/Todo/Eric/Assets/Box/SM_Box3.fbx using Guid(78836e6a8d3036948898612bf2a7d571) Importer(815301076,1909f56bfc062723c751e8b465ee728b)  -> (artifact id: '99f41307288c8f3178547ab9484f544e') in 0.054735 seconds 
========================================================================
Received Import Request.
  Time since last request: 0.000066 seconds.
  path: Assets/Todo/Eric/Assets/Box/SM_Box1.fbx
  artifactKey: Guid(4a59092d0ad1f444083d0f639f65b436) Importer(815301076,1909f56bfc062723c751e8b465ee728b)
Start importing Assets/Todo/Eric/Assets/Box/SM_Box1.fbx using Guid(4a59092d0ad1f444083d0f639f65b436) Importer(815301076,1909f56bfc062723c751e8b465ee728b)  -> (artifact id: '4cdec87e12cb9d6ca536dcfb45012cd2') in 0.051967 seconds 
========================================================================
Received Import Request.
  Time since last request: 9.602932 seconds.
  path: Assets/Todo/Ferran
  artifactKey: Guid(f68cb01a12dbabc45b6ae091b5bb62c3) Importer(815301076,1909f56bfc062723c751e8b465ee728b)
Start importing Assets/Todo/Ferran using Guid(f68cb01a12dbabc45b6ae091b5bb62c3) Importer(815301076,1909f56bfc062723c751e8b465ee728b)  -> (artifact id: '15953e84074a4a74876adb58c2885d63') in 0.020001 seconds 
========================================================================
Received Import Request.
  Time since last request: 0.939680 seconds.
  path: Assets/Todo/Ferran/ModularSet
  artifactKey: Guid(0149fbe890ad2e547b8719e2a8b6320c) Importer(815301076,1909f56bfc062723c751e8b465ee728b)
Start importing Assets/Todo/Ferran/ModularSet using Guid(0149fbe890ad2e547b8719e2a8b6320c) Importer(815301076,1909f56bfc062723c751e8b465ee728b)  -> (artifact id: '2f911c45b6947f6f254606e33f3d8b70') in 0.002863 seconds 
========================================================================
Received Import Request.
  Time since last request: 0.844945 seconds.
  path: Assets/Todo/Ferran/ModularSet/Meshes
  artifactKey: Guid(cf98c2802cd035b40a818dd38fbce893) Importer(815301076,1909f56bfc062723c751e8b465ee728b)
Start importing Assets/Todo/Ferran/ModularSet/Meshes using Guid(cf98c2802cd035b40a818dd38fbce893) Importer(815301076,1909f56bfc062723c751e8b465ee728b)  -> (artifact id: '237f513ae749e4f77e78380ee6dfe0c3') in 0.003507 seconds 
========================================================================
Received Import Request.
  Time since last request: 0.631503 seconds.
  path: Assets/Todo/Ferran/ModularSet/PreFabs
  artifactKey: Guid(1c6bf8d96e0ad6942bbdebdea6e8a7ea) Importer(815301076,1909f56bfc062723c751e8b465ee728b)
Start importing Assets/Todo/Ferran/ModularSet/PreFabs using Guid(1c6bf8d96e0ad6942bbdebdea6e8a7ea) Importer(815301076,1909f56bfc062723c751e8b465ee728b)  -> (artifact id: '8f44057adc3407df0ee36e0d25d35bf2') in 0.004107 seconds 
========================================================================
Received Import Request.
  Time since last request: 0.051342 seconds.
  path: Assets/Todo/Ferran/ModularSet/PreFabs/PF_ColumnB.prefab
  artifactKey: Guid(69ca1fbd91aff6c4b96d59918a4457c0) Importer(815301076,1909f56bfc062723c751e8b465ee728b)
Start importing Assets/Todo/Ferran/ModularSet/PreFabs/PF_ColumnB.prefab using Guid(69ca1fbd91aff6c4b96d59918a4457c0) Importer(815301076,1909f56bfc062723c751e8b465ee728b)  -> (artifact id: '455aa1437ef910b856b57cfa60bef752') in 0.053765 seconds 
========================================================================
Received Import Request.
  Time since last request: 0.000036 seconds.
  path: Assets/Todo/Ferran/ModularSet/PreFabs/PF_WindowBig.prefab
  artifactKey: Guid(e5e9f1fb1b14bd041bfd3ecce25cbf83) Importer(815301076,1909f56bfc062723c751e8b465ee728b)
Start importing Assets/Todo/Ferran/ModularSet/PreFabs/PF_WindowBig.prefab using Guid(e5e9f1fb1b14bd041bfd3ecce25cbf83) Importer(815301076,1909f56bfc062723c751e8b465ee728b)  -> (artifact id: '499eb3b5d44e1fad2a173698e72130c5') in 0.107084 seconds 
========================================================================
Received Import Request.
  Time since last request: 7.341613 seconds.
  path: Assets/Todo/Ferran/ModularSet/PreFabs/PF_Ramo.prefab
  artifactKey: Guid(a78f4678f2c6647419b98dcff36f19fe) Importer(815301076,1909f56bfc062723c751e8b465ee728b)
Start importing Assets/Todo/Ferran/ModularSet/PreFabs/PF_Ramo.prefab using Guid(a78f4678f2c6647419b98dcff36f19fe) Importer(815301076,1909f56bfc062723c751e8b465ee728b)  -> (artifact id: '692911ba4e92a11a5350b642ed1ca101') in 0.013406 seconds 
========================================================================
Received Import Request.
  Time since last request: 6.784396 seconds.
  path: Assets/Todo/Ferran/ModularSet/PreFabs/PF_WallRamp.prefab
  artifactKey: Guid(af64d84c227282e4eb31120906f5346f) Importer(815301076,1909f56bfc062723c751e8b465ee728b)
Start importing Assets/Todo/Ferran/ModularSet/PreFabs/PF_WallRamp.prefab using Guid(af64d84c227282e4eb31120906f5346f) Importer(815301076,1909f56bfc062723c751e8b465ee728b)  -> (artifact id: '49e420b05db92f60a4f0ade143ed70c9') in 0.025388 seconds 
========================================================================
Received Import Request.
  Time since last request: 14.033744 seconds.
  path: Assets/Todo/Ferran/ModularSet/PreFabs/PF_WindowBig.prefab
  artifactKey: Guid(e5e9f1fb1b14bd041bfd3ecce25cbf83) Importer(815301076,1909f56bfc062723c751e8b465ee728b)
Start importing Assets/Todo/Ferran/ModularSet/PreFabs/PF_WindowBig.prefab using Guid(e5e9f1fb1b14bd041bfd3ecce25cbf83) Importer(815301076,1909f56bfc062723c751e8b465ee728b)  -> (artifact id: 'f8c4251523686bdaab37ab8f891f1656') in 0.032527 seconds 
========================================================================
Received Import Request.
  Time since last request: 6.308103 seconds.
  path: Assets/Todo/Ferran/ModularSet/PreFabs/PF_WindowBig.prefab
  artifactKey: Guid(e5e9f1fb1b14bd041bfd3ecce25cbf83) Importer(815301076,1909f56bfc062723c751e8b465ee728b)
Start importing Assets/Todo/Ferran/ModularSet/PreFabs/PF_WindowBig.prefab using Guid(e5e9f1fb1b14bd041bfd3ecce25cbf83) Importer(815301076,1909f56bfc062723c751e8b465ee728b)  -> (artifact id: '547907aa0e667521348e93511528e280') in 0.035051 seconds 
========================================================================
Received Prepare
Registering precompiled user dll's ...
Registered in 0.009069 seconds.
Begin MonoManager ReloadAssembly
Native extension for WindowsStandalone target not found
Native extension for WebGL target not found
Refreshing native plugins compatible for Editor in 1.20 ms, found 2 plugins.
Preloading 0 native plugins for Editor in 0.00 ms.
Mono: successfully reloaded assembly
- Completed reload, in  1.827 seconds
Domain Reload Profiling:
	ReloadAssembly (1829ms)
		BeginReloadAssembly (206ms)
			ExecutionOrderSort (0ms)
			DisableScriptedObjects (11ms)
			BackupInstance (0ms)
			ReleaseScriptingObjects (0ms)
			CreateAndSetChildDomain (76ms)
		EndReloadAssembly (1477ms)
			LoadAssemblies (120ms)
			RebuildTransferFunctionScriptingTraits (0ms)
			SetupTypeCache (320ms)
			ReleaseScriptCaches (2ms)
			RebuildScriptCaches (70ms)
			SetupLoadedEditorAssemblies (866ms)
				LogAssemblyErrors (0ms)
				InitializePlatformSupportModulesInManaged (20ms)
				SetLoadedEditorAssemblies (1ms)
				RefreshPlugins (1ms)
				BeforeProcessingInitializeOnLoad (113ms)
				ProcessInitializeOnLoadAttributes (451ms)
				ProcessInitializeOnLoadMethodAttributes (265ms)
				AfterProcessingInitializeOnLoad (15ms)
				EditorAssembliesLoaded (0ms)
			ExecutionOrderSort2 (0ms)
			AwakeInstancesAfterBackupRestoration (18ms)
Platform modules already initialized, skipping
Shader 'MysticArsenal/MysticHSV': fallback shader 'Particles/Additive' not found
Shader 'MysticArsenal/MysticHSVSoft': fallback shader 'Particles/Additive' not found
Refreshing native plugins compatible for Editor in 9.55 ms, found 2 plugins.
Preloading 0 native plugins for Editor in 0.00 ms.
Unloading 3079 Unused Serialized files (Serialized files now loaded: 0)
Unloading 66 unused Assets / (1.3 MB). Loaded Objects now: 3660.
Memory consumption went from 146.0 MB to 144.7 MB.
Total: 10.590600 ms (FindLiveObjects: 0.529500 ms CreateObjectMapping: 0.605600 ms MarkObjects: 9.089100 ms  DeleteObjects: 0.365000 ms)

AssetImportParameters requested are different than current active one (requested -> active):
  custom:video-decoder-ogg-theora: a1e56fd34408186e4bbccfd4996cb3dc -> 
  custom:container-muxer-webm: aa71ff27fc2769a1b78a27578f13a17b -> 
  custom:container-demuxer-webm: 4f35f7cbe854078d1ac9338744f61a02 -> 
  custom:video-encoder-webm-vp8: eb34c28f22e8b96e1ab97ce403110664 -> 
  custom:audio-encoder-webm-vorbis: bf7c407c2cedff20999df2af8eb42d56 -> 
  custom:framework-win-MediaFoundation: 216162199b28c13a410421893ffa2e32 -> 
  custom:container-demuxer-ogg: 62fdf1f143b41e24485cea50d1cbac27 -> 
  custom:video-decoder-webm-vp8: 9c59270c3fd7afecdb556c50c9e8de78 -> 
  custom:audio-decoder-ogg-vorbis: bf7c407c2cedff20999df2af8eb42d56 -> 
========================================================================
Received Import Request.
  Time since last request: 104.644514 seconds.
  path: Assets/Todo/Ferran/ModularSet/PreFabs/PF_ColumnB.prefab
  artifactKey: Guid(69ca1fbd91aff6c4b96d59918a4457c0) Importer(815301076,1909f56bfc062723c751e8b465ee728b)
Start importing Assets/Todo/Ferran/ModularSet/PreFabs/PF_ColumnB.prefab using Guid(69ca1fbd91aff6c4b96d59918a4457c0) Importer(815301076,1909f56bfc062723c751e8b465ee728b)  -> (artifact id: 'b224714b98341cc6f79b879ad083a479') in 0.167766 seconds 
========================================================================
Received Import Request.
  Time since last request: 5.345769 seconds.
  path: Assets/Todo/Ferran/ModularSet/PreFabs/PF_ColumnC.prefab
  artifactKey: Guid(3ae779e637e64da42b40f19cded1ad93) Importer(815301076,1909f56bfc062723c751e8b465ee728b)
Start importing Assets/Todo/Ferran/ModularSet/PreFabs/PF_ColumnC.prefab using Guid(3ae779e637e64da42b40f19cded1ad93) Importer(815301076,1909f56bfc062723c751e8b465ee728b)  -> (artifact id: '5893b1f392353d9c8598fee38f13ee05') in 0.028123 seconds 
========================================================================
Received Import Request.
  Time since last request: 0.953043 seconds.
  path: Assets/Todo/Ferran/ModularSet/PreFabs/Variations
  artifactKey: Guid(24d0f130ca6d73a4c985302cfc94287c) Importer(815301076,1909f56bfc062723c751e8b465ee728b)
Start importing Assets/Todo/Ferran/ModularSet/PreFabs/Variations using Guid(24d0f130ca6d73a4c985302cfc94287c) Importer(815301076,1909f56bfc062723c751e8b465ee728b)  -> (artifact id: '3f863ccc5fef3f0f69aeeca6e0786936') in 0.015981 seconds 
========================================================================
Received Import Request.
  Time since last request: 0.050803 seconds.
  path: Assets/Todo/Ferran/ModularSet/PreFabs/Variations/PF_4ColumnArc.prefab
  artifactKey: Guid(296338453e8173b46b93a23b88522406) Importer(815301076,1909f56bfc062723c751e8b465ee728b)
Start importing Assets/Todo/Ferran/ModularSet/PreFabs/Variations/PF_4ColumnArc.prefab using Guid(296338453e8173b46b93a23b88522406) Importer(815301076,1909f56bfc062723c751e8b465ee728b)  -> (artifact id: '2618673dd4956da67a5d397b2f53e8cf') in 0.067044 seconds 
========================================================================
Received Import Request.
  Time since last request: 0.000031 seconds.
  path: Assets/Todo/Ferran/ModularSet/PreFabs/Variations/PF_RampSmall.prefab
  artifactKey: Guid(80cc94de0f4855843bdafabfb9d12b26) Importer(815301076,1909f56bfc062723c751e8b465ee728b)
Start importing Assets/Todo/Ferran/ModularSet/PreFabs/Variations/PF_RampSmall.prefab using Guid(80cc94de0f4855843bdafabfb9d12b26) Importer(815301076,1909f56bfc062723c751e8b465ee728b)  -> (artifact id: 'eb9d763e6ac21aef0b7f310ff95a3b37') in 0.053110 seconds 
========================================================================
Received Import Request.
  Time since last request: 0.000063 seconds.
  path: Assets/Todo/Ferran/ModularSet/PreFabs/Variations/PF_RampBig.prefab
  artifactKey: Guid(fce1839b4c310bc43bc3c8e4a35dfbe3) Importer(815301076,1909f56bfc062723c751e8b465ee728b)
Start importing Assets/Todo/Ferran/ModularSet/PreFabs/Variations/PF_RampBig.prefab using Guid(fce1839b4c310bc43bc3c8e4a35dfbe3) Importer(815301076,1909f56bfc062723c751e8b465ee728b)  -> (artifact id: 'c888b4ddbff04f49c361a33a5cc5a835') in 0.054123 seconds 
========================================================================
Received Import Request.
  Time since last request: 0.000060 seconds.
  path: Assets/Todo/Ferran/ModularSet/PreFabs/Variations/PF_WallBC+Win+ColBB+4Arc.prefab
  artifactKey: Guid(fcc2548211fdb5f45a84727b544fe705) Importer(815301076,1909f56bfc062723c751e8b465ee728b)
Start importing Assets/Todo/Ferran/ModularSet/PreFabs/Variations/PF_WallBC+Win+ColBB+4Arc.prefab using Guid(fcc2548211fdb5f45a84727b544fe705) Importer(815301076,1909f56bfc062723c751e8b465ee728b)  -> (artifact id: 'c24bb1d5c6e5c854cf382662ab7f8f84') in 0.228023 seconds 
========================================================================
Received Import Request.
  Time since last request: 0.000067 seconds.
  path: Assets/Todo/Ferran/ModularSet/PreFabs/Variations/PF_ColumnBB.prefab
  artifactKey: Guid(1fa11ae175768df4588fd37e51e36a01) Importer(815301076,1909f56bfc062723c751e8b465ee728b)
Start importing Assets/Todo/Ferran/ModularSet/PreFabs/Variations/PF_ColumnBB.prefab using Guid(1fa11ae175768df4588fd37e51e36a01) Importer(815301076,1909f56bfc062723c751e8b465ee728b)  -> (artifact id: 'ca513af0e5047a7483480e5c54b906f5') in 0.072263 seconds 
========================================================================
Received Import Request.
  Time since last request: 0.000056 seconds.
  path: Assets/Todo/Ferran/ModularSet/PreFabs/Variations/PF_ColumnBC.prefab
  artifactKey: Guid(03c3cc0bfd0b8e443853de58470688f6) Importer(815301076,1909f56bfc062723c751e8b465ee728b)
Start importing Assets/Todo/Ferran/ModularSet/PreFabs/Variations/PF_ColumnBC.prefab using Guid(03c3cc0bfd0b8e443853de58470688f6) Importer(815301076,1909f56bfc062723c751e8b465ee728b)  -> (artifact id: '040bbb5933985231ee9097a10a2fff33') in 0.118353 seconds 
========================================================================
Received Import Request.
  Time since last request: 0.000061 seconds.
  path: Assets/Todo/Ferran/ModularSet/PreFabs/Variations/PF_WallAC+ColBC.prefab
  artifactKey: Guid(7c2e9e9fc3d7a58498e7c50d6aca0d87) Importer(815301076,1909f56bfc062723c751e8b465ee728b)
Start importing Assets/Todo/Ferran/ModularSet/PreFabs/Variations/PF_WallAC+ColBC.prefab using Guid(7c2e9e9fc3d7a58498e7c50d6aca0d87) Importer(815301076,1909f56bfc062723c751e8b465ee728b)  -> (artifact id: '2eefc46846a312af781448231d87ea2c') in 0.188396 seconds 
========================================================================
Received Import Request.
  Time since last request: 0.000051 seconds.
  path: Assets/Todo/Ferran/ModularSet/PreFabs/Variations/PF_WallAC+Win+ColBC.prefab
  artifactKey: Guid(2503506e3e0216845b8d477efdbb0c13) Importer(815301076,1909f56bfc062723c751e8b465ee728b)
Start importing Assets/Todo/Ferran/ModularSet/PreFabs/Variations/PF_WallAC+Win+ColBC.prefab using Guid(2503506e3e0216845b8d477efdbb0c13) Importer(815301076,1909f56bfc062723c751e8b465ee728b)  -> (artifact id: 'f0025a7e317881219dea4627bb4a0b32') in 0.224447 seconds 
========================================================================
Received Import Request.
  Time since last request: 0.000077 seconds.
  path: Assets/Todo/Ferran/ModularSet/PreFabs/Variations/PF_WallBC+Column.prefab
  artifactKey: Guid(b36efdf584eaddc4ab2f68bea75e43ce) Importer(815301076,1909f56bfc062723c751e8b465ee728b)
Start importing Assets/Todo/Ferran/ModularSet/PreFabs/Variations/PF_WallBC+Column.prefab using Guid(b36efdf584eaddc4ab2f68bea75e43ce) Importer(815301076,1909f56bfc062723c751e8b465ee728b)  -> (artifact id: 'c7e363194634c32f5aca8ca337c221b0') in 0.181370 seconds 
========================================================================
Received Import Request.
  Time since last request: 0.000220 seconds.
  path: Assets/Todo/Ferran/ModularSet/PreFabs/Variations/PF_WallBC+2CoBB.prefab
  artifactKey: Guid(907df1fffe8cadf47bc16c36a769b743) Importer(815301076,1909f56bfc062723c751e8b465ee728b)
Start importing Assets/Todo/Ferran/ModularSet/PreFabs/Variations/PF_WallBC+2CoBB.prefab using Guid(907df1fffe8cadf47bc16c36a769b743) Importer(815301076,1909f56bfc062723c751e8b465ee728b)  -> (artifact id: 'd3f182312ee13f14b9bb9bfc598c7721') in 0.152885 seconds 
========================================================================
Received Import Request.
  Time since last request: 0.000124 seconds.
  path: Assets/Todo/Ferran/ModularSet/PreFabs/Variations/PF_WallBUnderBridge.prefab
  artifactKey: Guid(fb2536e2162840547a46a4ed35a0a7ad) Importer(815301076,1909f56bfc062723c751e8b465ee728b)
Start importing Assets/Todo/Ferran/ModularSet/PreFabs/Variations/PF_WallBUnderBridge.prefab using Guid(fb2536e2162840547a46a4ed35a0a7ad) Importer(815301076,1909f56bfc062723c751e8b465ee728b)  -> (artifact id: '06341fcaf3f35e64cb91a16e3d4a3134') in 0.108553 seconds 
Editor requested this worker to shutdown with reason: Scaling down because of idle timeout
AssetImportWorker is now disconnected from the server
Process exiting
Exiting without the bug reporter. Application will terminate with return code 0