
=== Tue Jul 18 13:21:22 2023

Packages were changed.
Update Mode: updateDependencies

The following packages were updated:
  com.unity.ads from version 3.5.2 to 3.7.5
  com.unity.analytics from version 3.5.3 to 3.6.12
  com.unity.animation.rigging from version 1.0.3 to 1.1.1
  com.unity.cinemachine from version 2.7.2 to 2.8.6
  com.unity.collab-proxy from version 1.3.9 to 1.15.18
  com.unity.ide.rider from version 3.0.5 to 3.0.15
  com.unity.ide.visualstudio from version 2.0.7 to 2.0.16
  com.unity.ide.vscode from version 1.2.3 to 1.2.5
  com.unity.postprocessing from version 3.1.0 to 3.2.2
  com.unity.purchasing from version 3.0.1 to 4.1.5
  com.unity.test-framework from version 1.1.22 to 1.1.31
  com.unity.textmeshpro from version 3.0.4 to 3.0.6
  com.unity.timeline from version 1.5.2 to 1.6.4
  com.unity.xr.legacyinputhelpers from version 2.1.7 to 2.1.9
The following packages were removed:
  com.unity.multiplayer-hlapi@1.0.6
